<?xml version="1.0" encoding="UTF-8"?>
<!-- Generated by org.testng.reporters.JUnitXMLReporter -->
<testsuite ignored="22" hostname="DESKTOP-VGN6VUA" failures="40" tests="50" name="Surefire test" time="1067.833" errors="0" timestamp="2025-01-29T18:54:47 IST">
  <testcase classname="tests.ImportAllMastersTest" name="@BeforeClass setup" time="41.096">
    <failure type="java.lang.AssertionError" message="Expected condition failed: waiting for visibility of element located by By.xpath: //input[@formcontrolname=&amp;apos;email&amp;apos;] (tried for 30 second(s) with 500 milliseconds interval)">
      <![CDATA[java.lang.AssertionError: Expected condition failed: waiting for visibility of element located by By.xpath: //input[@formcontrolname='email'] (tried for 30 second(s) with 500 milliseconds interval)
at web.pages.BaseMethods.waitForElementVisibility(BaseMethods.java:152)
at web.pages.BaseMethods.enterData(BaseMethods.java:248)
at web.pages.LoginSignUPPage.userLoginn(LoginSignUPPage.java:84)
at tests.ImportAllMastersTest.setup(ImportAllMastersTest.java:28)
at java.base/java.util.ArrayList.forEach(ArrayList.java:1596)
... Removed 29 stack frames]]>
    </failure>
  </testcase> <!-- @BeforeClass setup -->
  <testcase classname="tests.BaseTest" name="@AfterClass tearDown" time="0.0">
    <skipped/>
  </testcase> <!-- @AfterClass tearDown -->
  <testcase classname="tests.MyLoadTest" name="@BeforeClass setup" time="39.219">
    <failure type="java.lang.AssertionError" message="Expected condition failed: waiting for visibility of element located by By.xpath: //input[@formcontrolname=&amp;apos;email&amp;apos;] (tried for 30 second(s) with 500 milliseconds interval)">
      <![CDATA[java.lang.AssertionError: Expected condition failed: waiting for visibility of element located by By.xpath: //input[@formcontrolname='email'] (tried for 30 second(s) with 500 milliseconds interval)
at web.pages.BaseMethods.waitForElementVisibility(BaseMethods.java:152)
at web.pages.BaseMethods.enterData(BaseMethods.java:248)
at web.pages.LoginSignUPPage.userLoginn(LoginSignUPPage.java:84)
at tests.MyLoadTest.setup(MyLoadTest.java:23)
at java.base/java.util.ArrayList.forEach(ArrayList.java:1596)
... Removed 29 stack frames]]>
    </failure>
  </testcase> <!-- @BeforeClass setup -->
  <testcase classname="tests.BaseTest" name="@AfterClass tearDown" time="0.0">
    <skipped/>
  </testcase> <!-- @AfterClass tearDown -->
  <testcase classname="tests.CloseLoadScenariosTest" name="VerifyiClientIsAbleToCloseCustomerLoadToVendor" time="22.49">
    <failure type="java.lang.AssertionError" message="Expected condition failed: waiting for visibility of element located by By.xpath: //span[normalize-space()=&amp;apos;Create Load&amp;apos;] (tried for 20 second(s) with 500 milliseconds interval)
Build info: version: &amp;apos;4.21.0&amp;apos;, revision: &amp;apos;79ed462ef4&amp;apos;
System info: os.name: &amp;apos;Windows 10&amp;apos;, os.arch: &amp;apos;amd64&amp;apos;, os.version: &amp;apos;10.0&amp;apos;, java.version: &amp;apos;21&amp;apos;
Driver info: org.openqa.selenium.chrome.ChromeDriver
Capabilities {acceptInsecureCerts: true, browserName: chrome, browserVersion: 132.0.6834.111, chrome: {chromedriverVersion: 132.0.6834.159 (2d77d3fc445..., userDataDir: C:\Users\dell\AppData\Local...}, fedcm:accounts: true, goog:chromeOptions: {debuggerAddress: localhost:52216}, networkConnectionEnabled: false, pageLoadStrategy: normal, platformName: windows, proxy: Proxy(), se:cdp: ws://localhost:52216/devtoo..., se:cdpVersion: 132.0.6834.111, setWindowRect: true, strictFileInteractability: false, timeouts: {implicit: 0, pageLoad: 300000, script: 30000}, unhandledPromptBehavior: dismiss and notify, webauthn:extension:credBlob: true, webauthn:extension:largeBlob: true, webauthn:extension:minPinLength: true, webauthn:extension:prf: true, webauthn:virtualAuthenticators: true}
Session ID: 6be948eeb886a87e6063fa8cb7e39971">
      <![CDATA[java.lang.AssertionError: Expected condition failed: waiting for visibility of element located by By.xpath: //span[normalize-space()='Create Load'] (tried for 20 second(s) with 500 milliseconds interval)
Build info: version: '4.21.0', revision: '79ed462ef4'
System info: os.name: 'Windows 10', os.arch: 'amd64', os.version: '10.0', java.version: '21'
Driver info: org.openqa.selenium.chrome.ChromeDriver
Capabilities {acceptInsecureCerts: true, browserName: chrome, browserVersion: 132.0.6834.111, chrome: {chromedriverVersion: 132.0.6834.159 (2d77d3fc445..., userDataDir: C:\Users\dell\AppData\Local...}, fedcm:accounts: true, goog:chromeOptions: {debuggerAddress: localhost:52216}, networkConnectionEnabled: false, pageLoadStrategy: normal, platformName: windows, proxy: Proxy(), se:cdp: ws://localhost:52216/devtoo..., se:cdpVersion: 132.0.6834.111, setWindowRect: true, strictFileInteractability: false, timeouts: {implicit: 0, pageLoad: 300000, script: 30000}, unhandledPromptBehavior: dismiss and notify, webauthn:extension:credBlob: true, webauthn:extension:largeBlob: true, webauthn:extension:minPinLength: true, webauthn:extension:prf: true, webauthn:virtualAuthenticators: true}
Session ID: 6be948eeb886a87e6063fa8cb7e39971
at web.pages.BaseMethods.waitForElementVisibility(BaseMethods.java:152)
at web.pages.BaseMethods.clickElement(BaseMethods.java:299)
at web.pages.CreateLoadPage.createLoadByDropdown(CreateLoadPage.java:173)
at tests.CloseLoadScenariosTest.VerifyiClientIsAbleToCloseCustomerLoadToVendor(CloseLoadScenariosTest.java:71)
at java.base/java.util.ArrayList.forEach(ArrayList.java:1596)
... Removed 31 stack frames]]>
    </failure>
  </testcase> <!-- VerifyiClientIsAbleToCloseCustomerLoadToVendor -->
  <testcase classname="tests.CloseLoadScenariosTest" name="VerifyiClientIsAbleToCloseCustomerLoadToDriver" time="22.078">
    <failure type="java.lang.AssertionError" message="Expected condition failed: waiting for visibility of element located by By.xpath: //span[normalize-space()=&amp;apos;Create Load&amp;apos;] (tried for 20 second(s) with 500 milliseconds interval)
Build info: version: &amp;apos;4.21.0&amp;apos;, revision: &amp;apos;79ed462ef4&amp;apos;
System info: os.name: &amp;apos;Windows 10&amp;apos;, os.arch: &amp;apos;amd64&amp;apos;, os.version: &amp;apos;10.0&amp;apos;, java.version: &amp;apos;21&amp;apos;
Driver info: org.openqa.selenium.chrome.ChromeDriver
Capabilities {acceptInsecureCerts: true, browserName: chrome, browserVersion: 132.0.6834.111, chrome: {chromedriverVersion: 132.0.6834.159 (2d77d3fc445..., userDataDir: C:\Users\dell\AppData\Local...}, fedcm:accounts: true, goog:chromeOptions: {debuggerAddress: localhost:52216}, networkConnectionEnabled: false, pageLoadStrategy: normal, platformName: windows, proxy: Proxy(), se:cdp: ws://localhost:52216/devtoo..., se:cdpVersion: 132.0.6834.111, setWindowRect: true, strictFileInteractability: false, timeouts: {implicit: 0, pageLoad: 300000, script: 30000}, unhandledPromptBehavior: dismiss and notify, webauthn:extension:credBlob: true, webauthn:extension:largeBlob: true, webauthn:extension:minPinLength: true, webauthn:extension:prf: true, webauthn:virtualAuthenticators: true}
Session ID: 6be948eeb886a87e6063fa8cb7e39971">
      <![CDATA[java.lang.AssertionError: Expected condition failed: waiting for visibility of element located by By.xpath: //span[normalize-space()='Create Load'] (tried for 20 second(s) with 500 milliseconds interval)
Build info: version: '4.21.0', revision: '79ed462ef4'
System info: os.name: 'Windows 10', os.arch: 'amd64', os.version: '10.0', java.version: '21'
Driver info: org.openqa.selenium.chrome.ChromeDriver
Capabilities {acceptInsecureCerts: true, browserName: chrome, browserVersion: 132.0.6834.111, chrome: {chromedriverVersion: 132.0.6834.159 (2d77d3fc445..., userDataDir: C:\Users\dell\AppData\Local...}, fedcm:accounts: true, goog:chromeOptions: {debuggerAddress: localhost:52216}, networkConnectionEnabled: false, pageLoadStrategy: normal, platformName: windows, proxy: Proxy(), se:cdp: ws://localhost:52216/devtoo..., se:cdpVersion: 132.0.6834.111, setWindowRect: true, strictFileInteractability: false, timeouts: {implicit: 0, pageLoad: 300000, script: 30000}, unhandledPromptBehavior: dismiss and notify, webauthn:extension:credBlob: true, webauthn:extension:largeBlob: true, webauthn:extension:minPinLength: true, webauthn:extension:prf: true, webauthn:virtualAuthenticators: true}
Session ID: 6be948eeb886a87e6063fa8cb7e39971
at web.pages.BaseMethods.waitForElementVisibility(BaseMethods.java:152)
at web.pages.BaseMethods.clickElement(BaseMethods.java:299)
at web.pages.CreateLoadPage.createLoadByDropdown(CreateLoadPage.java:173)
at tests.CloseLoadScenariosTest.VerifyiClientIsAbleToCloseCustomerLoadToDriver(CloseLoadScenariosTest.java:51)
at java.base/java.util.ArrayList.forEach(ArrayList.java:1596)
... Removed 31 stack frames]]>
    </failure>
  </testcase> <!-- VerifyiClientIsAbleToCloseCustomerLoadToDriver -->
  <testcase classname="tests.CloseLoadScenariosTest" name="VerifyiClientIsAbleToCloseCustomerLoadToBoth" time="22.137">
    <failure type="java.lang.AssertionError" message="Expected condition failed: waiting for visibility of element located by By.xpath: //span[normalize-space()=&amp;apos;Create Load&amp;apos;] (tried for 20 second(s) with 500 milliseconds interval)
Build info: version: &amp;apos;4.21.0&amp;apos;, revision: &amp;apos;79ed462ef4&amp;apos;
System info: os.name: &amp;apos;Windows 10&amp;apos;, os.arch: &amp;apos;amd64&amp;apos;, os.version: &amp;apos;10.0&amp;apos;, java.version: &amp;apos;21&amp;apos;
Driver info: org.openqa.selenium.chrome.ChromeDriver
Capabilities {acceptInsecureCerts: true, browserName: chrome, browserVersion: 132.0.6834.111, chrome: {chromedriverVersion: 132.0.6834.159 (2d77d3fc445..., userDataDir: C:\Users\dell\AppData\Local...}, fedcm:accounts: true, goog:chromeOptions: {debuggerAddress: localhost:52216}, networkConnectionEnabled: false, pageLoadStrategy: normal, platformName: windows, proxy: Proxy(), se:cdp: ws://localhost:52216/devtoo..., se:cdpVersion: 132.0.6834.111, setWindowRect: true, strictFileInteractability: false, timeouts: {implicit: 0, pageLoad: 300000, script: 30000}, unhandledPromptBehavior: dismiss and notify, webauthn:extension:credBlob: true, webauthn:extension:largeBlob: true, webauthn:extension:minPinLength: true, webauthn:extension:prf: true, webauthn:virtualAuthenticators: true}
Session ID: 6be948eeb886a87e6063fa8cb7e39971">
      <![CDATA[java.lang.AssertionError: Expected condition failed: waiting for visibility of element located by By.xpath: //span[normalize-space()='Create Load'] (tried for 20 second(s) with 500 milliseconds interval)
Build info: version: '4.21.0', revision: '79ed462ef4'
System info: os.name: 'Windows 10', os.arch: 'amd64', os.version: '10.0', java.version: '21'
Driver info: org.openqa.selenium.chrome.ChromeDriver
Capabilities {acceptInsecureCerts: true, browserName: chrome, browserVersion: 132.0.6834.111, chrome: {chromedriverVersion: 132.0.6834.159 (2d77d3fc445..., userDataDir: C:\Users\dell\AppData\Local...}, fedcm:accounts: true, goog:chromeOptions: {debuggerAddress: localhost:52216}, networkConnectionEnabled: false, pageLoadStrategy: normal, platformName: windows, proxy: Proxy(), se:cdp: ws://localhost:52216/devtoo..., se:cdpVersion: 132.0.6834.111, setWindowRect: true, strictFileInteractability: false, timeouts: {implicit: 0, pageLoad: 300000, script: 30000}, unhandledPromptBehavior: dismiss and notify, webauthn:extension:credBlob: true, webauthn:extension:largeBlob: true, webauthn:extension:minPinLength: true, webauthn:extension:prf: true, webauthn:virtualAuthenticators: true}
Session ID: 6be948eeb886a87e6063fa8cb7e39971
at web.pages.BaseMethods.waitForElementVisibility(BaseMethods.java:152)
at web.pages.BaseMethods.clickElement(BaseMethods.java:299)
at web.pages.CreateLoadPage.createLoadByDropdown(CreateLoadPage.java:173)
at tests.CloseLoadScenariosTest.VerifyiClientIsAbleToCloseCustomerLoadToBoth(CloseLoadScenariosTest.java:91)
at java.base/java.util.ArrayList.forEach(ArrayList.java:1596)
... Removed 31 stack frames]]>
    </failure>
  </testcase> <!-- VerifyiClientIsAbleToCloseCustomerLoadToBoth -->
  <testcase classname="tests.CloseLoadScenariosTest" name="VerifyiClientIsAbleToCloseMyLoadToDriver" time="22.442">
    <failure type="java.lang.AssertionError" message="Expected condition failed: waiting for visibility of element located by By.xpath: //span[normalize-space()=&amp;apos;Create Load&amp;apos;] (tried for 20 second(s) with 500 milliseconds interval)
Build info: version: &amp;apos;4.21.0&amp;apos;, revision: &amp;apos;79ed462ef4&amp;apos;
System info: os.name: &amp;apos;Windows 10&amp;apos;, os.arch: &amp;apos;amd64&amp;apos;, os.version: &amp;apos;10.0&amp;apos;, java.version: &amp;apos;21&amp;apos;
Driver info: org.openqa.selenium.chrome.ChromeDriver
Capabilities {acceptInsecureCerts: true, browserName: chrome, browserVersion: 132.0.6834.111, chrome: {chromedriverVersion: 132.0.6834.159 (2d77d3fc445..., userDataDir: C:\Users\dell\AppData\Local...}, fedcm:accounts: true, goog:chromeOptions: {debuggerAddress: localhost:52216}, networkConnectionEnabled: false, pageLoadStrategy: normal, platformName: windows, proxy: Proxy(), se:cdp: ws://localhost:52216/devtoo..., se:cdpVersion: 132.0.6834.111, setWindowRect: true, strictFileInteractability: false, timeouts: {implicit: 0, pageLoad: 300000, script: 30000}, unhandledPromptBehavior: dismiss and notify, webauthn:extension:credBlob: true, webauthn:extension:largeBlob: true, webauthn:extension:minPinLength: true, webauthn:extension:prf: true, webauthn:virtualAuthenticators: true}
Session ID: 6be948eeb886a87e6063fa8cb7e39971">
      <![CDATA[java.lang.AssertionError: Expected condition failed: waiting for visibility of element located by By.xpath: //span[normalize-space()='Create Load'] (tried for 20 second(s) with 500 milliseconds interval)
Build info: version: '4.21.0', revision: '79ed462ef4'
System info: os.name: 'Windows 10', os.arch: 'amd64', os.version: '10.0', java.version: '21'
Driver info: org.openqa.selenium.chrome.ChromeDriver
Capabilities {acceptInsecureCerts: true, browserName: chrome, browserVersion: 132.0.6834.111, chrome: {chromedriverVersion: 132.0.6834.159 (2d77d3fc445..., userDataDir: C:\Users\dell\AppData\Local...}, fedcm:accounts: true, goog:chromeOptions: {debuggerAddress: localhost:52216}, networkConnectionEnabled: false, pageLoadStrategy: normal, platformName: windows, proxy: Proxy(), se:cdp: ws://localhost:52216/devtoo..., se:cdpVersion: 132.0.6834.111, setWindowRect: true, strictFileInteractability: false, timeouts: {implicit: 0, pageLoad: 300000, script: 30000}, unhandledPromptBehavior: dismiss and notify, webauthn:extension:credBlob: true, webauthn:extension:largeBlob: true, webauthn:extension:minPinLength: true, webauthn:extension:prf: true, webauthn:virtualAuthenticators: true}
Session ID: 6be948eeb886a87e6063fa8cb7e39971
at web.pages.BaseMethods.waitForElementVisibility(BaseMethods.java:152)
at web.pages.BaseMethods.clickElement(BaseMethods.java:299)
at web.pages.CreateLoadPage.MyLoad(CreateLoadPage.java:207)
at tests.CloseLoadScenariosTest.VerifyiClientIsAbleToCloseMyLoadToDriver(CloseLoadScenariosTest.java:109)
at java.base/java.util.ArrayList.forEach(ArrayList.java:1596)
... Removed 31 stack frames]]>
    </failure>
  </testcase> <!-- VerifyiClientIsAbleToCloseMyLoadToDriver -->
  <testcase classname="tests.CloseLoadScenariosTest" name="VerifyiClientIsAbleToCloseMyLoadToBoth" time="22.211">
    <failure type="java.lang.AssertionError" message="Expected condition failed: waiting for visibility of element located by By.xpath: //span[normalize-space()=&amp;apos;Create Load&amp;apos;] (tried for 20 second(s) with 500 milliseconds interval)
Build info: version: &amp;apos;4.21.0&amp;apos;, revision: &amp;apos;79ed462ef4&amp;apos;
System info: os.name: &amp;apos;Windows 10&amp;apos;, os.arch: &amp;apos;amd64&amp;apos;, os.version: &amp;apos;10.0&amp;apos;, java.version: &amp;apos;21&amp;apos;
Driver info: org.openqa.selenium.chrome.ChromeDriver
Capabilities {acceptInsecureCerts: true, browserName: chrome, browserVersion: 132.0.6834.111, chrome: {chromedriverVersion: 132.0.6834.159 (2d77d3fc445..., userDataDir: C:\Users\dell\AppData\Local...}, fedcm:accounts: true, goog:chromeOptions: {debuggerAddress: localhost:52216}, networkConnectionEnabled: false, pageLoadStrategy: normal, platformName: windows, proxy: Proxy(), se:cdp: ws://localhost:52216/devtoo..., se:cdpVersion: 132.0.6834.111, setWindowRect: true, strictFileInteractability: false, timeouts: {implicit: 0, pageLoad: 300000, script: 30000}, unhandledPromptBehavior: dismiss and notify, webauthn:extension:credBlob: true, webauthn:extension:largeBlob: true, webauthn:extension:minPinLength: true, webauthn:extension:prf: true, webauthn:virtualAuthenticators: true}
Session ID: 6be948eeb886a87e6063fa8cb7e39971">
      <![CDATA[java.lang.AssertionError: Expected condition failed: waiting for visibility of element located by By.xpath: //span[normalize-space()='Create Load'] (tried for 20 second(s) with 500 milliseconds interval)
Build info: version: '4.21.0', revision: '79ed462ef4'
System info: os.name: 'Windows 10', os.arch: 'amd64', os.version: '10.0', java.version: '21'
Driver info: org.openqa.selenium.chrome.ChromeDriver
Capabilities {acceptInsecureCerts: true, browserName: chrome, browserVersion: 132.0.6834.111, chrome: {chromedriverVersion: 132.0.6834.159 (2d77d3fc445..., userDataDir: C:\Users\dell\AppData\Local...}, fedcm:accounts: true, goog:chromeOptions: {debuggerAddress: localhost:52216}, networkConnectionEnabled: false, pageLoadStrategy: normal, platformName: windows, proxy: Proxy(), se:cdp: ws://localhost:52216/devtoo..., se:cdpVersion: 132.0.6834.111, setWindowRect: true, strictFileInteractability: false, timeouts: {implicit: 0, pageLoad: 300000, script: 30000}, unhandledPromptBehavior: dismiss and notify, webauthn:extension:credBlob: true, webauthn:extension:largeBlob: true, webauthn:extension:minPinLength: true, webauthn:extension:prf: true, webauthn:virtualAuthenticators: true}
Session ID: 6be948eeb886a87e6063fa8cb7e39971
at web.pages.BaseMethods.waitForElementVisibility(BaseMethods.java:152)
at web.pages.BaseMethods.clickElement(BaseMethods.java:299)
at web.pages.CreateLoadPage.MyLoad(CreateLoadPage.java:207)
at tests.CloseLoadScenariosTest.VerifyiClientIsAbleToCloseMyLoadToBoth(CloseLoadScenariosTest.java:124)
at java.base/java.util.ArrayList.forEach(ArrayList.java:1596)
... Removed 31 stack frames]]>
    </failure>
  </testcase> <!-- VerifyiClientIsAbleToCloseMyLoadToBoth -->
  <testcase classname="tests.CloseLoadScenariosTest" name="VerifyiClientIsAbleToCloseMyLoadOfVendor" time="22.01">
    <failure type="java.lang.AssertionError" message="Expected condition failed: waiting for visibility of element located by By.xpath: //span[normalize-space()=&amp;apos;Create Load&amp;apos;] (tried for 20 second(s) with 500 milliseconds interval)
Build info: version: &amp;apos;4.21.0&amp;apos;, revision: &amp;apos;79ed462ef4&amp;apos;
System info: os.name: &amp;apos;Windows 10&amp;apos;, os.arch: &amp;apos;amd64&amp;apos;, os.version: &amp;apos;10.0&amp;apos;, java.version: &amp;apos;21&amp;apos;
Driver info: org.openqa.selenium.chrome.ChromeDriver
Capabilities {acceptInsecureCerts: true, browserName: chrome, browserVersion: 132.0.6834.111, chrome: {chromedriverVersion: 132.0.6834.159 (2d77d3fc445..., userDataDir: C:\Users\dell\AppData\Local...}, fedcm:accounts: true, goog:chromeOptions: {debuggerAddress: localhost:52216}, networkConnectionEnabled: false, pageLoadStrategy: normal, platformName: windows, proxy: Proxy(), se:cdp: ws://localhost:52216/devtoo..., se:cdpVersion: 132.0.6834.111, setWindowRect: true, strictFileInteractability: false, timeouts: {implicit: 0, pageLoad: 300000, script: 30000}, unhandledPromptBehavior: dismiss and notify, webauthn:extension:credBlob: true, webauthn:extension:largeBlob: true, webauthn:extension:minPinLength: true, webauthn:extension:prf: true, webauthn:virtualAuthenticators: true}
Session ID: 6be948eeb886a87e6063fa8cb7e39971">
      <![CDATA[java.lang.AssertionError: Expected condition failed: waiting for visibility of element located by By.xpath: //span[normalize-space()='Create Load'] (tried for 20 second(s) with 500 milliseconds interval)
Build info: version: '4.21.0', revision: '79ed462ef4'
System info: os.name: 'Windows 10', os.arch: 'amd64', os.version: '10.0', java.version: '21'
Driver info: org.openqa.selenium.chrome.ChromeDriver
Capabilities {acceptInsecureCerts: true, browserName: chrome, browserVersion: 132.0.6834.111, chrome: {chromedriverVersion: 132.0.6834.159 (2d77d3fc445..., userDataDir: C:\Users\dell\AppData\Local...}, fedcm:accounts: true, goog:chromeOptions: {debuggerAddress: localhost:52216}, networkConnectionEnabled: false, pageLoadStrategy: normal, platformName: windows, proxy: Proxy(), se:cdp: ws://localhost:52216/devtoo..., se:cdpVersion: 132.0.6834.111, setWindowRect: true, strictFileInteractability: false, timeouts: {implicit: 0, pageLoad: 300000, script: 30000}, unhandledPromptBehavior: dismiss and notify, webauthn:extension:credBlob: true, webauthn:extension:largeBlob: true, webauthn:extension:minPinLength: true, webauthn:extension:prf: true, webauthn:virtualAuthenticators: true}
Session ID: 6be948eeb886a87e6063fa8cb7e39971
at web.pages.BaseMethods.waitForElementVisibility(BaseMethods.java:152)
at web.pages.BaseMethods.clickElement(BaseMethods.java:299)
at web.pages.CreateLoadPage.MyLoad(CreateLoadPage.java:207)
at tests.CloseLoadScenariosTest.VerifyiClientIsAbleToCloseMyLoadOfVendor(CloseLoadScenariosTest.java:36)
at java.base/java.util.ArrayList.forEach(ArrayList.java:1596)
... Removed 31 stack frames]]>
    </failure>
  </testcase> <!-- VerifyiClientIsAbleToCloseMyLoadOfVendor -->
  <testcase classname="tests.CreateLoadTest" name="VerifyiClientIsAbleToCreateMyLoad" time="22.347">
    <failure type="java.lang.AssertionError" message="Expected condition failed: waiting for visibility of element located by By.xpath: //span[normalize-space()=&amp;apos;Create Load&amp;apos;] (tried for 20 second(s) with 500 milliseconds interval)">
      <![CDATA[java.lang.AssertionError: Expected condition failed: waiting for visibility of element located by By.xpath: //span[normalize-space()='Create Load'] (tried for 20 second(s) with 500 milliseconds interval)
at web.pages.BaseMethods.waitForElementVisibility(BaseMethods.java:152)
at web.pages.BaseMethods.clickElement(BaseMethods.java:299)
at web.pages.CreateLoadPage.MyLoad(CreateLoadPage.java:207)
at tests.CreateLoadTest.VerifyiClientIsAbleToCreateMyLoad(CreateLoadTest.java:39)
at java.base/java.util.ArrayList.forEach(ArrayList.java:1596)
... Removed 31 stack frames]]>
    </failure>
  </testcase> <!-- VerifyiClientIsAbleToCreateMyLoad -->
  <testcase classname="tests.CreateLoadTest" name="VerifyClientIsAbleToCreateLoadOfNewCustomer" time="22.022">
    <failure type="java.lang.AssertionError" message="Expected condition failed: waiting for visibility of element located by By.xpath: //span[normalize-space()=&amp;apos;Create Load&amp;apos;] (tried for 20 second(s) with 500 milliseconds interval)">
      <![CDATA[java.lang.AssertionError: Expected condition failed: waiting for visibility of element located by By.xpath: //span[normalize-space()='Create Load'] (tried for 20 second(s) with 500 milliseconds interval)
at web.pages.BaseMethods.waitForElementVisibility(BaseMethods.java:152)
at web.pages.BaseMethods.clickElement(BaseMethods.java:299)
at web.pages.CreateLoadPage.CustomerInfo(CreateLoadPage.java:99)
at tests.CreateLoadTest.VerifyClientIsAbleToCreateLoadOfNewCustomer(CreateLoadTest.java:51)
at java.base/java.util.ArrayList.forEach(ArrayList.java:1596)
... Removed 31 stack frames]]>
    </failure>
  </testcase> <!-- VerifyClientIsAbleToCreateLoadOfNewCustomer -->
  <testcase classname="tests.CreateLoadTest" name="CreateLoadOfExistingCustomer" time="22.499">
    <failure type="java.lang.AssertionError" message="Expected condition failed: waiting for visibility of element located by By.xpath: //span[normalize-space()=&amp;apos;Create Load&amp;apos;] (tried for 20 second(s) with 500 milliseconds interval)">
      <![CDATA[java.lang.AssertionError: Expected condition failed: waiting for visibility of element located by By.xpath: //span[normalize-space()='Create Load'] (tried for 20 second(s) with 500 milliseconds interval)
at web.pages.BaseMethods.waitForElementVisibility(BaseMethods.java:152)
at web.pages.BaseMethods.clickElement(BaseMethods.java:299)
at web.pages.CreateLoadPage.createLoadByDropdown(CreateLoadPage.java:173)
at tests.CreateLoadTest.CreateLoadOfExistingCustomer(CreateLoadTest.java:68)
at java.base/java.util.ArrayList.forEach(ArrayList.java:1596)
... Removed 31 stack frames]]>
    </failure>
  </testcase> <!-- CreateLoadOfExistingCustomer -->
  <testcase classname="tests.CreateLoadTest" name="VerifyiClientIsAbleToAssignCustomerLoadToDriver" time="22.487">
    <failure type="java.lang.AssertionError" message="Expected condition failed: waiting for visibility of element located by By.xpath: //span[normalize-space()=&amp;apos;Create Load&amp;apos;] (tried for 20 second(s) with 500 milliseconds interval)">
      <![CDATA[java.lang.AssertionError: Expected condition failed: waiting for visibility of element located by By.xpath: //span[normalize-space()='Create Load'] (tried for 20 second(s) with 500 milliseconds interval)
at web.pages.BaseMethods.waitForElementVisibility(BaseMethods.java:152)
at web.pages.BaseMethods.clickElement(BaseMethods.java:299)
at web.pages.CreateLoadPage.createLoadByDropdown(CreateLoadPage.java:173)
at tests.CreateLoadTest.VerifyiClientIsAbleToAssignCustomerLoadToDriver(CreateLoadTest.java:82)
at java.base/java.util.ArrayList.forEach(ArrayList.java:1596)
... Removed 31 stack frames]]>
    </failure>
  </testcase> <!-- VerifyiClientIsAbleToAssignCustomerLoadToDriver -->
  <testcase classname="tests.CreateLoadTest" name="VerifyiClientIsAbleToAssignCustomerLoadToVendor" time="22.024">
    <failure type="java.lang.AssertionError" message="Expected condition failed: waiting for visibility of element located by By.xpath: //span[normalize-space()=&amp;apos;Create Load&amp;apos;] (tried for 20 second(s) with 500 milliseconds interval)">
      <![CDATA[java.lang.AssertionError: Expected condition failed: waiting for visibility of element located by By.xpath: //span[normalize-space()='Create Load'] (tried for 20 second(s) with 500 milliseconds interval)
at web.pages.BaseMethods.waitForElementVisibility(BaseMethods.java:152)
at web.pages.BaseMethods.clickElement(BaseMethods.java:299)
at web.pages.CreateLoadPage.createLoadByDropdown(CreateLoadPage.java:173)
at tests.CreateLoadTest.VerifyiClientIsAbleToAssignCustomerLoadToVendor(CreateLoadTest.java:96)
at java.base/java.util.ArrayList.forEach(ArrayList.java:1596)
... Removed 31 stack frames]]>
    </failure>
  </testcase> <!-- VerifyiClientIsAbleToAssignCustomerLoadToVendor -->
  <testcase classname="tests.CreateLoadTest" name="VerifyiClientIsAbleToAssignCustomerLoadToBoth" time="22.519">
    <failure type="java.lang.AssertionError" message="Expected condition failed: waiting for visibility of element located by By.xpath: //span[normalize-space()=&amp;apos;Create Load&amp;apos;] (tried for 20 second(s) with 500 milliseconds interval)">
      <![CDATA[java.lang.AssertionError: Expected condition failed: waiting for visibility of element located by By.xpath: //span[normalize-space()='Create Load'] (tried for 20 second(s) with 500 milliseconds interval)
at web.pages.BaseMethods.waitForElementVisibility(BaseMethods.java:152)
at web.pages.BaseMethods.clickElement(BaseMethods.java:299)
at web.pages.CreateLoadPage.createLoadByDropdown(CreateLoadPage.java:173)
at tests.CreateLoadTest.VerifyiClientIsAbleToAssignCustomerLoadToBoth(CreateLoadTest.java:112)
at java.base/java.util.ArrayList.forEach(ArrayList.java:1596)
... Removed 31 stack frames]]>
    </failure>
  </testcase> <!-- VerifyiClientIsAbleToAssignCustomerLoadToBoth -->
  <testcase classname="tests.CreateLoadTest" name="VerifyiClientIsAbleToAssignMyLoadToDriver" time="22.446">
    <failure type="java.lang.AssertionError" message="Expected condition failed: waiting for visibility of element located by By.xpath: //span[normalize-space()=&amp;apos;Create Load&amp;apos;] (tried for 20 second(s) with 500 milliseconds interval)">
      <![CDATA[java.lang.AssertionError: Expected condition failed: waiting for visibility of element located by By.xpath: //span[normalize-space()='Create Load'] (tried for 20 second(s) with 500 milliseconds interval)
at web.pages.BaseMethods.waitForElementVisibility(BaseMethods.java:152)
at web.pages.BaseMethods.clickElement(BaseMethods.java:299)
at web.pages.CreateLoadPage.MyLoad(CreateLoadPage.java:207)
at tests.CreateLoadTest.VerifyiClientIsAbleToAssignMyLoadToDriver(CreateLoadTest.java:126)
at java.base/java.util.ArrayList.forEach(ArrayList.java:1596)
... Removed 31 stack frames]]>
    </failure>
  </testcase> <!-- VerifyiClientIsAbleToAssignMyLoadToDriver -->
  <testcase classname="tests.CreateLoadTest" name="VerifyiClientIsAbleToAssignMyLoadBothCases" time="22.032">
    <failure type="java.lang.AssertionError" message="Expected condition failed: waiting for visibility of element located by By.xpath: //span[normalize-space()=&amp;apos;Create Load&amp;apos;] (tried for 20 second(s) with 500 milliseconds interval)">
      <![CDATA[java.lang.AssertionError: Expected condition failed: waiting for visibility of element located by By.xpath: //span[normalize-space()='Create Load'] (tried for 20 second(s) with 500 milliseconds interval)
at web.pages.BaseMethods.waitForElementVisibility(BaseMethods.java:152)
at web.pages.BaseMethods.clickElement(BaseMethods.java:299)
at web.pages.CreateLoadPage.MyLoad(CreateLoadPage.java:207)
at tests.CreateLoadTest.VerifyiClientIsAbleToAssignMyLoadBothCases(CreateLoadTest.java:147)
at java.base/java.util.ArrayList.forEach(ArrayList.java:1596)
... Removed 31 stack frames]]>
    </failure>
  </testcase> <!-- VerifyiClientIsAbleToAssignMyLoadBothCases -->
  <testcase classname="tests.CreateLoadTest" name="VerifyiClientIsAbleToAssignMyLoadToVendor" time="22.49">
    <failure type="java.lang.AssertionError" message="Expected condition failed: waiting for visibility of element located by By.xpath: //span[normalize-space()=&amp;apos;Create Load&amp;apos;] (tried for 20 second(s) with 500 milliseconds interval)">
      <![CDATA[java.lang.AssertionError: Expected condition failed: waiting for visibility of element located by By.xpath: //span[normalize-space()='Create Load'] (tried for 20 second(s) with 500 milliseconds interval)
at web.pages.BaseMethods.waitForElementVisibility(BaseMethods.java:152)
at web.pages.BaseMethods.clickElement(BaseMethods.java:299)
at web.pages.CreateLoadPage.MyLoad(CreateLoadPage.java:207)
at tests.CreateLoadTest.VerifyiClientIsAbleToAssignMyLoadToVendor(CreateLoadTest.java:137)
at java.base/java.util.ArrayList.forEach(ArrayList.java:1596)
... Removed 31 stack frames]]>
    </failure>
  </testcase> <!-- VerifyiClientIsAbleToAssignMyLoadToVendor -->
  <testcase classname="tests.CustomerLoadTest" name="VerifyUserIsAbleToLogin" time="6.554"/>
  <testcase classname="tests.CustomerLoadTest" name="loadByDropdown" time="22.427">
    <failure type="java.lang.AssertionError" message="Expected condition failed: waiting for visibility of element located by By.xpath: //span[normalize-space()=&amp;apos;Create Load&amp;apos;] (tried for 20 second(s) with 500 milliseconds interval)">
      <![CDATA[java.lang.AssertionError: Expected condition failed: waiting for visibility of element located by By.xpath: //span[normalize-space()='Create Load'] (tried for 20 second(s) with 500 milliseconds interval)
at web.pages.BaseMethods.waitForElementVisibility(BaseMethods.java:152)
at web.pages.BaseMethods.clickElement(BaseMethods.java:299)
at web.pages.CreateLoadPage.createLoadByDropdown(CreateLoadPage.java:173)
at tests.CustomerLoadTest.loadByDropdown(CustomerLoadTest.java:33)
at java.base/java.util.ArrayList.forEach(ArrayList.java:1596)
... Removed 31 stack frames]]>
    </failure>
  </testcase> <!-- loadByDropdown -->
  <testcase classname="tests.CustomerTest" name="VerifyUserIsAbleToLogin" time="36.236">
    <failure type="java.lang.AssertionError" message="Expected condition failed: waiting for visibility of element located by By.xpath: //input[@formcontrolname=&amp;apos;email&amp;apos;] (tried for 30 second(s) with 500 milliseconds interval)">
      <![CDATA[java.lang.AssertionError: Expected condition failed: waiting for visibility of element located by By.xpath: //input[@formcontrolname='email'] (tried for 30 second(s) with 500 milliseconds interval)
at web.pages.BaseMethods.waitForElementVisibility(BaseMethods.java:152)
at web.pages.BaseMethods.enterData(BaseMethods.java:248)
at web.pages.LoginSignUPPage.userLoginn(LoginSignUPPage.java:84)
at tests.CustomerTest.VerifyUserIsAbleToLogin(CustomerTest.java:36)
at java.base/java.util.ArrayList.forEach(ArrayList.java:1596)
... Removed 31 stack frames]]>
    </failure>
  </testcase> <!-- VerifyUserIsAbleToLogin -->
  <testcase classname="tests.CustomerTest" name="VerifyUserIsAbleToAddCustomer" time="22.458">
    <failure type="java.lang.AssertionError" message="Expected condition failed: waiting for visibility of element located by By.xpath: //p[normalize-space()=&amp;apos;Customer(s)&amp;apos;] (tried for 20 second(s) with 500 milliseconds interval)">
      <![CDATA[java.lang.AssertionError: Expected condition failed: waiting for visibility of element located by By.xpath: //p[normalize-space()='Customer(s)'] (tried for 20 second(s) with 500 milliseconds interval)
at web.pages.BaseMethods.waitForElementVisibility(BaseMethods.java:152)
at web.pages.BaseMethods.clickElement(BaseMethods.java:299)
at web.pages.CustomerPage.addCustomer(CustomerPage.java:40)
at tests.CustomerTest.VerifyUserIsAbleToAddCustomer(CustomerTest.java:42)
at java.base/java.util.ArrayList.forEach(ArrayList.java:1596)
... Removed 31 stack frames]]>
    </failure>
  </testcase> <!-- VerifyUserIsAbleToAddCustomer -->
  <testcase classname="tests.CustomerTest" name="Dashboard" time="20.48">
    <failure type="java.lang.AssertionError" message="Expected condition failed: waiting for visibility of element located by By.xpath: //img[@class=&amp;apos;pointer&amp;apos;] (tried for 20 second(s) with 500 milliseconds interval)">
      <![CDATA[java.lang.AssertionError: Expected condition failed: waiting for visibility of element located by By.xpath: //img[@class='pointer'] (tried for 20 second(s) with 500 milliseconds interval)
at web.pages.BaseMethods.waitForElementVisibility(BaseMethods.java:152)
at web.pages.BaseMethods.clickElement(BaseMethods.java:299)
at web.pages.CustomerPage.dashboardCustomer(CustomerPage.java:64)
at tests.CustomerTest.Dashboard(CustomerTest.java:53)
at java.base/java.util.ArrayList.forEach(ArrayList.java:1596)
... Removed 31 stack frames]]>
    </failure>
  </testcase> <!-- Dashboard -->
  <testcase classname="tests.CustomerTest" name="VerifyUserIsAbleToUpdateCustomer" time="20.008">
    <failure type="java.lang.AssertionError" message="Expected condition failed: waiting for visibility of element located by By.xpath: //span[normalize-space()=&amp;apos;Masters&amp;apos;] (tried for 20 second(s) with 500 milliseconds interval)">
      <![CDATA[java.lang.AssertionError: Expected condition failed: waiting for visibility of element located by By.xpath: //span[normalize-space()='Masters'] (tried for 20 second(s) with 500 milliseconds interval)
at web.pages.BaseMethods.waitForElementVisibility(BaseMethods.java:152)
at web.pages.BaseMethods.clickElement(BaseMethods.java:299)
at web.pages.CustomerPage.updateCustomer(CustomerPage.java:73)
at tests.CustomerTest.VerifyUserIsAbleToUpdateCustomer(CustomerTest.java:58)
at java.base/java.util.ArrayList.forEach(ArrayList.java:1596)
... Removed 31 stack frames]]>
    </failure>
  </testcase> <!-- VerifyUserIsAbleToUpdateCustomer -->
  <testcase classname="tests.DriverTest" name="VerifyUserIsAbleToAddDriver" time="24.027">
    <failure type="java.lang.AssertionError" message="Expected condition failed: waiting for visibility of element located by By.xpath: //button[normalize-space()=&amp;apos;+ Add Driver&amp;apos;] (tried for 20 second(s) with 500 milliseconds interval)
Build info: version: &amp;apos;4.21.0&amp;apos;, revision: &amp;apos;79ed462ef4&amp;apos;
System info: os.name: &amp;apos;Windows 10&amp;apos;, os.arch: &amp;apos;amd64&amp;apos;, os.version: &amp;apos;10.0&amp;apos;, java.version: &amp;apos;21&amp;apos;
Driver info: org.openqa.selenium.chrome.ChromeDriver
Capabilities {acceptInsecureCerts: true, browserName: chrome, browserVersion: 132.0.6834.111, chrome: {chromedriverVersion: 132.0.6834.159 (2d77d3fc445..., userDataDir: C:\Users\dell\AppData\Local...}, fedcm:accounts: true, goog:chromeOptions: {debuggerAddress: localhost:53343}, networkConnectionEnabled: false, pageLoadStrategy: normal, platformName: windows, proxy: Proxy(), se:cdp: ws://localhost:53343/devtoo..., se:cdpVersion: 132.0.6834.111, setWindowRect: true, strictFileInteractability: false, timeouts: {implicit: 0, pageLoad: 300000, script: 30000}, unhandledPromptBehavior: dismiss and notify, webauthn:extension:credBlob: true, webauthn:extension:largeBlob: true, webauthn:extension:minPinLength: true, webauthn:extension:prf: true, webauthn:virtualAuthenticators: true}
Session ID: 843a16949d56fa254651b0d2739b822b">
      <![CDATA[java.lang.AssertionError: Expected condition failed: waiting for visibility of element located by By.xpath: //button[normalize-space()='+ Add Driver'] (tried for 20 second(s) with 500 milliseconds interval)
Build info: version: '4.21.0', revision: '79ed462ef4'
System info: os.name: 'Windows 10', os.arch: 'amd64', os.version: '10.0', java.version: '21'
Driver info: org.openqa.selenium.chrome.ChromeDriver
Capabilities {acceptInsecureCerts: true, browserName: chrome, browserVersion: 132.0.6834.111, chrome: {chromedriverVersion: 132.0.6834.159 (2d77d3fc445..., userDataDir: C:\Users\dell\AppData\Local...}, fedcm:accounts: true, goog:chromeOptions: {debuggerAddress: localhost:53343}, networkConnectionEnabled: false, pageLoadStrategy: normal, platformName: windows, proxy: Proxy(), se:cdp: ws://localhost:53343/devtoo..., se:cdpVersion: 132.0.6834.111, setWindowRect: true, strictFileInteractability: false, timeouts: {implicit: 0, pageLoad: 300000, script: 30000}, unhandledPromptBehavior: dismiss and notify, webauthn:extension:credBlob: true, webauthn:extension:largeBlob: true, webauthn:extension:minPinLength: true, webauthn:extension:prf: true, webauthn:virtualAuthenticators: true}
Session ID: 843a16949d56fa254651b0d2739b822b
at web.pages.BaseMethods.waitForElementVisibility(BaseMethods.java:152)
at web.pages.BaseMethods.clickElement(BaseMethods.java:299)
at web.pages.DriverPage.AddDriver(DriverPage.java:50)
at tests.DriverTest.VerifyUserIsAbleToAddDriver(DriverTest.java:43)
at java.base/java.util.ArrayList.forEach(ArrayList.java:1596)
... Removed 31 stack frames]]>
    </failure>
  </testcase> <!-- VerifyUserIsAbleToAddDriver -->
  <testcase classname="tests.DriverTest" name="DriverList" time="2.428"/>
  <testcase classname="tests.DriverTest" name="VerifyUserIsAbleToAddDriverUpdate" time="32.452">
    <failure type="java.lang.AssertionError" message="Expected condition failed: waiting for element to be clickable: By.xpath: //span[normalize-space()=&amp;apos;Masters&amp;apos;] (tried for 30 second(s) with 500 milliseconds interval)">
      <![CDATA[java.lang.AssertionError: Expected condition failed: waiting for element to be clickable: By.xpath: //span[normalize-space()='Masters'] (tried for 30 second(s) with 500 milliseconds interval)
at web.pages.BaseMethods.waitForElementClickable(BaseMethods.java:196)
at web.pages.BaseMethods.moveToElementClick(BaseMethods.java:316)
at web.pages.DriverPage.updateDriver(DriverPage.java:112)
at tests.DriverTest.VerifyUserIsAbleToAddDriverUpdate(DriverTest.java:59)
at java.base/java.util.ArrayList.forEach(ArrayList.java:1596)
... Removed 31 stack frames]]>
    </failure>
  </testcase> <!-- VerifyUserIsAbleToAddDriverUpdate -->
  <testcase classname="tests.ImportAllMastersTest" name="VerifyUserIsAbleToImportDriver" time="0.0">
    <skipped/>
  </testcase> <!-- VerifyUserIsAbleToImportDriver -->
  <testcase classname="tests.LoginSignUpTest" name="AVerifyUserIsAbleToLogin" time="6.261">
    <failure type="java.lang.AssertionError" message="The following asserts failed:
	url is Mis-Matched expected [https://4tn5p340-4200.inc1.devtunnels.ms/auth/client-signup] but found [https://web.tonnij.com/auth/client-login]">
      <![CDATA[java.lang.AssertionError: The following asserts failed:
url is Mis-Matched expected [https://4tn5p340-4200.inc1.devtunnels.ms/auth/client-signup] but found [https://web.tonnij.com/auth/client-login]
at tests.LoginSignUpTest.AVerifyUserIsAbleToLogin(LoginSignUpTest.java:30)
at java.base/java.util.ArrayList.forEach(ArrayList.java:1596)
... Removed 32 stack frames]]>
    </failure>
  </testcase> <!-- AVerifyUserIsAbleToLogin -->
  <testcase classname="tests.MyLoadTest" name="VerifyiClientIsAbleToAssignMyLoadToDriver" time="0.0">
    <skipped/>
  </testcase> <!-- VerifyiClientIsAbleToAssignMyLoadToDriver -->
  <testcase classname="tests.MyLoadTest" name="VerifyiClientIsAbleToAssignMyLoadToVendor" time="0.0">
    <skipped/>
  </testcase> <!-- VerifyiClientIsAbleToAssignMyLoadToVendor -->
  <testcase classname="tests.MyLoadTest" name="VerifyiClientIsAbleToAssignMyLoadToBoth" time="0.0">
    <skipped/>
  </testcase> <!-- VerifyiClientIsAbleToAssignMyLoadToBoth -->
  <testcase classname="tests.MyLoadTest" name="VerifyiClientIsAbleToAssignMyLoadToBothclose" time="0.0">
    <skipped/>
  </testcase> <!-- VerifyiClientIsAbleToAssignMyLoadToBothclose -->
  <testcase classname="tests.MyLoadToDriverTest" name="VerifyiClientIsAbleToAssignMyLoadToDriver" time="22.054">
    <failure type="java.lang.AssertionError" message="Expected condition failed: waiting for visibility of element located by By.xpath: //span[normalize-space()=&amp;apos;Create Load&amp;apos;] (tried for 20 second(s) with 500 milliseconds interval)">
      <![CDATA[java.lang.AssertionError: Expected condition failed: waiting for visibility of element located by By.xpath: //span[normalize-space()='Create Load'] (tried for 20 second(s) with 500 milliseconds interval)
at web.pages.BaseMethods.waitForElementVisibility(BaseMethods.java:152)
at web.pages.BaseMethods.clickElement(BaseMethods.java:299)
at web.pages.CreateLoadPage.MyLoad(CreateLoadPage.java:207)
at tests.MyLoadToDriverTest.VerifyiClientIsAbleToAssignMyLoadToDriver(MyLoadToDriverTest.java:33)
at java.base/java.util.ArrayList.forEach(ArrayList.java:1596)
... Removed 31 stack frames]]>
    </failure>
  </testcase> <!-- VerifyiClientIsAbleToAssignMyLoadToDriver -->
  <testcase classname="tests.MyLoadToDriverTest" name="VerifyiClientIsAbleToAssignMyLoadToVendor" time="22.48">
    <failure type="java.lang.AssertionError" message="Expected condition failed: waiting for visibility of element located by By.xpath: //span[normalize-space()=&amp;apos;Create Load&amp;apos;] (tried for 20 second(s) with 500 milliseconds interval)">
      <![CDATA[java.lang.AssertionError: Expected condition failed: waiting for visibility of element located by By.xpath: //span[normalize-space()='Create Load'] (tried for 20 second(s) with 500 milliseconds interval)
at web.pages.BaseMethods.waitForElementVisibility(BaseMethods.java:152)
at web.pages.BaseMethods.clickElement(BaseMethods.java:299)
at web.pages.CreateLoadPage.MyLoad(CreateLoadPage.java:207)
at tests.MyLoadToDriverTest.VerifyiClientIsAbleToAssignMyLoadToVendor(MyLoadToDriverTest.java:44)
at java.base/java.util.ArrayList.forEach(ArrayList.java:1596)
... Removed 31 stack frames]]>
    </failure>
  </testcase> <!-- VerifyiClientIsAbleToAssignMyLoadToVendor -->
  <testcase classname="tests.MyLoadToDriverTest" name="VerifyiClientIsAbleToAssignMyLoadToBoth" time="22.482">
    <failure type="java.lang.AssertionError" message="Expected condition failed: waiting for visibility of element located by By.xpath: //span[normalize-space()=&amp;apos;Create Load&amp;apos;] (tried for 20 second(s) with 500 milliseconds interval)">
      <![CDATA[java.lang.AssertionError: Expected condition failed: waiting for visibility of element located by By.xpath: //span[normalize-space()='Create Load'] (tried for 20 second(s) with 500 milliseconds interval)
at web.pages.BaseMethods.waitForElementVisibility(BaseMethods.java:152)
at web.pages.BaseMethods.clickElement(BaseMethods.java:299)
at web.pages.CreateLoadPage.MyLoad(CreateLoadPage.java:207)
at tests.MyLoadToDriverTest.VerifyiClientIsAbleToAssignMyLoadToBoth(MyLoadToDriverTest.java:54)
at java.base/java.util.ArrayList.forEach(ArrayList.java:1596)
... Removed 31 stack frames]]>
    </failure>
  </testcase> <!-- VerifyiClientIsAbleToAssignMyLoadToBoth -->
  <testcase classname="tests.MyLoadToDriverTest" name="VerifyiClientIsAbleToAssignMyLoadToBothclose" time="22.463">
    <failure type="java.lang.AssertionError" message="Expected condition failed: waiting for visibility of element located by By.xpath: //span[normalize-space()=&amp;apos;Create Load&amp;apos;] (tried for 20 second(s) with 500 milliseconds interval)">
      <![CDATA[java.lang.AssertionError: Expected condition failed: waiting for visibility of element located by By.xpath: //span[normalize-space()='Create Load'] (tried for 20 second(s) with 500 milliseconds interval)
at web.pages.BaseMethods.waitForElementVisibility(BaseMethods.java:152)
at web.pages.BaseMethods.clickElement(BaseMethods.java:299)
at web.pages.CreateLoadPage.MyLoad(CreateLoadPage.java:207)
at tests.MyLoadToDriverTest.VerifyiClientIsAbleToAssignMyLoadToBothclose(MyLoadToDriverTest.java:64)
at java.base/java.util.ArrayList.forEach(ArrayList.java:1596)
... Removed 31 stack frames]]>
    </failure>
  </testcase> <!-- VerifyiClientIsAbleToAssignMyLoadToBothclose -->
  <testcase classname="tests.TrailerTest" name="VerifyUserIsAbleToLogin" time="6.569"/>
  <testcase classname="tests.TrailerTest" name="VerifyUserIsAbleToAddTrailer" time="20.263">
    <failure type="java.lang.AssertionError" message="Expected condition failed: waiting for visibility of element located by By.xpath: //p[normalize-space()=&amp;apos;Trailer(s)&amp;apos;] (tried for 20 second(s) with 500 milliseconds interval)">
      <![CDATA[java.lang.AssertionError: Expected condition failed: waiting for visibility of element located by By.xpath: //p[normalize-space()='Trailer(s)'] (tried for 20 second(s) with 500 milliseconds interval)
at web.pages.BaseMethods.waitForElementVisibility(BaseMethods.java:152)
at web.pages.BaseMethods.clickElement(BaseMethods.java:299)
at web.pages.TrailerPage.AddTrailer(TrailerPage.java:28)
at tests.TrailerTest.VerifyUserIsAbleToAddTrailer(TrailerTest.java:43)
at java.base/java.util.ArrayList.forEach(ArrayList.java:1596)
... Removed 31 stack frames]]>
    </failure>
  </testcase> <!-- VerifyUserIsAbleToAddTrailer -->
  <testcase classname="tests.TrailerTest" name="AVerifyUserIsAbleToGoDasboard" time="20.51">
    <failure type="java.lang.AssertionError" message="Expected condition failed: waiting for visibility of element located by By.xpath: //img[@class=&amp;apos;pointer&amp;apos;] (tried for 20 second(s) with 500 milliseconds interval)">
      <![CDATA[java.lang.AssertionError: Expected condition failed: waiting for visibility of element located by By.xpath: //img[@class='pointer'] (tried for 20 second(s) with 500 milliseconds interval)
at web.pages.BaseMethods.waitForElementVisibility(BaseMethods.java:152)
at web.pages.BaseMethods.clickElement(BaseMethods.java:299)
at web.pages.TrailerPage.dashboardTrailer(TrailerPage.java:56)
at tests.TrailerTest.AVerifyUserIsAbleToGoDasboard(TrailerTest.java:53)
at java.base/java.util.ArrayList.forEach(ArrayList.java:1596)
... Removed 31 stack frames]]>
    </failure>
  </testcase> <!-- AVerifyUserIsAbleToGoDasboard -->
  <testcase classname="tests.TruckTest" name="VerifyUserIsAbleToLogin" time="36.228">
    <failure type="java.lang.AssertionError" message="Expected condition failed: waiting for visibility of element located by By.xpath: //input[@formcontrolname=&amp;apos;email&amp;apos;] (tried for 30 second(s) with 500 milliseconds interval)">
      <![CDATA[java.lang.AssertionError: Expected condition failed: waiting for visibility of element located by By.xpath: //input[@formcontrolname='email'] (tried for 30 second(s) with 500 milliseconds interval)
at web.pages.BaseMethods.waitForElementVisibility(BaseMethods.java:152)
at web.pages.BaseMethods.enterData(BaseMethods.java:248)
at web.pages.LoginSignUPPage.userLoginn(LoginSignUPPage.java:84)
at tests.TruckTest.VerifyUserIsAbleToLogin(TruckTest.java:38)
at java.base/java.util.ArrayList.forEach(ArrayList.java:1596)
... Removed 31 stack frames]]>
    </failure>
  </testcase> <!-- VerifyUserIsAbleToLogin -->
  <testcase classname="tests.TruckTest" name="VerifyUserIsAbleToAddTruck" time="20.476">
    <failure type="java.lang.AssertionError" message="Expected condition failed: waiting for visibility of element located by By.xpath: //p[normalize-space()=&amp;apos;Truck(s)&amp;apos;] (tried for 20 second(s) with 500 milliseconds interval)">
      <![CDATA[java.lang.AssertionError: Expected condition failed: waiting for visibility of element located by By.xpath: //p[normalize-space()='Truck(s)'] (tried for 20 second(s) with 500 milliseconds interval)
at web.pages.BaseMethods.waitForElementVisibility(BaseMethods.java:152)
at web.pages.BaseMethods.clickElement(BaseMethods.java:299)
at web.pages.TruckPage.addTruck(TruckPage.java:31)
at tests.TruckTest.VerifyUserIsAbleToAddTruck(TruckTest.java:43)
at java.base/java.util.ArrayList.forEach(ArrayList.java:1596)
... Removed 31 stack frames]]>
    </failure>
  </testcase> <!-- VerifyUserIsAbleToAddTruck -->
  <testcase classname="tests.TruckTest" name="AVerifyUserIsAbleToGoDasboard" time="20.465">
    <failure type="java.lang.AssertionError" message="Expected condition failed: waiting for visibility of element located by By.xpath: //img[@class=&amp;apos;pointer&amp;apos;] (tried for 20 second(s) with 500 milliseconds interval)">
      <![CDATA[java.lang.AssertionError: Expected condition failed: waiting for visibility of element located by By.xpath: //img[@class='pointer'] (tried for 20 second(s) with 500 milliseconds interval)
at web.pages.BaseMethods.waitForElementVisibility(BaseMethods.java:152)
at web.pages.BaseMethods.clickElement(BaseMethods.java:299)
at web.pages.TruckPage.dashboardTruck(TruckPage.java:59)
at tests.TruckTest.AVerifyUserIsAbleToGoDasboard(TruckTest.java:52)
at java.base/java.util.ArrayList.forEach(ArrayList.java:1596)
... Removed 31 stack frames]]>
    </failure>
  </testcase> <!-- AVerifyUserIsAbleToGoDasboard -->
  <testcase classname="tests.UserTest" name="AVerifyUserIsAbleToLogin" time="38.535">
    <failure type="java.lang.AssertionError" message="Expected condition failed: waiting for visibility of element located by By.xpath: //button[normalize-space()=&amp;apos;Login to Dashboard&amp;apos;] (tried for 20 second(s) with 500 milliseconds interval)">
      <![CDATA[java.lang.AssertionError: Expected condition failed: waiting for visibility of element located by By.xpath: //button[normalize-space()='Login to Dashboard'] (tried for 20 second(s) with 500 milliseconds interval)
at web.pages.BaseMethods.waitForElementVisibility(BaseMethods.java:152)
at web.pages.BaseMethods.clickElement(BaseMethods.java:299)
at web.pages.LoginSignUPPage.registerTab(LoginSignUPPage.java:74)
at tests.UserTest.AVerifyUserIsAbleToLogin(UserTest.java:27)
at java.base/java.util.ArrayList.forEach(ArrayList.java:1596)
... Removed 31 stack frames]]>
    </failure>
  </testcase> <!-- AVerifyUserIsAbleToLogin -->
  <testcase classname="tests.UserTest" name="BVerifyUserIsAbleToAddManager" time="7.015">
    <failure type="org.openqa.selenium.NoSuchWindowException" message="no such window: target window already closed
from unknown error: web view not found
  (Session info: chrome=132.0.6834.111)
Build info: version: &amp;apos;4.21.0&amp;apos;, revision: &amp;apos;79ed462ef4&amp;apos;
System info: os.name: &amp;apos;Windows 10&amp;apos;, os.arch: &amp;apos;amd64&amp;apos;, os.version: &amp;apos;10.0&amp;apos;, java.version: &amp;apos;21&amp;apos;
Driver info: org.openqa.selenium.chrome.ChromeDriver
Command: [17ffc0453291f4386f35d3480ea8ef1e, findElement {using=xpath, value=(//input[@type=&amp;apos;file&amp;apos;])[1]}]
Capabilities {acceptInsecureCerts: true, browserName: chrome, browserVersion: 132.0.6834.111, chrome: {chromedriverVersion: 132.0.6834.159 (2d77d3fc445..., userDataDir: C:\Users\dell\AppData\Local...}, fedcm:accounts: true, goog:chromeOptions: {debuggerAddress: localhost:54097}, networkConnectionEnabled: false, pageLoadStrategy: normal, platformName: windows, proxy: Proxy(), se:cdp: ws://localhost:54097/devtoo..., se:cdpVersion: 132.0.6834.111, setWindowRect: true, strictFileInteractability: false, timeouts: {implicit: 0, pageLoad: 300000, script: 30000}, unhandledPromptBehavior: dismiss and notify, webauthn:extension:credBlob: true, webauthn:extension:largeBlob: true, webauthn:extension:minPinLength: true, webauthn:extension:prf: true, webauthn:virtualAuthenticators: true}
Session ID: 17ffc0453291f4386f35d3480ea8ef1e">
      <![CDATA[org.openqa.selenium.NoSuchWindowException: no such window: target window already closed
from unknown error: web view not found
  (Session info: chrome=132.0.6834.111)
Build info: version: '4.21.0', revision: '79ed462ef4'
System info: os.name: 'Windows 10', os.arch: 'amd64', os.version: '10.0', java.version: '21'
Driver info: org.openqa.selenium.chrome.ChromeDriver
Command: [17ffc0453291f4386f35d3480ea8ef1e, findElement {using=xpath, value=(//input[@type='file'])[1]}]
Capabilities {acceptInsecureCerts: true, browserName: chrome, browserVersion: 132.0.6834.111, chrome: {chromedriverVersion: 132.0.6834.159 (2d77d3fc445..., userDataDir: C:\Users\dell\AppData\Local...}, fedcm:accounts: true, goog:chromeOptions: {debuggerAddress: localhost:54097}, networkConnectionEnabled: false, pageLoadStrategy: normal, platformName: windows, proxy: Proxy(), se:cdp: ws://localhost:54097/devtoo..., se:cdpVersion: 132.0.6834.111, setWindowRect: true, strictFileInteractability: false, timeouts: {implicit: 0, pageLoad: 300000, script: 30000}, unhandledPromptBehavior: dismiss and notify, webauthn:extension:credBlob: true, webauthn:extension:largeBlob: true, webauthn:extension:minPinLength: true, webauthn:extension:prf: true, webauthn:virtualAuthenticators: true}
Session ID: 17ffc0453291f4386f35d3480ea8ef1e
at org.openqa.selenium.remote.ErrorCodec.decode(ErrorCodec.java:167)
at org.openqa.selenium.remote.codec.w3c.W3CHttpResponseCodec.decode(W3CHttpResponseCodec.java:138)
at org.openqa.selenium.remote.codec.w3c.W3CHttpResponseCodec.decode(W3CHttpResponseCodec.java:50)
at org.openqa.selenium.remote.HttpCommandExecutor.execute(HttpCommandExecutor.java:190)
at org.openqa.selenium.remote.service.DriverCommandExecutor.invokeExecute(DriverCommandExecutor.java:216)
at org.openqa.selenium.remote.service.DriverCommandExecutor.execute(DriverCommandExecutor.java:174)
at org.openqa.selenium.remote.RemoteWebDriver.execute(RemoteWebDriver.java:518)
at org.openqa.selenium.remote.ElementLocation$ElementFinder$2.findElement(ElementLocation.java:165)
at org.openqa.selenium.remote.ElementLocation.findElement(ElementLocation.java:59)
at org.openqa.selenium.remote.RemoteWebDriver.findElement(RemoteWebDriver.java:355)
at org.openqa.selenium.remote.RemoteWebDriver.findElement(RemoteWebDriver.java:349)
at web.pages.BaseMethods.uploadFile(BaseMethods.java:261)
at web.pages.UserPage.Company_Info(UserPage.java:72)
at tests.UserTest.BVerifyUserIsAbleToAddManager(UserTest.java:41)
at java.base/java.util.ArrayList.forEach(ArrayList.java:1596)
... Removed 33 stack frames]]>
    </failure>
  </testcase> <!-- BVerifyUserIsAbleToAddManager -->
  <testcase classname="tests.UserTest" name="CVerifyUserIsAbleToUploadDocument" time="2.017">
    <failure type="org.openqa.selenium.NoSuchWindowException" message="no such window: target window already closed
from unknown error: web view not found
  (Session info: chrome=132.0.6834.111)
Build info: version: &amp;apos;4.21.0&amp;apos;, revision: &amp;apos;79ed462ef4&amp;apos;
System info: os.name: &amp;apos;Windows 10&amp;apos;, os.arch: &amp;apos;amd64&amp;apos;, os.version: &amp;apos;10.0&amp;apos;, java.version: &amp;apos;21&amp;apos;
Driver info: org.openqa.selenium.chrome.ChromeDriver
Command: [17ffc0453291f4386f35d3480ea8ef1e, findElement {using=xpath, value=(//input[@type=&amp;apos;file&amp;apos;])[2]}]
Capabilities {acceptInsecureCerts: true, browserName: chrome, browserVersion: 132.0.6834.111, chrome: {chromedriverVersion: 132.0.6834.159 (2d77d3fc445..., userDataDir: C:\Users\dell\AppData\Local...}, fedcm:accounts: true, goog:chromeOptions: {debuggerAddress: localhost:54097}, networkConnectionEnabled: false, pageLoadStrategy: normal, platformName: windows, proxy: Proxy(), se:cdp: ws://localhost:54097/devtoo..., se:cdpVersion: 132.0.6834.111, setWindowRect: true, strictFileInteractability: false, timeouts: {implicit: 0, pageLoad: 300000, script: 30000}, unhandledPromptBehavior: dismiss and notify, webauthn:extension:credBlob: true, webauthn:extension:largeBlob: true, webauthn:extension:minPinLength: true, webauthn:extension:prf: true, webauthn:virtualAuthenticators: true}
Session ID: 17ffc0453291f4386f35d3480ea8ef1e">
      <![CDATA[org.openqa.selenium.NoSuchWindowException: no such window: target window already closed
from unknown error: web view not found
  (Session info: chrome=132.0.6834.111)
Build info: version: '4.21.0', revision: '79ed462ef4'
System info: os.name: 'Windows 10', os.arch: 'amd64', os.version: '10.0', java.version: '21'
Driver info: org.openqa.selenium.chrome.ChromeDriver
Command: [17ffc0453291f4386f35d3480ea8ef1e, findElement {using=xpath, value=(//input[@type='file'])[2]}]
Capabilities {acceptInsecureCerts: true, browserName: chrome, browserVersion: 132.0.6834.111, chrome: {chromedriverVersion: 132.0.6834.159 (2d77d3fc445..., userDataDir: C:\Users\dell\AppData\Local...}, fedcm:accounts: true, goog:chromeOptions: {debuggerAddress: localhost:54097}, networkConnectionEnabled: false, pageLoadStrategy: normal, platformName: windows, proxy: Proxy(), se:cdp: ws://localhost:54097/devtoo..., se:cdpVersion: 132.0.6834.111, setWindowRect: true, strictFileInteractability: false, timeouts: {implicit: 0, pageLoad: 300000, script: 30000}, unhandledPromptBehavior: dismiss and notify, webauthn:extension:credBlob: true, webauthn:extension:largeBlob: true, webauthn:extension:minPinLength: true, webauthn:extension:prf: true, webauthn:virtualAuthenticators: true}
Session ID: 17ffc0453291f4386f35d3480ea8ef1e
at org.openqa.selenium.remote.ErrorCodec.decode(ErrorCodec.java:167)
at org.openqa.selenium.remote.codec.w3c.W3CHttpResponseCodec.decode(W3CHttpResponseCodec.java:138)
at org.openqa.selenium.remote.codec.w3c.W3CHttpResponseCodec.decode(W3CHttpResponseCodec.java:50)
at org.openqa.selenium.remote.HttpCommandExecutor.execute(HttpCommandExecutor.java:190)
at org.openqa.selenium.remote.service.DriverCommandExecutor.invokeExecute(DriverCommandExecutor.java:216)
at org.openqa.selenium.remote.service.DriverCommandExecutor.execute(DriverCommandExecutor.java:174)
at org.openqa.selenium.remote.RemoteWebDriver.execute(RemoteWebDriver.java:518)
at org.openqa.selenium.remote.ElementLocation$ElementFinder$2.findElement(ElementLocation.java:165)
at org.openqa.selenium.remote.ElementLocation.findElement(ElementLocation.java:59)
at org.openqa.selenium.remote.RemoteWebDriver.findElement(RemoteWebDriver.java:355)
at org.openqa.selenium.remote.RemoteWebDriver.findElement(RemoteWebDriver.java:349)
at web.pages.BaseMethods.uploadFile(BaseMethods.java:261)
at web.pages.UserPage.Upload_Document(UserPage.java:93)
at tests.UserTest.CVerifyUserIsAbleToUploadDocument(UserTest.java:49)
at java.base/java.util.ArrayList.forEach(ArrayList.java:1596)
... Removed 33 stack frames]]>
    </failure>
  </testcase> <!-- CVerifyUserIsAbleToUploadDocument -->
  <testcase classname="tests.UserTest" name="DVerifyUserIsAbleToAddMasterSetting" time="30.202">
    <failure type="java.lang.AssertionError" message="Expected condition failed: waiting for visibility of element located by By.xpath: //input[@id=&amp;apos;Order_Series_Number&amp;apos;] (tried for 30 second(s) with 500 milliseconds interval)">
      <![CDATA[java.lang.AssertionError: Expected condition failed: waiting for visibility of element located by By.xpath: //input[@id='Order_Series_Number'] (tried for 30 second(s) with 500 milliseconds interval)
at web.pages.BaseMethods.waitForElementVisibility(BaseMethods.java:152)
at web.pages.BaseMethods.enterData(BaseMethods.java:248)
at web.pages.UserPage.Master_Settings(UserPage.java:108)
at tests.UserTest.DVerifyUserIsAbleToAddMasterSetting(UserTest.java:55)
at java.base/java.util.ArrayList.forEach(ArrayList.java:1596)
... Removed 31 stack frames]]>
    </failure>
  </testcase> <!-- DVerifyUserIsAbleToAddMasterSetting -->
  <testcase classname="tests.UserTest" name="EVerifyUserIsAbleToTaxClass" time="22.5">
    <failure type="java.lang.AssertionError" message="Expected condition failed: waiting for visibility of element located by By.xpath: //button[normalize-space()=&amp;apos;+ Add Class&amp;apos;] (tried for 20 second(s) with 500 milliseconds interval)">
      <![CDATA[java.lang.AssertionError: Expected condition failed: waiting for visibility of element located by By.xpath: //button[normalize-space()='+ Add Class'] (tried for 20 second(s) with 500 milliseconds interval)
at web.pages.BaseMethods.waitForElementVisibility(BaseMethods.java:152)
at web.pages.BaseMethods.clickElement(BaseMethods.java:299)
at web.pages.UserPage.Tax_Class(UserPage.java:122)
at tests.UserTest.EVerifyUserIsAbleToTaxClass(UserTest.java:61)
at java.base/java.util.ArrayList.forEach(ArrayList.java:1596)
... Removed 31 stack frames]]>
    </failure>
  </testcase> <!-- EVerifyUserIsAbleToTaxClass -->
  <testcase classname="tests.UserTest" name="FVerifyAdminLogin" time="32.233">
    <failure type="java.lang.AssertionError" message="Expected condition failed: waiting for element to be clickable: By.cssSelector: .header-right--user.w-100.d-flex.align-items-center.justify-content-between.gap-2 (tried for 30 second(s) with 500 milliseconds interval)">
      <![CDATA[java.lang.AssertionError: Expected condition failed: waiting for element to be clickable: By.cssSelector: .header-right--user.w-100.d-flex.align-items-center.justify-content-between.gap-2 (tried for 30 second(s) with 500 milliseconds interval)
at web.pages.BaseMethods.waitForElementClickable(BaseMethods.java:196)
at web.pages.BaseMethods.moveToElementClick(BaseMethods.java:316)
at web.pages.LoginSignUPPage.After_Logout_Admin_Login(LoginSignUPPage.java:107)
at tests.UserTest.FVerifyAdminLogin(UserTest.java:67)
at java.base/java.util.ArrayList.forEach(ArrayList.java:1596)
... Removed 31 stack frames]]>
    </failure>
  </testcase> <!-- FVerifyAdminLogin -->
  <testcase classname="tests.UserTest" name="GVerifyIfAdminIsAbleToApproveClient" time="20.018">
    <failure type="java.lang.AssertionError" message="Expected condition failed: waiting for visibility of element located by By.xpath: //p[normalize-space()=&amp;apos;Pending Approval(s)&amp;apos;] (tried for 20 second(s) with 500 milliseconds interval)">
      <![CDATA[java.lang.AssertionError: Expected condition failed: waiting for visibility of element located by By.xpath: //p[normalize-space()='Pending Approval(s)'] (tried for 20 second(s) with 500 milliseconds interval)
at web.pages.BaseMethods.waitForElementVisibility(BaseMethods.java:152)
at web.pages.BaseMethods.clickElement(BaseMethods.java:299)
at web.pages.UserPage.Approve_From_Admin(UserPage.java:136)
at tests.UserTest.GVerifyIfAdminIsAbleToApproveClient(UserTest.java:73)
at java.base/java.util.ArrayList.forEach(ArrayList.java:1596)
... Removed 31 stack frames]]>
    </failure>
  </testcase> <!-- GVerifyIfAdminIsAbleToApproveClient -->
  <testcase classname="tests.VendorTest" name="VerifyUserIsAbleToLogin" time="6.541"/>
  <testcase classname="tests.VendorTest" name="VerifyUserIsAbleToAddVendor" time="20.087">
    <failure type="java.lang.AssertionError" message="Expected condition failed: waiting for visibility of element located by By.xpath: //p[normalize-space()=&amp;apos;Vendor(s)&amp;apos;] (tried for 20 second(s) with 500 milliseconds interval)
Build info: version: &amp;apos;4.21.0&amp;apos;, revision: &amp;apos;79ed462ef4&amp;apos;
System info: os.name: &amp;apos;Windows 10&amp;apos;, os.arch: &amp;apos;amd64&amp;apos;, os.version: &amp;apos;10.0&amp;apos;, java.version: &amp;apos;21&amp;apos;
Driver info: org.openqa.selenium.chrome.ChromeDriver
Capabilities {acceptInsecureCerts: true, browserName: chrome, browserVersion: 132.0.6834.111, chrome: {chromedriverVersion: 132.0.6834.159 (2d77d3fc445..., userDataDir: C:\Users\dell\AppData\Local...}, fedcm:accounts: true, goog:chromeOptions: {debuggerAddress: localhost:54271}, networkConnectionEnabled: false, pageLoadStrategy: normal, platformName: windows, proxy: Proxy(), se:cdp: ws://localhost:54271/devtoo..., se:cdpVersion: 132.0.6834.111, setWindowRect: true, strictFileInteractability: false, timeouts: {implicit: 0, pageLoad: 300000, script: 30000}, unhandledPromptBehavior: dismiss and notify, webauthn:extension:credBlob: true, webauthn:extension:largeBlob: true, webauthn:extension:minPinLength: true, webauthn:extension:prf: true, webauthn:virtualAuthenticators: true}
Session ID: 497b982ff6e6731dd70f8d00197059a7">
      <![CDATA[java.lang.AssertionError: Expected condition failed: waiting for visibility of element located by By.xpath: //p[normalize-space()='Vendor(s)'] (tried for 20 second(s) with 500 milliseconds interval)
Build info: version: '4.21.0', revision: '79ed462ef4'
System info: os.name: 'Windows 10', os.arch: 'amd64', os.version: '10.0', java.version: '21'
Driver info: org.openqa.selenium.chrome.ChromeDriver
Capabilities {acceptInsecureCerts: true, browserName: chrome, browserVersion: 132.0.6834.111, chrome: {chromedriverVersion: 132.0.6834.159 (2d77d3fc445..., userDataDir: C:\Users\dell\AppData\Local...}, fedcm:accounts: true, goog:chromeOptions: {debuggerAddress: localhost:54271}, networkConnectionEnabled: false, pageLoadStrategy: normal, platformName: windows, proxy: Proxy(), se:cdp: ws://localhost:54271/devtoo..., se:cdpVersion: 132.0.6834.111, setWindowRect: true, strictFileInteractability: false, timeouts: {implicit: 0, pageLoad: 300000, script: 30000}, unhandledPromptBehavior: dismiss and notify, webauthn:extension:credBlob: true, webauthn:extension:largeBlob: true, webauthn:extension:minPinLength: true, webauthn:extension:prf: true, webauthn:virtualAuthenticators: true}
Session ID: 497b982ff6e6731dd70f8d00197059a7
at web.pages.BaseMethods.waitForElementVisibility(BaseMethods.java:152)
at web.pages.BaseMethods.clickElement(BaseMethods.java:299)
at web.pages.VendorPage.addVendor(VendorPage.java:40)
at tests.VendorTest.VerifyUserIsAbleToAddVendor(VendorTest.java:42)
at java.base/java.util.ArrayList.forEach(ArrayList.java:1596)
... Removed 31 stack frames]]>
    </failure>
  </testcase> <!-- VerifyUserIsAbleToAddVendor -->
  <testcase classname="tests.VendorTest" name="DashboardVendorList" time="2.873"/>
  <testcase classname="tests.BaseTest" name="@BeforeSuite beforeSuite" time="0.0">
    <ignored/>
  </testcase> <!-- @BeforeSuite beforeSuite -->
  <testcase classname="tests.BaseTest" name="@BeforeSuite beforeSuite" time="0.0">
    <ignored/>
  </testcase> <!-- @BeforeSuite beforeSuite -->
  <testcase classname="tests.CustomerLoadTest" name="VerifyUserIsAbleToAddCustomerOrderInfo" time="0.0">
    <ignored/>
  </testcase> <!-- VerifyUserIsAbleToAddCustomerOrderInfo -->
  <testcase classname="tests.BaseTest" name="@BeforeSuite beforeSuite" time="0.0">
    <ignored/>
  </testcase> <!-- @BeforeSuite beforeSuite -->
  <testcase classname="tests.CustomerLoadTest" name="VerifyUserIsAbleToAddCustomerInfo" time="0.0">
    <ignored/>
  </testcase> <!-- VerifyUserIsAbleToAddCustomerInfo -->
  <testcase classname="tests.BaseTest" name="@BeforeSuite beforeSuite" time="0.0">
    <ignored/>
  </testcase> <!-- @BeforeSuite beforeSuite -->
  <testcase classname="tests.TruckTest" name="AVerifyUserIsAbleToUpdateTruck" time="0.0">
    <ignored/>
  </testcase> <!-- AVerifyUserIsAbleToUpdateTruck -->
  <testcase classname="tests.BaseTest" name="@BeforeSuite beforeSuite" time="0.0">
    <ignored/>
  </testcase> <!-- @BeforeSuite beforeSuite -->
  <testcase classname="tests.CustomerLoadTest" name="VerifyUserIsAbleToAddCustomerLoadInfo" time="0.0">
    <ignored/>
  </testcase> <!-- VerifyUserIsAbleToAddCustomerLoadInfo -->
  <testcase classname="tests.BaseTest" name="@BeforeSuite beforeSuite" time="0.0">
    <ignored/>
  </testcase> <!-- @BeforeSuite beforeSuite -->
  <testcase classname="tests.BaseTest" name="@BeforeSuite beforeSuite" time="0.0">
    <ignored/>
  </testcase> <!-- @BeforeSuite beforeSuite -->
  <testcase classname="tests.BaseTest" name="@BeforeSuite beforeSuite" time="0.0">
    <ignored/>
  </testcase> <!-- @BeforeSuite beforeSuite -->
  <testcase classname="tests.BaseTest" name="@BeforeSuite beforeSuite" time="0.0">
    <ignored/>
  </testcase> <!-- @BeforeSuite beforeSuite -->
  <testcase classname="tests.BaseTest" name="@BeforeSuite beforeSuite" time="0.0">
    <ignored/>
  </testcase> <!-- @BeforeSuite beforeSuite -->
  <testcase classname="tests.CustomerLoadTest" name="assignLoadToVendor" time="0.0">
    <ignored/>
  </testcase> <!-- assignLoadToVendor -->
  <testcase classname="tests.BaseTest" name="@BeforeSuite beforeSuite" time="0.0">
    <ignored/>
  </testcase> <!-- @BeforeSuite beforeSuite -->
  <testcase classname="tests.VendorTest" name="VerifyUserIsAbleToUpdateVendor" time="0.0">
    <ignored/>
  </testcase> <!-- VerifyUserIsAbleToUpdateVendor -->
  <testcase classname="tests.CustomerLoadTest" name="dispatchLoadToDriver" time="0.0">
    <ignored/>
  </testcase> <!-- dispatchLoadToDriver -->
  <testcase classname="tests.TrailerTest" name="AVerifyUserIsAbleTUpdatedTrailer" time="0.0">
    <ignored/>
  </testcase> <!-- AVerifyUserIsAbleTUpdatedTrailer -->
  <testcase classname="tests.BaseTest" name="@BeforeSuite beforeSuite" time="0.0">
    <ignored/>
  </testcase> <!-- @BeforeSuite beforeSuite -->
  <testcase classname="tests.UserTest" name="AVerifyUserIsAbleToLoginn" time="0.0">
    <ignored/>
  </testcase> <!-- AVerifyUserIsAbleToLoginn -->
  <testcase classname="tests.BaseTest" name="@BeforeSuite beforeSuite" time="0.0">
    <ignored/>
  </testcase> <!-- @BeforeSuite beforeSuite -->
</testsuite> <!-- Surefire test -->
