<?xml version="1.0" encoding="UTF-8"?>
<!-- Generated by org.testng.reporters.JUnitXMLReporter -->
<testsuite ignored="5" hostname="DESKTOP-VGN6VUA" failures="5" tests="10" name="Add And Edit All Masters2" time="137.875" errors="0" timestamp="2024-09-16T18:08:10 IST">
  <testcase classname="tests.AllMasters" name="VerifyUserIsAbleToAddDriver" time="58.512">
    <failure type="java.lang.AssertionError" message="Expected condition failed: waiting for visibility of element located by By.xpath: //div[@id=&amp;apos;toast-container&amp;apos;] (tried for 30 second(s) with 500 milliseconds interval)
Build info: version: &amp;apos;4.21.0&amp;apos;, revision: &amp;apos;79ed462ef4&amp;apos;
System info: os.name: &amp;apos;Windows 10&amp;apos;, os.arch: &amp;apos;amd64&amp;apos;, os.version: &amp;apos;10.0&amp;apos;, java.version: &amp;apos;21&amp;apos;
Driver info: org.openqa.selenium.chrome.ChromeDriver
Capabilities {acceptInsecureCerts: false, browserName: chrome, browserVersion: 128.0.6613.138, chrome: {chromedriverVersion: 128.0.6613.137 (fe621c5aa2d..., userDataDir: C:\Windows\SystemTemp\scope...}, fedcm:accounts: true, goog:chromeOptions: {debuggerAddress: localhost:54304}, networkConnectionEnabled: false, pageLoadStrategy: normal, platformName: windows, proxy: Proxy(), se:cdp: ws://localhost:54304/devtoo..., se:cdpVersion: 128.0.6613.138, setWindowRect: true, strictFileInteractability: false, timeouts: {implicit: 0, pageLoad: 300000, script: 30000}, unhandledPromptBehavior: dismiss and notify, webauthn:extension:credBlob: true, webauthn:extension:largeBlob: true, webauthn:extension:minPinLength: true, webauthn:extension:prf: true, webauthn:virtualAuthenticators: true}
Session ID: 8e33f84615ec6887e72ea257a02a5d82">
      <![CDATA[java.lang.AssertionError: Expected condition failed: waiting for visibility of element located by By.xpath: //div[@id='toast-container'] (tried for 30 second(s) with 500 milliseconds interval)
Build info: version: '4.21.0', revision: '79ed462ef4'
System info: os.name: 'Windows 10', os.arch: 'amd64', os.version: '10.0', java.version: '21'
Driver info: org.openqa.selenium.chrome.ChromeDriver
Capabilities {acceptInsecureCerts: false, browserName: chrome, browserVersion: 128.0.6613.138, chrome: {chromedriverVersion: 128.0.6613.137 (fe621c5aa2d..., userDataDir: C:\Windows\SystemTemp\scope...}, fedcm:accounts: true, goog:chromeOptions: {debuggerAddress: localhost:54304}, networkConnectionEnabled: false, pageLoadStrategy: normal, platformName: windows, proxy: Proxy(), se:cdp: ws://localhost:54304/devtoo..., se:cdpVersion: 128.0.6613.138, setWindowRect: true, strictFileInteractability: false, timeouts: {implicit: 0, pageLoad: 300000, script: 30000}, unhandledPromptBehavior: dismiss and notify, webauthn:extension:credBlob: true, webauthn:extension:largeBlob: true, webauthn:extension:minPinLength: true, webauthn:extension:prf: true, webauthn:virtualAuthenticators: true}
Session ID: 8e33f84615ec6887e72ea257a02a5d82
at web.pages.BaseMethods.waitForElementVisibility(BaseMethods.java:152)
at web.pages.BaseMethods.getElementText(BaseMethods.java:231)
at web.pages.BasePage.getTostMessage(BasePage.java:80)
at tests.AllMasters.VerifyUserIsAbleToAddDriver(AllMasters.java:58)
at java.base/java.util.ArrayList.forEach(ArrayList.java:1596)
at java.base/java.util.concurrent.FutureTask.run(FutureTask.java:317)
at java.base/java.util.concurrent.ThreadPoolExecutor.runWorker(ThreadPoolExecutor.java:1144)
at java.base/java.util.concurrent.ThreadPoolExecutor$Worker.run(ThreadPoolExecutor.java:642)
at java.base/java.lang.Thread.run(Thread.java:1583)
... Removed 17 stack frames]]>
    </failure>
  </testcase> <!-- VerifyUserIsAbleToAddDriver -->
  <testcase classname="tests.AllMasters" name="DashboardDriverList" time="2.211"/>
  <testcase classname="tests.AllMasters" name="VerifyUserIsAbleToAddTruck" time="15.387">
    <failure type="java.lang.AssertionError" message="The following asserts failed:
	Message do not match expected [Truck added successfully] but found [Truck already exists with this unit number]">
      <![CDATA[java.lang.AssertionError: The following asserts failed:
Message do not match expected [Truck added successfully] but found [Truck already exists with this unit number]
at tests.AllMasters.VerifyUserIsAbleToAddTruck(AllMasters.java:76)
at java.base/java.util.ArrayList.forEach(ArrayList.java:1596)
at java.base/java.util.concurrent.FutureTask.run(FutureTask.java:317)
at java.base/java.util.concurrent.ThreadPoolExecutor.runWorker(ThreadPoolExecutor.java:1144)
at java.base/java.util.concurrent.ThreadPoolExecutor$Worker.run(ThreadPoolExecutor.java:642)
at java.base/java.lang.Thread.run(Thread.java:1583)
... Removed 18 stack frames]]>
    </failure>
  </testcase> <!-- VerifyUserIsAbleToAddTruck -->
  <testcase classname="tests.AllMasters" name="DashboardTruckList" time="3.018"/>
  <testcase classname="tests.AllMasters" name="VerifyUserIsAbleToAddTrailer" time="13.459">
    <failure type="java.lang.AssertionError" message="The following asserts failed:
	Message do not match expected [Truck added successfully] but found [Truck already exists with this unit number],
	Message do not match expected [Trailer added successfully] but found [Trailer already exists with this unit number]">
      <![CDATA[java.lang.AssertionError: The following asserts failed:
Message do not match expected [Truck added successfully] but found [Truck already exists with this unit number],
Message do not match expected [Trailer added successfully] but found [Trailer already exists with this unit number]
at tests.AllMasters.VerifyUserIsAbleToAddTrailer(AllMasters.java:93)
at java.base/java.util.ArrayList.forEach(ArrayList.java:1596)
at java.base/java.util.concurrent.FutureTask.run(FutureTask.java:317)
at java.base/java.util.concurrent.ThreadPoolExecutor.runWorker(ThreadPoolExecutor.java:1144)
at java.base/java.util.concurrent.ThreadPoolExecutor$Worker.run(ThreadPoolExecutor.java:642)
at java.base/java.lang.Thread.run(Thread.java:1583)
... Removed 18 stack frames]]>
    </failure>
  </testcase> <!-- VerifyUserIsAbleToAddTrailer -->
  <testcase classname="tests.AllMasters" name="DashboardTrailerList" time="3.128"/>
  <testcase classname="tests.AllMasters" name="VerifyUserIsAbleToAddCustomer" time="10.73">
    <failure type="java.lang.AssertionError" message="The following asserts failed:
	Message do not match expected [Truck added successfully] but found [Truck already exists with this unit number],
	Message do not match expected [Trailer added successfully] but found [Trailer already exists with this unit number],
	Message do not match expected [Customer added successfully] but found [Customer already exists with this email]">
      <![CDATA[java.lang.AssertionError: The following asserts failed:
Message do not match expected [Truck added successfully] but found [Truck already exists with this unit number],
Message do not match expected [Trailer added successfully] but found [Trailer already exists with this unit number],
Message do not match expected [Customer added successfully] but found [Customer already exists with this email]
at tests.AllMasters.VerifyUserIsAbleToAddCustomer(AllMasters.java:113)
at java.base/java.util.ArrayList.forEach(ArrayList.java:1596)
at java.base/java.util.concurrent.FutureTask.run(FutureTask.java:317)
at java.base/java.util.concurrent.ThreadPoolExecutor.runWorker(ThreadPoolExecutor.java:1144)
at java.base/java.util.concurrent.ThreadPoolExecutor$Worker.run(ThreadPoolExecutor.java:642)
at java.base/java.lang.Thread.run(Thread.java:1583)
... Removed 18 stack frames]]>
    </failure>
  </testcase> <!-- VerifyUserIsAbleToAddCustomer -->
  <testcase classname="tests.AllMasters" name="DashboardCustomerList" time="3.119"/>
  <testcase classname="tests.AllMasters" name="VerifyUserIsAbleToAddVendor" time="8.138">
    <failure type="java.lang.AssertionError" message="The following asserts failed:
	Message do not match expected [Truck added successfully] but found [Truck already exists with this unit number],
	Message do not match expected [Trailer added successfully] but found [Trailer already exists with this unit number],
	Message do not match expected [Customer added successfully] but found [Customer already exists with this email],
	Message do not match expected [Vendor added successfully] but found [Vendor already exists with this email]">
      <![CDATA[java.lang.AssertionError: The following asserts failed:
Message do not match expected [Truck added successfully] but found [Truck already exists with this unit number],
Message do not match expected [Trailer added successfully] but found [Trailer already exists with this unit number],
Message do not match expected [Customer added successfully] but found [Customer already exists with this email],
Message do not match expected [Vendor added successfully] but found [Vendor already exists with this email]
at tests.AllMasters.VerifyUserIsAbleToAddVendor(AllMasters.java:132)
at java.base/java.util.ArrayList.forEach(ArrayList.java:1596)
at java.base/java.util.concurrent.FutureTask.run(FutureTask.java:317)
at java.base/java.util.concurrent.ThreadPoolExecutor.runWorker(ThreadPoolExecutor.java:1144)
at java.base/java.util.concurrent.ThreadPoolExecutor$Worker.run(ThreadPoolExecutor.java:642)
at java.base/java.lang.Thread.run(Thread.java:1583)
... Removed 18 stack frames]]>
    </failure>
  </testcase> <!-- VerifyUserIsAbleToAddVendor -->
  <testcase classname="tests.AllMasters" name="DashboardVendorList" time="3.282"/>
  <testcase classname="tests.AllMasters" name="VerifyUserIsAbleToUpdateCustomer" time="0.0">
    <ignored/>
  </testcase> <!-- VerifyUserIsAbleToUpdateCustomer -->
  <testcase classname="tests.AllMasters" name="AVerifyUserIsAbleToUpdateTruck" time="0.0">
    <ignored/>
  </testcase> <!-- AVerifyUserIsAbleToUpdateTruck -->
  <testcase classname="tests.AllMasters" name="VerifyUserIsAbleToAddDriverUpdate" time="0.0">
    <ignored/>
  </testcase> <!-- VerifyUserIsAbleToAddDriverUpdate -->
  <testcase classname="tests.AllMasters" name="AVerifyUserIsAbleTUpdatedTrailer" time="0.0">
    <ignored/>
  </testcase> <!-- AVerifyUserIsAbleTUpdatedTrailer -->
  <testcase classname="tests.AllMasters" name="VerifyUserIsAbleToUpdateVendor" time="0.0">
    <ignored/>
  </testcase> <!-- VerifyUserIsAbleToUpdateVendor -->
</testsuite> <!-- Add And Edit All Masters2 -->
