<!DOCTYPE html PUBLIC "-//W3C//DTD XHTML 1.1//EN" "https://www.w3.org/TR/xhtml11/DTD/xhtml11.dtd">
<html xmlns="https://www.w3.org/1999/xhtml">
<head>
<meta http-equiv="content-type" content="text/html; charset=UTF-8"/>
<title>TestNG Report</title>
<style type="text/css">table {margin-bottom:10px;border-collapse:collapse;empty-cells:show}th,td {border:1px solid #009;padding:.25em .5em}th {vertical-align:bottom}td {vertical-align:top}table a {font-weight:bold}.stripe td {background-color: #E6EBF9}.num {text-align:right}.passedodd td {background-color: #3F3}.passedeven td {background-color: #0A0}.skippedodd td {background-color: #DDD}.skippedeven td {background-color: #CCC}.failedodd td,.attn {background-color: #F33}.failedeven td,.stripe .attn {background-color: #D00}.stacktrace {white-space:pre;font-family:monospace}.totop {font-size:85%;text-align:center;border-bottom:2px solid #000}.invisible {display:none}</style>
</head>
<body>
<table>
<tr><th>Test</th><th># Passed</th><th># Skipped</th><th># Retried</th><th># Failed</th><th>Time (ms)</th><th>Included Groups</th><th>Excluded Groups</th></tr>
<tr><th colspan="8">Surefire suite</th></tr>
<tr><td><a href="#t0">Surefire test</a></td><td class="num">5</td><td class="num attn">5</td><td class="num">0</td><td class="num attn">40</td><td class="num">1,067,833</td><td></td><td></td></tr>
</table>
<table id='summary'><thead><tr><th>Class</th><th>Method</th><th>Start</th><th>Time (ms)</th></tr></thead><tbody><tr><th colspan="4">Surefire suite</th></tr></tbody><tbody id="t0"><tr><th colspan="4">Surefire test &#8212; failed (configuration methods)</th></tr><tr class="failedeven"><td rowspan="1">tests.ImportAllMastersTest</td><td><a href="#m0">setup</a></td><td rowspan="1">1738156579776</td><td rowspan="1">41096</td></tr><tr class="failedodd"><td rowspan="1">tests.MyLoadTest</td><td><a href="#m1">setup</a></td><td rowspan="1">1738156630678</td><td rowspan="1">39219</td></tr><tr><th colspan="4">Surefire test &#8212; failed</th></tr><tr class="failedeven"><td rowspan="6">tests.CloseLoadScenariosTest</td><td><a href="#m2">VerifyiClientIsAbleToCloseCustomerLoadToBoth</a></td><td rowspan="1">1738156076057</td><td rowspan="1">22137</td></tr><tr class="failedeven"><td><a href="#m3">VerifyiClientIsAbleToCloseCustomerLoadToDriver</a></td><td rowspan="1">1738156053978</td><td rowspan="1">22078</td></tr><tr class="failedeven"><td><a href="#m4">VerifyiClientIsAbleToCloseCustomerLoadToVendor</a></td><td rowspan="1">1738156031473</td><td rowspan="1">22490</td></tr><tr class="failedeven"><td><a href="#m5">VerifyiClientIsAbleToCloseMyLoadOfVendor</a></td><td rowspan="1">1738156142851</td><td rowspan="1">22010</td></tr><tr class="failedeven"><td><a href="#m6">VerifyiClientIsAbleToCloseMyLoadToBoth</a></td><td rowspan="1">1738156120638</td><td rowspan="1">22211</td></tr><tr class="failedeven"><td><a href="#m7">VerifyiClientIsAbleToCloseMyLoadToDriver</a></td><td rowspan="1">1738156098195</td><td rowspan="1">22442</td></tr><tr class="failedodd"><td rowspan="9">tests.CreateLoadTest</td><td><a href="#m8">CreateLoadOfExistingCustomer</a></td><td rowspan="1">1738156219363</td><td rowspan="1">22499</td></tr><tr class="failedodd"><td><a href="#m9">VerifyClientIsAbleToCreateLoadOfNewCustomer</a></td><td rowspan="1">1738156197340</td><td rowspan="1">22022</td></tr><tr class="failedodd"><td><a href="#m10">VerifyiClientIsAbleToAssignCustomerLoadToBoth</a></td><td rowspan="1">1738156286374</td><td rowspan="1">22519</td></tr><tr class="failedodd"><td><a href="#m11">VerifyiClientIsAbleToAssignCustomerLoadToDriver</a></td><td rowspan="1">1738156241863</td><td rowspan="1">22487</td></tr><tr class="failedodd"><td><a href="#m12">VerifyiClientIsAbleToAssignCustomerLoadToVendor</a></td><td rowspan="1">1738156264350</td><td rowspan="1">22024</td></tr><tr class="failedodd"><td><a href="#m13">VerifyiClientIsAbleToAssignMyLoadBothCases</a></td><td rowspan="1">1738156331340</td><td rowspan="1">22032</td></tr><tr class="failedodd"><td><a href="#m14">VerifyiClientIsAbleToAssignMyLoadToDriver</a></td><td rowspan="1">1738156308894</td><td rowspan="1">22446</td></tr><tr class="failedodd"><td><a href="#m15">VerifyiClientIsAbleToAssignMyLoadToVendor</a></td><td rowspan="1">1738156353373</td><td rowspan="1">22490</td></tr><tr class="failedodd"><td><a href="#m16">VerifyiClientIsAbleToCreateMyLoad</a></td><td rowspan="1">1738156174992</td><td rowspan="1">22347</td></tr><tr class="failedeven"><td rowspan="1">tests.CustomerLoadTest</td><td><a href="#m17">loadByDropdown</a></td><td rowspan="1">1738156385647</td><td rowspan="1">22427</td></tr><tr class="failedodd"><td rowspan="4">tests.CustomerTest</td><td><a href="#m18">Dashboard</a></td><td rowspan="1">1738156469994</td><td rowspan="1">20480</td></tr><tr class="failedodd"><td><a href="#m19">VerifyUserIsAbleToAddCustomer</a></td><td rowspan="1">1738156447534</td><td rowspan="1">22458</td></tr><tr class="failedodd"><td><a href="#m20">VerifyUserIsAbleToLogin</a></td><td rowspan="1">1738156411297</td><td rowspan="1">36236</td></tr><tr class="failedodd"><td><a href="#m21">VerifyUserIsAbleToUpdateCustomer</a></td><td rowspan="1">1738156490475</td><td rowspan="1">20008</td></tr><tr class="failedeven"><td rowspan="2">tests.DriverTest</td><td><a href="#m22">VerifyUserIsAbleToAddDriver</a></td><td rowspan="1">1738156520638</td><td rowspan="1">24027</td></tr><tr class="failedeven"><td><a href="#m23">VerifyUserIsAbleToAddDriverUpdate</a></td><td rowspan="1">1738156547095</td><td rowspan="1">32452</td></tr><tr class="failedodd"><td rowspan="1">tests.LoginSignUpTest</td><td><a href="#m24">AVerifyUserIsAbleToLogin</a></td><td rowspan="1">1738156623983</td><td rowspan="1">6261</td></tr><tr class="failedeven"><td rowspan="4">tests.MyLoadToDriverTest</td><td><a href="#m25">VerifyiClientIsAbleToAssignMyLoadToBoth</a></td><td rowspan="1">1738156723925</td><td rowspan="1">22482</td></tr><tr class="failedeven"><td><a href="#m26">VerifyiClientIsAbleToAssignMyLoadToBothclose</a></td><td rowspan="1">1738156746408</td><td rowspan="1">22463</td></tr><tr class="failedeven"><td><a href="#m27">VerifyiClientIsAbleToAssignMyLoadToDriver</a></td><td rowspan="1">1738156679388</td><td rowspan="1">22054</td></tr><tr class="failedeven"><td><a href="#m28">VerifyiClientIsAbleToAssignMyLoadToVendor</a></td><td rowspan="1">1738156701444</td><td rowspan="1">22480</td></tr><tr class="failedodd"><td rowspan="2">tests.TrailerTest</td><td><a href="#m29">AVerifyUserIsAbleToGoDasboard</a></td><td rowspan="1">1738156799055</td><td rowspan="1">20510</td></tr><tr class="failedodd"><td><a href="#m30">VerifyUserIsAbleToAddTrailer</a></td><td rowspan="1">1738156778791</td><td rowspan="1">20263</td></tr><tr class="failedeven"><td rowspan="3">tests.TruckTest</td><td><a href="#m31">AVerifyUserIsAbleToGoDasboard</a></td><td rowspan="1">1738156879166</td><td rowspan="1">20465</td></tr><tr class="failedeven"><td><a href="#m32">VerifyUserIsAbleToAddTruck</a></td><td rowspan="1">1738156858689</td><td rowspan="1">20476</td></tr><tr class="failedeven"><td><a href="#m33">VerifyUserIsAbleToLogin</a></td><td rowspan="1">1738156822461</td><td rowspan="1">36228</td></tr><tr class="failedodd"><td rowspan="7">tests.UserTest</td><td><a href="#m34">AVerifyUserIsAbleToLogin</a></td><td rowspan="1">1738156902577</td><td rowspan="1">38535</td></tr><tr class="failedodd"><td><a href="#m35">BVerifyUserIsAbleToAddManager</a></td><td rowspan="1">1738156941112</td><td rowspan="1">7015</td></tr><tr class="failedodd"><td><a href="#m36">CVerifyUserIsAbleToUploadDocument</a></td><td rowspan="1">1738156948130</td><td rowspan="1">2017</td></tr><tr class="failedodd"><td><a href="#m37">DVerifyUserIsAbleToAddMasterSetting</a></td><td rowspan="1">1738156950149</td><td rowspan="1">30202</td></tr><tr class="failedodd"><td><a href="#m38">EVerifyUserIsAbleToTaxClass</a></td><td rowspan="1">1738156980352</td><td rowspan="1">22500</td></tr><tr class="failedodd"><td><a href="#m39">FVerifyAdminLogin</a></td><td rowspan="1">1738157002854</td><td rowspan="1">32233</td></tr><tr class="failedodd"><td><a href="#m40">GVerifyIfAdminIsAbleToApproveClient</a></td><td rowspan="1">1738157035088</td><td rowspan="1">20018</td></tr><tr class="failedeven"><td rowspan="1">tests.VendorTest</td><td><a href="#m41">VerifyUserIsAbleToAddVendor</a></td><td rowspan="1">1738157064539</td><td rowspan="1">20087</td></tr><tr><th colspan="4">Surefire test &#8212; skipped (configuration methods)</th></tr><tr class="skippedeven"><td rowspan="1">tests.ImportAllMastersTest</td><td><a href="#m42">tearDown</a></td><td rowspan="1">1738156620874</td><td rowspan="1">0</td></tr><tr class="skippedodd"><td rowspan="1">tests.MyLoadTest</td><td><a href="#m43">tearDown</a></td><td rowspan="1">1738156669898</td><td rowspan="1">0</td></tr><tr><th colspan="4">Surefire test &#8212; skipped</th></tr><tr class="skippedeven"><td rowspan="1">tests.ImportAllMastersTest</td><td><a href="#m44">VerifyUserIsAbleToImportDriver</a></td><td rowspan="1">1738156620874</td><td rowspan="1">0</td></tr><tr class="skippedodd"><td rowspan="4">tests.MyLoadTest</td><td><a href="#m45">VerifyiClientIsAbleToAssignMyLoadToBoth</a></td><td rowspan="1">1738156669898</td><td rowspan="1">0</td></tr><tr class="skippedodd"><td><a href="#m46">VerifyiClientIsAbleToAssignMyLoadToBothclose</a></td><td rowspan="1">1738156669898</td><td rowspan="1">0</td></tr><tr class="skippedodd"><td><a href="#m47">VerifyiClientIsAbleToAssignMyLoadToDriver</a></td><td rowspan="1">1738156669897</td><td rowspan="1">0</td></tr><tr class="skippedodd"><td><a href="#m48">VerifyiClientIsAbleToAssignMyLoadToVendor</a></td><td rowspan="1">1738156669898</td><td rowspan="1">0</td></tr><tr><th colspan="4">Surefire test &#8212; passed</th></tr><tr class="passedeven"><td rowspan="1">tests.CustomerLoadTest</td><td><a href="#m49">VerifyUserIsAbleToLogin</a></td><td rowspan="1">1738156379092</td><td rowspan="1">6554</td></tr><tr class="passedodd"><td rowspan="1">tests.DriverTest</td><td><a href="#m50">DriverList</a></td><td rowspan="1">1738156544667</td><td rowspan="1">2428</td></tr><tr class="passedeven"><td rowspan="1">tests.TrailerTest</td><td><a href="#m51">VerifyUserIsAbleToLogin</a></td><td rowspan="1">1738156772221</td><td rowspan="1">6569</td></tr><tr class="passedodd"><td rowspan="2">tests.VendorTest</td><td><a href="#m52">DashboardVendorList</a></td><td rowspan="1">1738157084627</td><td rowspan="1">2873</td></tr><tr class="passedodd"><td><a href="#m53">VerifyUserIsAbleToLogin</a></td><td rowspan="1">1738157057997</td><td rowspan="1">6541</td></tr></tbody>
</table>
<h2>Surefire test</h2><h3 id="m0">tests.ImportAllMastersTest#setup</h3><table class="result"><tr><th>Exception</th></tr><tr><td><div class="stacktrace">java.lang.AssertionError: Expected condition failed: waiting for visibility of element located by By.xpath: //input[@formcontrolname=&apos;email&apos;] (tried for 30 second(s) with 500 milliseconds interval)
	at web.pages.BaseMethods.waitForElementVisibility(BaseMethods.java:152)
	at web.pages.BaseMethods.enterData(BaseMethods.java:248)
	at web.pages.LoginSignUPPage.userLoginn(LoginSignUPPage.java:84)
	at tests.ImportAllMastersTest.setup(ImportAllMastersTest.java:28)
	at java.base/java.util.ArrayList.forEach(ArrayList.java:1596)
... Removed 29 stack frames</div></td></tr></table><p class="totop"><a href="#summary">back to summary</a></p>
<h3 id="m1">tests.MyLoadTest#setup</h3><table class="result"><tr><th>Exception</th></tr><tr><td><div class="stacktrace">java.lang.AssertionError: Expected condition failed: waiting for visibility of element located by By.xpath: //input[@formcontrolname=&apos;email&apos;] (tried for 30 second(s) with 500 milliseconds interval)
	at web.pages.BaseMethods.waitForElementVisibility(BaseMethods.java:152)
	at web.pages.BaseMethods.enterData(BaseMethods.java:248)
	at web.pages.LoginSignUPPage.userLoginn(LoginSignUPPage.java:84)
	at tests.MyLoadTest.setup(MyLoadTest.java:23)
	at java.base/java.util.ArrayList.forEach(ArrayList.java:1596)
... Removed 29 stack frames</div></td></tr></table><p class="totop"><a href="#summary">back to summary</a></p>
<h3 id="m2">tests.CloseLoadScenariosTest#VerifyiClientIsAbleToCloseCustomerLoadToBoth</h3><table class="result"><tr><th>Exception</th></tr><tr><td><div class="stacktrace">java.lang.AssertionError: Expected condition failed: waiting for visibility of element located by By.xpath: //span[normalize-space()=&apos;Create Load&apos;] (tried for 20 second(s) with 500 milliseconds interval)
Build info: version: &apos;4.21.0&apos;, revision: &apos;79ed462ef4&apos;
System info: os.name: &apos;Windows 10&apos;, os.arch: &apos;amd64&apos;, os.version: &apos;10.0&apos;, java.version: &apos;21&apos;
Driver info: org.openqa.selenium.chrome.ChromeDriver
Capabilities {acceptInsecureCerts: true, browserName: chrome, browserVersion: 132.0.6834.111, chrome: {chromedriverVersion: 132.0.6834.159 (2d77d3fc445..., userDataDir: C:\Users\dell\AppData\Local...}, fedcm:accounts: true, goog:chromeOptions: {debuggerAddress: localhost:52216}, networkConnectionEnabled: false, pageLoadStrategy: normal, platformName: windows, proxy: Proxy(), se:cdp: ws://localhost:52216/devtoo..., se:cdpVersion: 132.0.6834.111, setWindowRect: true, strictFileInteractability: false, timeouts: {implicit: 0, pageLoad: 300000, script: 30000}, unhandledPromptBehavior: dismiss and notify, webauthn:extension:credBlob: true, webauthn:extension:largeBlob: true, webauthn:extension:minPinLength: true, webauthn:extension:prf: true, webauthn:virtualAuthenticators: true}
Session ID: 6be948eeb886a87e6063fa8cb7e39971
	at web.pages.BaseMethods.waitForElementVisibility(BaseMethods.java:152)
	at web.pages.BaseMethods.clickElement(BaseMethods.java:299)
	at web.pages.CreateLoadPage.createLoadByDropdown(CreateLoadPage.java:173)
	at tests.CloseLoadScenariosTest.VerifyiClientIsAbleToCloseCustomerLoadToBoth(CloseLoadScenariosTest.java:91)
	at java.base/java.util.ArrayList.forEach(ArrayList.java:1596)
... Removed 31 stack frames</div></td></tr></table><p class="totop"><a href="#summary">back to summary</a></p>
<h3 id="m3">tests.CloseLoadScenariosTest#VerifyiClientIsAbleToCloseCustomerLoadToDriver</h3><table class="result"><tr><th>Exception</th></tr><tr><td><div class="stacktrace">java.lang.AssertionError: Expected condition failed: waiting for visibility of element located by By.xpath: //span[normalize-space()=&apos;Create Load&apos;] (tried for 20 second(s) with 500 milliseconds interval)
Build info: version: &apos;4.21.0&apos;, revision: &apos;79ed462ef4&apos;
System info: os.name: &apos;Windows 10&apos;, os.arch: &apos;amd64&apos;, os.version: &apos;10.0&apos;, java.version: &apos;21&apos;
Driver info: org.openqa.selenium.chrome.ChromeDriver
Capabilities {acceptInsecureCerts: true, browserName: chrome, browserVersion: 132.0.6834.111, chrome: {chromedriverVersion: 132.0.6834.159 (2d77d3fc445..., userDataDir: C:\Users\dell\AppData\Local...}, fedcm:accounts: true, goog:chromeOptions: {debuggerAddress: localhost:52216}, networkConnectionEnabled: false, pageLoadStrategy: normal, platformName: windows, proxy: Proxy(), se:cdp: ws://localhost:52216/devtoo..., se:cdpVersion: 132.0.6834.111, setWindowRect: true, strictFileInteractability: false, timeouts: {implicit: 0, pageLoad: 300000, script: 30000}, unhandledPromptBehavior: dismiss and notify, webauthn:extension:credBlob: true, webauthn:extension:largeBlob: true, webauthn:extension:minPinLength: true, webauthn:extension:prf: true, webauthn:virtualAuthenticators: true}
Session ID: 6be948eeb886a87e6063fa8cb7e39971
	at web.pages.BaseMethods.waitForElementVisibility(BaseMethods.java:152)
	at web.pages.BaseMethods.clickElement(BaseMethods.java:299)
	at web.pages.CreateLoadPage.createLoadByDropdown(CreateLoadPage.java:173)
	at tests.CloseLoadScenariosTest.VerifyiClientIsAbleToCloseCustomerLoadToDriver(CloseLoadScenariosTest.java:51)
	at java.base/java.util.ArrayList.forEach(ArrayList.java:1596)
... Removed 31 stack frames</div></td></tr></table><p class="totop"><a href="#summary">back to summary</a></p>
<h3 id="m4">tests.CloseLoadScenariosTest#VerifyiClientIsAbleToCloseCustomerLoadToVendor</h3><table class="result"><tr><th>Exception</th></tr><tr><td><div class="stacktrace">java.lang.AssertionError: Expected condition failed: waiting for visibility of element located by By.xpath: //span[normalize-space()=&apos;Create Load&apos;] (tried for 20 second(s) with 500 milliseconds interval)
Build info: version: &apos;4.21.0&apos;, revision: &apos;79ed462ef4&apos;
System info: os.name: &apos;Windows 10&apos;, os.arch: &apos;amd64&apos;, os.version: &apos;10.0&apos;, java.version: &apos;21&apos;
Driver info: org.openqa.selenium.chrome.ChromeDriver
Capabilities {acceptInsecureCerts: true, browserName: chrome, browserVersion: 132.0.6834.111, chrome: {chromedriverVersion: 132.0.6834.159 (2d77d3fc445..., userDataDir: C:\Users\dell\AppData\Local...}, fedcm:accounts: true, goog:chromeOptions: {debuggerAddress: localhost:52216}, networkConnectionEnabled: false, pageLoadStrategy: normal, platformName: windows, proxy: Proxy(), se:cdp: ws://localhost:52216/devtoo..., se:cdpVersion: 132.0.6834.111, setWindowRect: true, strictFileInteractability: false, timeouts: {implicit: 0, pageLoad: 300000, script: 30000}, unhandledPromptBehavior: dismiss and notify, webauthn:extension:credBlob: true, webauthn:extension:largeBlob: true, webauthn:extension:minPinLength: true, webauthn:extension:prf: true, webauthn:virtualAuthenticators: true}
Session ID: 6be948eeb886a87e6063fa8cb7e39971
	at web.pages.BaseMethods.waitForElementVisibility(BaseMethods.java:152)
	at web.pages.BaseMethods.clickElement(BaseMethods.java:299)
	at web.pages.CreateLoadPage.createLoadByDropdown(CreateLoadPage.java:173)
	at tests.CloseLoadScenariosTest.VerifyiClientIsAbleToCloseCustomerLoadToVendor(CloseLoadScenariosTest.java:71)
	at java.base/java.util.ArrayList.forEach(ArrayList.java:1596)
... Removed 31 stack frames</div></td></tr></table><p class="totop"><a href="#summary">back to summary</a></p>
<h3 id="m5">tests.CloseLoadScenariosTest#VerifyiClientIsAbleToCloseMyLoadOfVendor</h3><table class="result"><tr><th>Exception</th></tr><tr><td><div class="stacktrace">java.lang.AssertionError: Expected condition failed: waiting for visibility of element located by By.xpath: //span[normalize-space()=&apos;Create Load&apos;] (tried for 20 second(s) with 500 milliseconds interval)
Build info: version: &apos;4.21.0&apos;, revision: &apos;79ed462ef4&apos;
System info: os.name: &apos;Windows 10&apos;, os.arch: &apos;amd64&apos;, os.version: &apos;10.0&apos;, java.version: &apos;21&apos;
Driver info: org.openqa.selenium.chrome.ChromeDriver
Capabilities {acceptInsecureCerts: true, browserName: chrome, browserVersion: 132.0.6834.111, chrome: {chromedriverVersion: 132.0.6834.159 (2d77d3fc445..., userDataDir: C:\Users\dell\AppData\Local...}, fedcm:accounts: true, goog:chromeOptions: {debuggerAddress: localhost:52216}, networkConnectionEnabled: false, pageLoadStrategy: normal, platformName: windows, proxy: Proxy(), se:cdp: ws://localhost:52216/devtoo..., se:cdpVersion: 132.0.6834.111, setWindowRect: true, strictFileInteractability: false, timeouts: {implicit: 0, pageLoad: 300000, script: 30000}, unhandledPromptBehavior: dismiss and notify, webauthn:extension:credBlob: true, webauthn:extension:largeBlob: true, webauthn:extension:minPinLength: true, webauthn:extension:prf: true, webauthn:virtualAuthenticators: true}
Session ID: 6be948eeb886a87e6063fa8cb7e39971
	at web.pages.BaseMethods.waitForElementVisibility(BaseMethods.java:152)
	at web.pages.BaseMethods.clickElement(BaseMethods.java:299)
	at web.pages.CreateLoadPage.MyLoad(CreateLoadPage.java:207)
	at tests.CloseLoadScenariosTest.VerifyiClientIsAbleToCloseMyLoadOfVendor(CloseLoadScenariosTest.java:36)
	at java.base/java.util.ArrayList.forEach(ArrayList.java:1596)
... Removed 31 stack frames</div></td></tr></table><p class="totop"><a href="#summary">back to summary</a></p>
<h3 id="m6">tests.CloseLoadScenariosTest#VerifyiClientIsAbleToCloseMyLoadToBoth</h3><table class="result"><tr><th>Exception</th></tr><tr><td><div class="stacktrace">java.lang.AssertionError: Expected condition failed: waiting for visibility of element located by By.xpath: //span[normalize-space()=&apos;Create Load&apos;] (tried for 20 second(s) with 500 milliseconds interval)
Build info: version: &apos;4.21.0&apos;, revision: &apos;79ed462ef4&apos;
System info: os.name: &apos;Windows 10&apos;, os.arch: &apos;amd64&apos;, os.version: &apos;10.0&apos;, java.version: &apos;21&apos;
Driver info: org.openqa.selenium.chrome.ChromeDriver
Capabilities {acceptInsecureCerts: true, browserName: chrome, browserVersion: 132.0.6834.111, chrome: {chromedriverVersion: 132.0.6834.159 (2d77d3fc445..., userDataDir: C:\Users\dell\AppData\Local...}, fedcm:accounts: true, goog:chromeOptions: {debuggerAddress: localhost:52216}, networkConnectionEnabled: false, pageLoadStrategy: normal, platformName: windows, proxy: Proxy(), se:cdp: ws://localhost:52216/devtoo..., se:cdpVersion: 132.0.6834.111, setWindowRect: true, strictFileInteractability: false, timeouts: {implicit: 0, pageLoad: 300000, script: 30000}, unhandledPromptBehavior: dismiss and notify, webauthn:extension:credBlob: true, webauthn:extension:largeBlob: true, webauthn:extension:minPinLength: true, webauthn:extension:prf: true, webauthn:virtualAuthenticators: true}
Session ID: 6be948eeb886a87e6063fa8cb7e39971
	at web.pages.BaseMethods.waitForElementVisibility(BaseMethods.java:152)
	at web.pages.BaseMethods.clickElement(BaseMethods.java:299)
	at web.pages.CreateLoadPage.MyLoad(CreateLoadPage.java:207)
	at tests.CloseLoadScenariosTest.VerifyiClientIsAbleToCloseMyLoadToBoth(CloseLoadScenariosTest.java:124)
	at java.base/java.util.ArrayList.forEach(ArrayList.java:1596)
... Removed 31 stack frames</div></td></tr></table><p class="totop"><a href="#summary">back to summary</a></p>
<h3 id="m7">tests.CloseLoadScenariosTest#VerifyiClientIsAbleToCloseMyLoadToDriver</h3><table class="result"><tr><th>Exception</th></tr><tr><td><div class="stacktrace">java.lang.AssertionError: Expected condition failed: waiting for visibility of element located by By.xpath: //span[normalize-space()=&apos;Create Load&apos;] (tried for 20 second(s) with 500 milliseconds interval)
Build info: version: &apos;4.21.0&apos;, revision: &apos;79ed462ef4&apos;
System info: os.name: &apos;Windows 10&apos;, os.arch: &apos;amd64&apos;, os.version: &apos;10.0&apos;, java.version: &apos;21&apos;
Driver info: org.openqa.selenium.chrome.ChromeDriver
Capabilities {acceptInsecureCerts: true, browserName: chrome, browserVersion: 132.0.6834.111, chrome: {chromedriverVersion: 132.0.6834.159 (2d77d3fc445..., userDataDir: C:\Users\dell\AppData\Local...}, fedcm:accounts: true, goog:chromeOptions: {debuggerAddress: localhost:52216}, networkConnectionEnabled: false, pageLoadStrategy: normal, platformName: windows, proxy: Proxy(), se:cdp: ws://localhost:52216/devtoo..., se:cdpVersion: 132.0.6834.111, setWindowRect: true, strictFileInteractability: false, timeouts: {implicit: 0, pageLoad: 300000, script: 30000}, unhandledPromptBehavior: dismiss and notify, webauthn:extension:credBlob: true, webauthn:extension:largeBlob: true, webauthn:extension:minPinLength: true, webauthn:extension:prf: true, webauthn:virtualAuthenticators: true}
Session ID: 6be948eeb886a87e6063fa8cb7e39971
	at web.pages.BaseMethods.waitForElementVisibility(BaseMethods.java:152)
	at web.pages.BaseMethods.clickElement(BaseMethods.java:299)
	at web.pages.CreateLoadPage.MyLoad(CreateLoadPage.java:207)
	at tests.CloseLoadScenariosTest.VerifyiClientIsAbleToCloseMyLoadToDriver(CloseLoadScenariosTest.java:109)
	at java.base/java.util.ArrayList.forEach(ArrayList.java:1596)
... Removed 31 stack frames</div></td></tr></table><p class="totop"><a href="#summary">back to summary</a></p>
<h3 id="m8">tests.CreateLoadTest#CreateLoadOfExistingCustomer</h3><table class="result"><tr><th>Exception</th></tr><tr><td><div class="stacktrace">java.lang.AssertionError: Expected condition failed: waiting for visibility of element located by By.xpath: //span[normalize-space()=&apos;Create Load&apos;] (tried for 20 second(s) with 500 milliseconds interval)
	at web.pages.BaseMethods.waitForElementVisibility(BaseMethods.java:152)
	at web.pages.BaseMethods.clickElement(BaseMethods.java:299)
	at web.pages.CreateLoadPage.createLoadByDropdown(CreateLoadPage.java:173)
	at tests.CreateLoadTest.CreateLoadOfExistingCustomer(CreateLoadTest.java:68)
	at java.base/java.util.ArrayList.forEach(ArrayList.java:1596)
... Removed 31 stack frames</div></td></tr></table><p class="totop"><a href="#summary">back to summary</a></p>
<h3 id="m9">tests.CreateLoadTest#VerifyClientIsAbleToCreateLoadOfNewCustomer</h3><table class="result"><tr><th>Exception</th></tr><tr><td><div class="stacktrace">java.lang.AssertionError: Expected condition failed: waiting for visibility of element located by By.xpath: //span[normalize-space()=&apos;Create Load&apos;] (tried for 20 second(s) with 500 milliseconds interval)
	at web.pages.BaseMethods.waitForElementVisibility(BaseMethods.java:152)
	at web.pages.BaseMethods.clickElement(BaseMethods.java:299)
	at web.pages.CreateLoadPage.CustomerInfo(CreateLoadPage.java:99)
	at tests.CreateLoadTest.VerifyClientIsAbleToCreateLoadOfNewCustomer(CreateLoadTest.java:51)
	at java.base/java.util.ArrayList.forEach(ArrayList.java:1596)
... Removed 31 stack frames</div></td></tr></table><p class="totop"><a href="#summary">back to summary</a></p>
<h3 id="m10">tests.CreateLoadTest#VerifyiClientIsAbleToAssignCustomerLoadToBoth</h3><table class="result"><tr><th>Exception</th></tr><tr><td><div class="stacktrace">java.lang.AssertionError: Expected condition failed: waiting for visibility of element located by By.xpath: //span[normalize-space()=&apos;Create Load&apos;] (tried for 20 second(s) with 500 milliseconds interval)
	at web.pages.BaseMethods.waitForElementVisibility(BaseMethods.java:152)
	at web.pages.BaseMethods.clickElement(BaseMethods.java:299)
	at web.pages.CreateLoadPage.createLoadByDropdown(CreateLoadPage.java:173)
	at tests.CreateLoadTest.VerifyiClientIsAbleToAssignCustomerLoadToBoth(CreateLoadTest.java:112)
	at java.base/java.util.ArrayList.forEach(ArrayList.java:1596)
... Removed 31 stack frames</div></td></tr></table><p class="totop"><a href="#summary">back to summary</a></p>
<h3 id="m11">tests.CreateLoadTest#VerifyiClientIsAbleToAssignCustomerLoadToDriver</h3><table class="result"><tr><th>Exception</th></tr><tr><td><div class="stacktrace">java.lang.AssertionError: Expected condition failed: waiting for visibility of element located by By.xpath: //span[normalize-space()=&apos;Create Load&apos;] (tried for 20 second(s) with 500 milliseconds interval)
	at web.pages.BaseMethods.waitForElementVisibility(BaseMethods.java:152)
	at web.pages.BaseMethods.clickElement(BaseMethods.java:299)
	at web.pages.CreateLoadPage.createLoadByDropdown(CreateLoadPage.java:173)
	at tests.CreateLoadTest.VerifyiClientIsAbleToAssignCustomerLoadToDriver(CreateLoadTest.java:82)
	at java.base/java.util.ArrayList.forEach(ArrayList.java:1596)
... Removed 31 stack frames</div></td></tr></table><p class="totop"><a href="#summary">back to summary</a></p>
<h3 id="m12">tests.CreateLoadTest#VerifyiClientIsAbleToAssignCustomerLoadToVendor</h3><table class="result"><tr><th>Exception</th></tr><tr><td><div class="stacktrace">java.lang.AssertionError: Expected condition failed: waiting for visibility of element located by By.xpath: //span[normalize-space()=&apos;Create Load&apos;] (tried for 20 second(s) with 500 milliseconds interval)
	at web.pages.BaseMethods.waitForElementVisibility(BaseMethods.java:152)
	at web.pages.BaseMethods.clickElement(BaseMethods.java:299)
	at web.pages.CreateLoadPage.createLoadByDropdown(CreateLoadPage.java:173)
	at tests.CreateLoadTest.VerifyiClientIsAbleToAssignCustomerLoadToVendor(CreateLoadTest.java:96)
	at java.base/java.util.ArrayList.forEach(ArrayList.java:1596)
... Removed 31 stack frames</div></td></tr></table><p class="totop"><a href="#summary">back to summary</a></p>
<h3 id="m13">tests.CreateLoadTest#VerifyiClientIsAbleToAssignMyLoadBothCases</h3><table class="result"><tr><th>Exception</th></tr><tr><td><div class="stacktrace">java.lang.AssertionError: Expected condition failed: waiting for visibility of element located by By.xpath: //span[normalize-space()=&apos;Create Load&apos;] (tried for 20 second(s) with 500 milliseconds interval)
	at web.pages.BaseMethods.waitForElementVisibility(BaseMethods.java:152)
	at web.pages.BaseMethods.clickElement(BaseMethods.java:299)
	at web.pages.CreateLoadPage.MyLoad(CreateLoadPage.java:207)
	at tests.CreateLoadTest.VerifyiClientIsAbleToAssignMyLoadBothCases(CreateLoadTest.java:147)
	at java.base/java.util.ArrayList.forEach(ArrayList.java:1596)
... Removed 31 stack frames</div></td></tr></table><p class="totop"><a href="#summary">back to summary</a></p>
<h3 id="m14">tests.CreateLoadTest#VerifyiClientIsAbleToAssignMyLoadToDriver</h3><table class="result"><tr><th>Exception</th></tr><tr><td><div class="stacktrace">java.lang.AssertionError: Expected condition failed: waiting for visibility of element located by By.xpath: //span[normalize-space()=&apos;Create Load&apos;] (tried for 20 second(s) with 500 milliseconds interval)
	at web.pages.BaseMethods.waitForElementVisibility(BaseMethods.java:152)
	at web.pages.BaseMethods.clickElement(BaseMethods.java:299)
	at web.pages.CreateLoadPage.MyLoad(CreateLoadPage.java:207)
	at tests.CreateLoadTest.VerifyiClientIsAbleToAssignMyLoadToDriver(CreateLoadTest.java:126)
	at java.base/java.util.ArrayList.forEach(ArrayList.java:1596)
... Removed 31 stack frames</div></td></tr></table><p class="totop"><a href="#summary">back to summary</a></p>
<h3 id="m15">tests.CreateLoadTest#VerifyiClientIsAbleToAssignMyLoadToVendor</h3><table class="result"><tr><th>Exception</th></tr><tr><td><div class="stacktrace">java.lang.AssertionError: Expected condition failed: waiting for visibility of element located by By.xpath: //span[normalize-space()=&apos;Create Load&apos;] (tried for 20 second(s) with 500 milliseconds interval)
	at web.pages.BaseMethods.waitForElementVisibility(BaseMethods.java:152)
	at web.pages.BaseMethods.clickElement(BaseMethods.java:299)
	at web.pages.CreateLoadPage.MyLoad(CreateLoadPage.java:207)
	at tests.CreateLoadTest.VerifyiClientIsAbleToAssignMyLoadToVendor(CreateLoadTest.java:137)
	at java.base/java.util.ArrayList.forEach(ArrayList.java:1596)
... Removed 31 stack frames</div></td></tr></table><p class="totop"><a href="#summary">back to summary</a></p>
<h3 id="m16">tests.CreateLoadTest#VerifyiClientIsAbleToCreateMyLoad</h3><table class="result"><tr><th>Exception</th></tr><tr><td><div class="stacktrace">java.lang.AssertionError: Expected condition failed: waiting for visibility of element located by By.xpath: //span[normalize-space()=&apos;Create Load&apos;] (tried for 20 second(s) with 500 milliseconds interval)
	at web.pages.BaseMethods.waitForElementVisibility(BaseMethods.java:152)
	at web.pages.BaseMethods.clickElement(BaseMethods.java:299)
	at web.pages.CreateLoadPage.MyLoad(CreateLoadPage.java:207)
	at tests.CreateLoadTest.VerifyiClientIsAbleToCreateMyLoad(CreateLoadTest.java:39)
	at java.base/java.util.ArrayList.forEach(ArrayList.java:1596)
... Removed 31 stack frames</div></td></tr></table><p class="totop"><a href="#summary">back to summary</a></p>
<h3 id="m17">tests.CustomerLoadTest#loadByDropdown</h3><table class="result"><tr><th>Exception</th></tr><tr><td><div class="stacktrace">java.lang.AssertionError: Expected condition failed: waiting for visibility of element located by By.xpath: //span[normalize-space()=&apos;Create Load&apos;] (tried for 20 second(s) with 500 milliseconds interval)
	at web.pages.BaseMethods.waitForElementVisibility(BaseMethods.java:152)
	at web.pages.BaseMethods.clickElement(BaseMethods.java:299)
	at web.pages.CreateLoadPage.createLoadByDropdown(CreateLoadPage.java:173)
	at tests.CustomerLoadTest.loadByDropdown(CustomerLoadTest.java:33)
	at java.base/java.util.ArrayList.forEach(ArrayList.java:1596)
... Removed 31 stack frames</div></td></tr></table><p class="totop"><a href="#summary">back to summary</a></p>
<h3 id="m18">tests.CustomerTest#Dashboard</h3><table class="result"><tr><th>Exception</th></tr><tr><td><div class="stacktrace">java.lang.AssertionError: Expected condition failed: waiting for visibility of element located by By.xpath: //img[@class=&apos;pointer&apos;] (tried for 20 second(s) with 500 milliseconds interval)
	at web.pages.BaseMethods.waitForElementVisibility(BaseMethods.java:152)
	at web.pages.BaseMethods.clickElement(BaseMethods.java:299)
	at web.pages.CustomerPage.dashboardCustomer(CustomerPage.java:64)
	at tests.CustomerTest.Dashboard(CustomerTest.java:53)
	at java.base/java.util.ArrayList.forEach(ArrayList.java:1596)
... Removed 31 stack frames</div></td></tr></table><p class="totop"><a href="#summary">back to summary</a></p>
<h3 id="m19">tests.CustomerTest#VerifyUserIsAbleToAddCustomer</h3><table class="result"><tr><th>Exception</th></tr><tr><td><div class="stacktrace">java.lang.AssertionError: Expected condition failed: waiting for visibility of element located by By.xpath: //p[normalize-space()=&apos;Customer(s)&apos;] (tried for 20 second(s) with 500 milliseconds interval)
	at web.pages.BaseMethods.waitForElementVisibility(BaseMethods.java:152)
	at web.pages.BaseMethods.clickElement(BaseMethods.java:299)
	at web.pages.CustomerPage.addCustomer(CustomerPage.java:40)
	at tests.CustomerTest.VerifyUserIsAbleToAddCustomer(CustomerTest.java:42)
	at java.base/java.util.ArrayList.forEach(ArrayList.java:1596)
... Removed 31 stack frames</div></td></tr></table><p class="totop"><a href="#summary">back to summary</a></p>
<h3 id="m20">tests.CustomerTest#VerifyUserIsAbleToLogin</h3><table class="result"><tr><th>Exception</th></tr><tr><td><div class="stacktrace">java.lang.AssertionError: Expected condition failed: waiting for visibility of element located by By.xpath: //input[@formcontrolname=&apos;email&apos;] (tried for 30 second(s) with 500 milliseconds interval)
	at web.pages.BaseMethods.waitForElementVisibility(BaseMethods.java:152)
	at web.pages.BaseMethods.enterData(BaseMethods.java:248)
	at web.pages.LoginSignUPPage.userLoginn(LoginSignUPPage.java:84)
	at tests.CustomerTest.VerifyUserIsAbleToLogin(CustomerTest.java:36)
	at java.base/java.util.ArrayList.forEach(ArrayList.java:1596)
... Removed 31 stack frames</div></td></tr></table><p class="totop"><a href="#summary">back to summary</a></p>
<h3 id="m21">tests.CustomerTest#VerifyUserIsAbleToUpdateCustomer</h3><table class="result"><tr><th>Exception</th></tr><tr><td><div class="stacktrace">java.lang.AssertionError: Expected condition failed: waiting for visibility of element located by By.xpath: //span[normalize-space()=&apos;Masters&apos;] (tried for 20 second(s) with 500 milliseconds interval)
	at web.pages.BaseMethods.waitForElementVisibility(BaseMethods.java:152)
	at web.pages.BaseMethods.clickElement(BaseMethods.java:299)
	at web.pages.CustomerPage.updateCustomer(CustomerPage.java:73)
	at tests.CustomerTest.VerifyUserIsAbleToUpdateCustomer(CustomerTest.java:58)
	at java.base/java.util.ArrayList.forEach(ArrayList.java:1596)
... Removed 31 stack frames</div></td></tr></table><p class="totop"><a href="#summary">back to summary</a></p>
<h3 id="m22">tests.DriverTest#VerifyUserIsAbleToAddDriver</h3><table class="result"><tr><th>Exception</th></tr><tr><td><div class="stacktrace">java.lang.AssertionError: Expected condition failed: waiting for visibility of element located by By.xpath: //button[normalize-space()=&apos;+ Add Driver&apos;] (tried for 20 second(s) with 500 milliseconds interval)
Build info: version: &apos;4.21.0&apos;, revision: &apos;79ed462ef4&apos;
System info: os.name: &apos;Windows 10&apos;, os.arch: &apos;amd64&apos;, os.version: &apos;10.0&apos;, java.version: &apos;21&apos;
Driver info: org.openqa.selenium.chrome.ChromeDriver
Capabilities {acceptInsecureCerts: true, browserName: chrome, browserVersion: 132.0.6834.111, chrome: {chromedriverVersion: 132.0.6834.159 (2d77d3fc445..., userDataDir: C:\Users\dell\AppData\Local...}, fedcm:accounts: true, goog:chromeOptions: {debuggerAddress: localhost:53343}, networkConnectionEnabled: false, pageLoadStrategy: normal, platformName: windows, proxy: Proxy(), se:cdp: ws://localhost:53343/devtoo..., se:cdpVersion: 132.0.6834.111, setWindowRect: true, strictFileInteractability: false, timeouts: {implicit: 0, pageLoad: 300000, script: 30000}, unhandledPromptBehavior: dismiss and notify, webauthn:extension:credBlob: true, webauthn:extension:largeBlob: true, webauthn:extension:minPinLength: true, webauthn:extension:prf: true, webauthn:virtualAuthenticators: true}
Session ID: 843a16949d56fa254651b0d2739b822b
	at web.pages.BaseMethods.waitForElementVisibility(BaseMethods.java:152)
	at web.pages.BaseMethods.clickElement(BaseMethods.java:299)
	at web.pages.DriverPage.AddDriver(DriverPage.java:50)
	at tests.DriverTest.VerifyUserIsAbleToAddDriver(DriverTest.java:43)
	at java.base/java.util.ArrayList.forEach(ArrayList.java:1596)
... Removed 31 stack frames</div></td></tr></table><p class="totop"><a href="#summary">back to summary</a></p>
<h3 id="m23">tests.DriverTest#VerifyUserIsAbleToAddDriverUpdate</h3><table class="result"><tr><th>Exception</th></tr><tr><td><div class="stacktrace">java.lang.AssertionError: Expected condition failed: waiting for element to be clickable: By.xpath: //span[normalize-space()=&apos;Masters&apos;] (tried for 30 second(s) with 500 milliseconds interval)
	at web.pages.BaseMethods.waitForElementClickable(BaseMethods.java:196)
	at web.pages.BaseMethods.moveToElementClick(BaseMethods.java:316)
	at web.pages.DriverPage.updateDriver(DriverPage.java:112)
	at tests.DriverTest.VerifyUserIsAbleToAddDriverUpdate(DriverTest.java:59)
	at java.base/java.util.ArrayList.forEach(ArrayList.java:1596)
... Removed 31 stack frames</div></td></tr></table><p class="totop"><a href="#summary">back to summary</a></p>
<h3 id="m24">tests.LoginSignUpTest#AVerifyUserIsAbleToLogin</h3><table class="result"><tr><th>Exception</th></tr><tr><td><div class="stacktrace">java.lang.AssertionError: The following asserts failed:
	url is Mis-Matched expected [https://4tn5p340-4200.inc1.devtunnels.ms/auth/client-signup] but found [https://web.tonnij.com/auth/client-login]
	at tests.LoginSignUpTest.AVerifyUserIsAbleToLogin(LoginSignUpTest.java:30)
	at java.base/java.util.ArrayList.forEach(ArrayList.java:1596)
... Removed 32 stack frames</div></td></tr></table><p class="totop"><a href="#summary">back to summary</a></p>
<h3 id="m25">tests.MyLoadToDriverTest#VerifyiClientIsAbleToAssignMyLoadToBoth</h3><table class="result"><tr><th>Exception</th></tr><tr><td><div class="stacktrace">java.lang.AssertionError: Expected condition failed: waiting for visibility of element located by By.xpath: //span[normalize-space()=&apos;Create Load&apos;] (tried for 20 second(s) with 500 milliseconds interval)
	at web.pages.BaseMethods.waitForElementVisibility(BaseMethods.java:152)
	at web.pages.BaseMethods.clickElement(BaseMethods.java:299)
	at web.pages.CreateLoadPage.MyLoad(CreateLoadPage.java:207)
	at tests.MyLoadToDriverTest.VerifyiClientIsAbleToAssignMyLoadToBoth(MyLoadToDriverTest.java:54)
	at java.base/java.util.ArrayList.forEach(ArrayList.java:1596)
... Removed 31 stack frames</div></td></tr></table><p class="totop"><a href="#summary">back to summary</a></p>
<h3 id="m26">tests.MyLoadToDriverTest#VerifyiClientIsAbleToAssignMyLoadToBothclose</h3><table class="result"><tr><th>Exception</th></tr><tr><td><div class="stacktrace">java.lang.AssertionError: Expected condition failed: waiting for visibility of element located by By.xpath: //span[normalize-space()=&apos;Create Load&apos;] (tried for 20 second(s) with 500 milliseconds interval)
	at web.pages.BaseMethods.waitForElementVisibility(BaseMethods.java:152)
	at web.pages.BaseMethods.clickElement(BaseMethods.java:299)
	at web.pages.CreateLoadPage.MyLoad(CreateLoadPage.java:207)
	at tests.MyLoadToDriverTest.VerifyiClientIsAbleToAssignMyLoadToBothclose(MyLoadToDriverTest.java:64)
	at java.base/java.util.ArrayList.forEach(ArrayList.java:1596)
... Removed 31 stack frames</div></td></tr></table><p class="totop"><a href="#summary">back to summary</a></p>
<h3 id="m27">tests.MyLoadToDriverTest#VerifyiClientIsAbleToAssignMyLoadToDriver</h3><table class="result"><tr><th>Exception</th></tr><tr><td><div class="stacktrace">java.lang.AssertionError: Expected condition failed: waiting for visibility of element located by By.xpath: //span[normalize-space()=&apos;Create Load&apos;] (tried for 20 second(s) with 500 milliseconds interval)
	at web.pages.BaseMethods.waitForElementVisibility(BaseMethods.java:152)
	at web.pages.BaseMethods.clickElement(BaseMethods.java:299)
	at web.pages.CreateLoadPage.MyLoad(CreateLoadPage.java:207)
	at tests.MyLoadToDriverTest.VerifyiClientIsAbleToAssignMyLoadToDriver(MyLoadToDriverTest.java:33)
	at java.base/java.util.ArrayList.forEach(ArrayList.java:1596)
... Removed 31 stack frames</div></td></tr></table><p class="totop"><a href="#summary">back to summary</a></p>
<h3 id="m28">tests.MyLoadToDriverTest#VerifyiClientIsAbleToAssignMyLoadToVendor</h3><table class="result"><tr><th>Exception</th></tr><tr><td><div class="stacktrace">java.lang.AssertionError: Expected condition failed: waiting for visibility of element located by By.xpath: //span[normalize-space()=&apos;Create Load&apos;] (tried for 20 second(s) with 500 milliseconds interval)
	at web.pages.BaseMethods.waitForElementVisibility(BaseMethods.java:152)
	at web.pages.BaseMethods.clickElement(BaseMethods.java:299)
	at web.pages.CreateLoadPage.MyLoad(CreateLoadPage.java:207)
	at tests.MyLoadToDriverTest.VerifyiClientIsAbleToAssignMyLoadToVendor(MyLoadToDriverTest.java:44)
	at java.base/java.util.ArrayList.forEach(ArrayList.java:1596)
... Removed 31 stack frames</div></td></tr></table><p class="totop"><a href="#summary">back to summary</a></p>
<h3 id="m29">tests.TrailerTest#AVerifyUserIsAbleToGoDasboard</h3><table class="result"><tr><th>Exception</th></tr><tr><td><div class="stacktrace">java.lang.AssertionError: Expected condition failed: waiting for visibility of element located by By.xpath: //img[@class=&apos;pointer&apos;] (tried for 20 second(s) with 500 milliseconds interval)
	at web.pages.BaseMethods.waitForElementVisibility(BaseMethods.java:152)
	at web.pages.BaseMethods.clickElement(BaseMethods.java:299)
	at web.pages.TrailerPage.dashboardTrailer(TrailerPage.java:56)
	at tests.TrailerTest.AVerifyUserIsAbleToGoDasboard(TrailerTest.java:53)
	at java.base/java.util.ArrayList.forEach(ArrayList.java:1596)
... Removed 31 stack frames</div></td></tr></table><p class="totop"><a href="#summary">back to summary</a></p>
<h3 id="m30">tests.TrailerTest#VerifyUserIsAbleToAddTrailer</h3><table class="result"><tr><th>Exception</th></tr><tr><td><div class="stacktrace">java.lang.AssertionError: Expected condition failed: waiting for visibility of element located by By.xpath: //p[normalize-space()=&apos;Trailer(s)&apos;] (tried for 20 second(s) with 500 milliseconds interval)
	at web.pages.BaseMethods.waitForElementVisibility(BaseMethods.java:152)
	at web.pages.BaseMethods.clickElement(BaseMethods.java:299)
	at web.pages.TrailerPage.AddTrailer(TrailerPage.java:28)
	at tests.TrailerTest.VerifyUserIsAbleToAddTrailer(TrailerTest.java:43)
	at java.base/java.util.ArrayList.forEach(ArrayList.java:1596)
... Removed 31 stack frames</div></td></tr></table><p class="totop"><a href="#summary">back to summary</a></p>
<h3 id="m31">tests.TruckTest#AVerifyUserIsAbleToGoDasboard</h3><table class="result"><tr><th>Exception</th></tr><tr><td><div class="stacktrace">java.lang.AssertionError: Expected condition failed: waiting for visibility of element located by By.xpath: //img[@class=&apos;pointer&apos;] (tried for 20 second(s) with 500 milliseconds interval)
	at web.pages.BaseMethods.waitForElementVisibility(BaseMethods.java:152)
	at web.pages.BaseMethods.clickElement(BaseMethods.java:299)
	at web.pages.TruckPage.dashboardTruck(TruckPage.java:59)
	at tests.TruckTest.AVerifyUserIsAbleToGoDasboard(TruckTest.java:52)
	at java.base/java.util.ArrayList.forEach(ArrayList.java:1596)
... Removed 31 stack frames</div></td></tr></table><p class="totop"><a href="#summary">back to summary</a></p>
<h3 id="m32">tests.TruckTest#VerifyUserIsAbleToAddTruck</h3><table class="result"><tr><th>Exception</th></tr><tr><td><div class="stacktrace">java.lang.AssertionError: Expected condition failed: waiting for visibility of element located by By.xpath: //p[normalize-space()=&apos;Truck(s)&apos;] (tried for 20 second(s) with 500 milliseconds interval)
	at web.pages.BaseMethods.waitForElementVisibility(BaseMethods.java:152)
	at web.pages.BaseMethods.clickElement(BaseMethods.java:299)
	at web.pages.TruckPage.addTruck(TruckPage.java:31)
	at tests.TruckTest.VerifyUserIsAbleToAddTruck(TruckTest.java:43)
	at java.base/java.util.ArrayList.forEach(ArrayList.java:1596)
... Removed 31 stack frames</div></td></tr></table><p class="totop"><a href="#summary">back to summary</a></p>
<h3 id="m33">tests.TruckTest#VerifyUserIsAbleToLogin</h3><table class="result"><tr><th>Exception</th></tr><tr><td><div class="stacktrace">java.lang.AssertionError: Expected condition failed: waiting for visibility of element located by By.xpath: //input[@formcontrolname=&apos;email&apos;] (tried for 30 second(s) with 500 milliseconds interval)
	at web.pages.BaseMethods.waitForElementVisibility(BaseMethods.java:152)
	at web.pages.BaseMethods.enterData(BaseMethods.java:248)
	at web.pages.LoginSignUPPage.userLoginn(LoginSignUPPage.java:84)
	at tests.TruckTest.VerifyUserIsAbleToLogin(TruckTest.java:38)
	at java.base/java.util.ArrayList.forEach(ArrayList.java:1596)
... Removed 31 stack frames</div></td></tr></table><p class="totop"><a href="#summary">back to summary</a></p>
<h3 id="m34">tests.UserTest#AVerifyUserIsAbleToLogin</h3><table class="result"><tr><th>Exception</th></tr><tr><td><div class="stacktrace">java.lang.AssertionError: Expected condition failed: waiting for visibility of element located by By.xpath: //button[normalize-space()=&apos;Login to Dashboard&apos;] (tried for 20 second(s) with 500 milliseconds interval)
	at web.pages.BaseMethods.waitForElementVisibility(BaseMethods.java:152)
	at web.pages.BaseMethods.clickElement(BaseMethods.java:299)
	at web.pages.LoginSignUPPage.registerTab(LoginSignUPPage.java:74)
	at tests.UserTest.AVerifyUserIsAbleToLogin(UserTest.java:27)
	at java.base/java.util.ArrayList.forEach(ArrayList.java:1596)
... Removed 31 stack frames</div></td></tr></table><p class="totop"><a href="#summary">back to summary</a></p>
<h3 id="m35">tests.UserTest#BVerifyUserIsAbleToAddManager</h3><table class="result"><tr><th>Exception</th></tr><tr><td><div class="stacktrace">org.openqa.selenium.NoSuchWindowException: no such window: target window already closed
from unknown error: web view not found
  (Session info: chrome=132.0.6834.111)
Build info: version: &apos;4.21.0&apos;, revision: &apos;79ed462ef4&apos;
System info: os.name: &apos;Windows 10&apos;, os.arch: &apos;amd64&apos;, os.version: &apos;10.0&apos;, java.version: &apos;21&apos;
Driver info: org.openqa.selenium.chrome.ChromeDriver
Command: [17ffc0453291f4386f35d3480ea8ef1e, findElement {using=xpath, value=(//input[@type=&apos;file&apos;])[1]}]
Capabilities {acceptInsecureCerts: true, browserName: chrome, browserVersion: 132.0.6834.111, chrome: {chromedriverVersion: 132.0.6834.159 (2d77d3fc445..., userDataDir: C:\Users\dell\AppData\Local...}, fedcm:accounts: true, goog:chromeOptions: {debuggerAddress: localhost:54097}, networkConnectionEnabled: false, pageLoadStrategy: normal, platformName: windows, proxy: Proxy(), se:cdp: ws://localhost:54097/devtoo..., se:cdpVersion: 132.0.6834.111, setWindowRect: true, strictFileInteractability: false, timeouts: {implicit: 0, pageLoad: 300000, script: 30000}, unhandledPromptBehavior: dismiss and notify, webauthn:extension:credBlob: true, webauthn:extension:largeBlob: true, webauthn:extension:minPinLength: true, webauthn:extension:prf: true, webauthn:virtualAuthenticators: true}
Session ID: 17ffc0453291f4386f35d3480ea8ef1e
	at org.openqa.selenium.remote.ErrorCodec.decode(ErrorCodec.java:167)
	at org.openqa.selenium.remote.codec.w3c.W3CHttpResponseCodec.decode(W3CHttpResponseCodec.java:138)
	at org.openqa.selenium.remote.codec.w3c.W3CHttpResponseCodec.decode(W3CHttpResponseCodec.java:50)
	at org.openqa.selenium.remote.HttpCommandExecutor.execute(HttpCommandExecutor.java:190)
	at org.openqa.selenium.remote.service.DriverCommandExecutor.invokeExecute(DriverCommandExecutor.java:216)
	at org.openqa.selenium.remote.service.DriverCommandExecutor.execute(DriverCommandExecutor.java:174)
	at org.openqa.selenium.remote.RemoteWebDriver.execute(RemoteWebDriver.java:518)
	at org.openqa.selenium.remote.ElementLocation$ElementFinder$2.findElement(ElementLocation.java:165)
	at org.openqa.selenium.remote.ElementLocation.findElement(ElementLocation.java:59)
	at org.openqa.selenium.remote.RemoteWebDriver.findElement(RemoteWebDriver.java:355)
	at org.openqa.selenium.remote.RemoteWebDriver.findElement(RemoteWebDriver.java:349)
	at web.pages.BaseMethods.uploadFile(BaseMethods.java:261)
	at web.pages.UserPage.Company_Info(UserPage.java:72)
	at tests.UserTest.BVerifyUserIsAbleToAddManager(UserTest.java:41)
	at java.base/java.util.ArrayList.forEach(ArrayList.java:1596)
... Removed 33 stack frames</div></td></tr></table><p class="totop"><a href="#summary">back to summary</a></p>
<h3 id="m36">tests.UserTest#CVerifyUserIsAbleToUploadDocument</h3><table class="result"><tr><th>Exception</th></tr><tr><td><div class="stacktrace">org.openqa.selenium.NoSuchWindowException: no such window: target window already closed
from unknown error: web view not found
  (Session info: chrome=132.0.6834.111)
Build info: version: &apos;4.21.0&apos;, revision: &apos;79ed462ef4&apos;
System info: os.name: &apos;Windows 10&apos;, os.arch: &apos;amd64&apos;, os.version: &apos;10.0&apos;, java.version: &apos;21&apos;
Driver info: org.openqa.selenium.chrome.ChromeDriver
Command: [17ffc0453291f4386f35d3480ea8ef1e, findElement {using=xpath, value=(//input[@type=&apos;file&apos;])[2]}]
Capabilities {acceptInsecureCerts: true, browserName: chrome, browserVersion: 132.0.6834.111, chrome: {chromedriverVersion: 132.0.6834.159 (2d77d3fc445..., userDataDir: C:\Users\dell\AppData\Local...}, fedcm:accounts: true, goog:chromeOptions: {debuggerAddress: localhost:54097}, networkConnectionEnabled: false, pageLoadStrategy: normal, platformName: windows, proxy: Proxy(), se:cdp: ws://localhost:54097/devtoo..., se:cdpVersion: 132.0.6834.111, setWindowRect: true, strictFileInteractability: false, timeouts: {implicit: 0, pageLoad: 300000, script: 30000}, unhandledPromptBehavior: dismiss and notify, webauthn:extension:credBlob: true, webauthn:extension:largeBlob: true, webauthn:extension:minPinLength: true, webauthn:extension:prf: true, webauthn:virtualAuthenticators: true}
Session ID: 17ffc0453291f4386f35d3480ea8ef1e
	at org.openqa.selenium.remote.ErrorCodec.decode(ErrorCodec.java:167)
	at org.openqa.selenium.remote.codec.w3c.W3CHttpResponseCodec.decode(W3CHttpResponseCodec.java:138)
	at org.openqa.selenium.remote.codec.w3c.W3CHttpResponseCodec.decode(W3CHttpResponseCodec.java:50)
	at org.openqa.selenium.remote.HttpCommandExecutor.execute(HttpCommandExecutor.java:190)
	at org.openqa.selenium.remote.service.DriverCommandExecutor.invokeExecute(DriverCommandExecutor.java:216)
	at org.openqa.selenium.remote.service.DriverCommandExecutor.execute(DriverCommandExecutor.java:174)
	at org.openqa.selenium.remote.RemoteWebDriver.execute(RemoteWebDriver.java:518)
	at org.openqa.selenium.remote.ElementLocation$ElementFinder$2.findElement(ElementLocation.java:165)
	at org.openqa.selenium.remote.ElementLocation.findElement(ElementLocation.java:59)
	at org.openqa.selenium.remote.RemoteWebDriver.findElement(RemoteWebDriver.java:355)
	at org.openqa.selenium.remote.RemoteWebDriver.findElement(RemoteWebDriver.java:349)
	at web.pages.BaseMethods.uploadFile(BaseMethods.java:261)
	at web.pages.UserPage.Upload_Document(UserPage.java:93)
	at tests.UserTest.CVerifyUserIsAbleToUploadDocument(UserTest.java:49)
	at java.base/java.util.ArrayList.forEach(ArrayList.java:1596)
... Removed 33 stack frames</div></td></tr></table><p class="totop"><a href="#summary">back to summary</a></p>
<h3 id="m37">tests.UserTest#DVerifyUserIsAbleToAddMasterSetting</h3><table class="result"><tr><th>Exception</th></tr><tr><td><div class="stacktrace">java.lang.AssertionError: Expected condition failed: waiting for visibility of element located by By.xpath: //input[@id=&apos;Order_Series_Number&apos;] (tried for 30 second(s) with 500 milliseconds interval)
	at web.pages.BaseMethods.waitForElementVisibility(BaseMethods.java:152)
	at web.pages.BaseMethods.enterData(BaseMethods.java:248)
	at web.pages.UserPage.Master_Settings(UserPage.java:108)
	at tests.UserTest.DVerifyUserIsAbleToAddMasterSetting(UserTest.java:55)
	at java.base/java.util.ArrayList.forEach(ArrayList.java:1596)
... Removed 31 stack frames</div></td></tr></table><p class="totop"><a href="#summary">back to summary</a></p>
<h3 id="m38">tests.UserTest#EVerifyUserIsAbleToTaxClass</h3><table class="result"><tr><th>Exception</th></tr><tr><td><div class="stacktrace">java.lang.AssertionError: Expected condition failed: waiting for visibility of element located by By.xpath: //button[normalize-space()=&apos;+ Add Class&apos;] (tried for 20 second(s) with 500 milliseconds interval)
	at web.pages.BaseMethods.waitForElementVisibility(BaseMethods.java:152)
	at web.pages.BaseMethods.clickElement(BaseMethods.java:299)
	at web.pages.UserPage.Tax_Class(UserPage.java:122)
	at tests.UserTest.EVerifyUserIsAbleToTaxClass(UserTest.java:61)
	at java.base/java.util.ArrayList.forEach(ArrayList.java:1596)
... Removed 31 stack frames</div></td></tr></table><p class="totop"><a href="#summary">back to summary</a></p>
<h3 id="m39">tests.UserTest#FVerifyAdminLogin</h3><table class="result"><tr><th>Exception</th></tr><tr><td><div class="stacktrace">java.lang.AssertionError: Expected condition failed: waiting for element to be clickable: By.cssSelector: .header-right--user.w-100.d-flex.align-items-center.justify-content-between.gap-2 (tried for 30 second(s) with 500 milliseconds interval)
	at web.pages.BaseMethods.waitForElementClickable(BaseMethods.java:196)
	at web.pages.BaseMethods.moveToElementClick(BaseMethods.java:316)
	at web.pages.LoginSignUPPage.After_Logout_Admin_Login(LoginSignUPPage.java:107)
	at tests.UserTest.FVerifyAdminLogin(UserTest.java:67)
	at java.base/java.util.ArrayList.forEach(ArrayList.java:1596)
... Removed 31 stack frames</div></td></tr></table><p class="totop"><a href="#summary">back to summary</a></p>
<h3 id="m40">tests.UserTest#GVerifyIfAdminIsAbleToApproveClient</h3><table class="result"><tr><th>Exception</th></tr><tr><td><div class="stacktrace">java.lang.AssertionError: Expected condition failed: waiting for visibility of element located by By.xpath: //p[normalize-space()=&apos;Pending Approval(s)&apos;] (tried for 20 second(s) with 500 milliseconds interval)
	at web.pages.BaseMethods.waitForElementVisibility(BaseMethods.java:152)
	at web.pages.BaseMethods.clickElement(BaseMethods.java:299)
	at web.pages.UserPage.Approve_From_Admin(UserPage.java:136)
	at tests.UserTest.GVerifyIfAdminIsAbleToApproveClient(UserTest.java:73)
	at java.base/java.util.ArrayList.forEach(ArrayList.java:1596)
... Removed 31 stack frames</div></td></tr></table><p class="totop"><a href="#summary">back to summary</a></p>
<h3 id="m41">tests.VendorTest#VerifyUserIsAbleToAddVendor</h3><table class="result"><tr><th>Exception</th></tr><tr><td><div class="stacktrace">java.lang.AssertionError: Expected condition failed: waiting for visibility of element located by By.xpath: //p[normalize-space()=&apos;Vendor(s)&apos;] (tried for 20 second(s) with 500 milliseconds interval)
Build info: version: &apos;4.21.0&apos;, revision: &apos;79ed462ef4&apos;
System info: os.name: &apos;Windows 10&apos;, os.arch: &apos;amd64&apos;, os.version: &apos;10.0&apos;, java.version: &apos;21&apos;
Driver info: org.openqa.selenium.chrome.ChromeDriver
Capabilities {acceptInsecureCerts: true, browserName: chrome, browserVersion: 132.0.6834.111, chrome: {chromedriverVersion: 132.0.6834.159 (2d77d3fc445..., userDataDir: C:\Users\dell\AppData\Local...}, fedcm:accounts: true, goog:chromeOptions: {debuggerAddress: localhost:54271}, networkConnectionEnabled: false, pageLoadStrategy: normal, platformName: windows, proxy: Proxy(), se:cdp: ws://localhost:54271/devtoo..., se:cdpVersion: 132.0.6834.111, setWindowRect: true, strictFileInteractability: false, timeouts: {implicit: 0, pageLoad: 300000, script: 30000}, unhandledPromptBehavior: dismiss and notify, webauthn:extension:credBlob: true, webauthn:extension:largeBlob: true, webauthn:extension:minPinLength: true, webauthn:extension:prf: true, webauthn:virtualAuthenticators: true}
Session ID: 497b982ff6e6731dd70f8d00197059a7
	at web.pages.BaseMethods.waitForElementVisibility(BaseMethods.java:152)
	at web.pages.BaseMethods.clickElement(BaseMethods.java:299)
	at web.pages.VendorPage.addVendor(VendorPage.java:40)
	at tests.VendorTest.VerifyUserIsAbleToAddVendor(VendorTest.java:42)
	at java.base/java.util.ArrayList.forEach(ArrayList.java:1596)
... Removed 31 stack frames</div></td></tr></table><p class="totop"><a href="#summary">back to summary</a></p>
<h3 id="m42">tests.ImportAllMastersTest#tearDown</h3><table class="result"><tr><th class="invisible"/></tr></table><p class="totop"><a href="#summary">back to summary</a></p>
<h3 id="m43">tests.MyLoadTest#tearDown</h3><table class="result"><tr><th class="invisible"/></tr></table><p class="totop"><a href="#summary">back to summary</a></p>
<h3 id="m44">tests.ImportAllMastersTest#VerifyUserIsAbleToImportDriver</h3><table class="result"><tr><th>Exception</th></tr><tr><td><div class="stacktrace">java.lang.AssertionError: Expected condition failed: waiting for visibility of element located by By.xpath: //input[@formcontrolname=&apos;email&apos;] (tried for 30 second(s) with 500 milliseconds interval)
	at web.pages.BaseMethods.waitForElementVisibility(BaseMethods.java:152)
	at web.pages.BaseMethods.enterData(BaseMethods.java:248)
	at web.pages.LoginSignUPPage.userLoginn(LoginSignUPPage.java:84)
	at tests.ImportAllMastersTest.setup(ImportAllMastersTest.java:28)
	at java.base/java.util.ArrayList.forEach(ArrayList.java:1596)
... Removed 29 stack frames</div></td></tr></table><p class="totop"><a href="#summary">back to summary</a></p>
<h3 id="m45">tests.MyLoadTest#VerifyiClientIsAbleToAssignMyLoadToBoth</h3><table class="result"><tr><th>Exception</th></tr><tr><td><div class="stacktrace">java.lang.AssertionError: Expected condition failed: waiting for visibility of element located by By.xpath: //input[@formcontrolname=&apos;email&apos;] (tried for 30 second(s) with 500 milliseconds interval)
	at web.pages.BaseMethods.waitForElementVisibility(BaseMethods.java:152)
	at web.pages.BaseMethods.enterData(BaseMethods.java:248)
	at web.pages.LoginSignUPPage.userLoginn(LoginSignUPPage.java:84)
	at tests.MyLoadTest.setup(MyLoadTest.java:23)
	at java.base/java.util.ArrayList.forEach(ArrayList.java:1596)
... Removed 29 stack frames</div></td></tr></table><p class="totop"><a href="#summary">back to summary</a></p>
<h3 id="m46">tests.MyLoadTest#VerifyiClientIsAbleToAssignMyLoadToBothclose</h3><table class="result"><tr><th>Exception</th></tr><tr><td><div class="stacktrace">java.lang.AssertionError: Expected condition failed: waiting for visibility of element located by By.xpath: //input[@formcontrolname=&apos;email&apos;] (tried for 30 second(s) with 500 milliseconds interval)
	at web.pages.BaseMethods.waitForElementVisibility(BaseMethods.java:152)
	at web.pages.BaseMethods.enterData(BaseMethods.java:248)
	at web.pages.LoginSignUPPage.userLoginn(LoginSignUPPage.java:84)
	at tests.MyLoadTest.setup(MyLoadTest.java:23)
	at java.base/java.util.ArrayList.forEach(ArrayList.java:1596)
... Removed 29 stack frames</div></td></tr></table><p class="totop"><a href="#summary">back to summary</a></p>
<h3 id="m47">tests.MyLoadTest#VerifyiClientIsAbleToAssignMyLoadToDriver</h3><table class="result"><tr><th>Exception</th></tr><tr><td><div class="stacktrace">java.lang.AssertionError: Expected condition failed: waiting for visibility of element located by By.xpath: //input[@formcontrolname=&apos;email&apos;] (tried for 30 second(s) with 500 milliseconds interval)
	at web.pages.BaseMethods.waitForElementVisibility(BaseMethods.java:152)
	at web.pages.BaseMethods.enterData(BaseMethods.java:248)
	at web.pages.LoginSignUPPage.userLoginn(LoginSignUPPage.java:84)
	at tests.MyLoadTest.setup(MyLoadTest.java:23)
	at java.base/java.util.ArrayList.forEach(ArrayList.java:1596)
... Removed 29 stack frames</div></td></tr></table><p class="totop"><a href="#summary">back to summary</a></p>
<h3 id="m48">tests.MyLoadTest#VerifyiClientIsAbleToAssignMyLoadToVendor</h3><table class="result"><tr><th>Exception</th></tr><tr><td><div class="stacktrace">java.lang.AssertionError: Expected condition failed: waiting for visibility of element located by By.xpath: //input[@formcontrolname=&apos;email&apos;] (tried for 30 second(s) with 500 milliseconds interval)
	at web.pages.BaseMethods.waitForElementVisibility(BaseMethods.java:152)
	at web.pages.BaseMethods.enterData(BaseMethods.java:248)
	at web.pages.LoginSignUPPage.userLoginn(LoginSignUPPage.java:84)
	at tests.MyLoadTest.setup(MyLoadTest.java:23)
	at java.base/java.util.ArrayList.forEach(ArrayList.java:1596)
... Removed 29 stack frames</div></td></tr></table><p class="totop"><a href="#summary">back to summary</a></p>
<h3 id="m49">tests.CustomerLoadTest#VerifyUserIsAbleToLogin</h3><table class="result"><tr><th class="invisible"/></tr></table><p class="totop"><a href="#summary">back to summary</a></p>
<h3 id="m50">tests.DriverTest#DriverList</h3><table class="result"><tr><th class="invisible"/></tr></table><p class="totop"><a href="#summary">back to summary</a></p>
<h3 id="m51">tests.TrailerTest#VerifyUserIsAbleToLogin</h3><table class="result"><tr><th class="invisible"/></tr></table><p class="totop"><a href="#summary">back to summary</a></p>
<h3 id="m52">tests.VendorTest#DashboardVendorList</h3><table class="result"><tr><th class="invisible"/></tr></table><p class="totop"><a href="#summary">back to summary</a></p>
<h3 id="m53">tests.VendorTest#VerifyUserIsAbleToLogin</h3><table class="result"><tr><th class="invisible"/></tr></table><p class="totop"><a href="#summary">back to summary</a></p>
</body>
</html>
