<!DOCTYPE html>

<html>
  <head>
  <meta charset='utf-8'>
  <title>TestNG reports</title>

    <link type="text/css" href="testng-reports1.css" rel="stylesheet" id="ultra" />
    <link type="text/css" href="testng-reports.css" rel="stylesheet" id="retro" disabled="false"/>
    <script type="text/javascript" src="jquery.min.js"></script>
    <script type="text/javascript" src="testng-reports.js"></script>
    <script type="text/javascript" src="https://www.google.com/jsapi"></script>
    <script type='text/javascript'>
      google.load('visualization', '1', {packages:['table']});
      google.setOnLoadCallback(drawTable);
      var suiteTableInitFunctions = new Array();
      var suiteTableData = new Array();
    </script>
    <!--
      <script type="text/javascript" src="jquery-ui/js/jquery-ui-1.8.16.custom.min.js"></script>
     -->
  </head>

  <body>
    <div class="top-banner-root">
      <span class="top-banner-title-font">Test results</span>
      <button id="button" class="button">Switch Retro Theme</button> <!-- button -->
      <br/>
      <span class="top-banner-font-1">1 suite, 40 failed tests</span>
    </div> <!-- top-banner-root -->
    <div class="navigator-root">
      <div class="navigator-suite-header">
        <span>All suites</span>
        <a href="#" title="Collapse/expand all the suites" class="collapse-all-link">
          <img src="collapseall.gif" class="collapse-all-icon">
          </img> <!-- collapse-all-icon -->
        </a> <!-- collapse-all-link -->
      </div> <!-- navigator-suite-header -->
      <div class="suite">
        <div class="rounded-window">
          <div class="suite-header light-rounded-window-top">
            <a href="#" panel-name="suite-Surefire_suite" class="navigator-link">
              <span class="suite-name border-failed">Surefire suite</span>
            </a> <!-- navigator-link -->
          </div> <!-- suite-header light-rounded-window-top -->
          <div class="navigator-suite-content">
            <div class="suite-section-title">
              <span>Info</span>
            </div> <!-- suite-section-title -->
            <div class="suite-section-content">
              <ul>
                <li>
                  <a href="#" panel-name="test-xml-Surefire_suite" class="navigator-link ">
                    <span>[unset file name]</span>
                  </a> <!-- navigator-link  -->
                </li>
                <li>
                  <a href="#" panel-name="testlist-Surefire_suite" class="navigator-link ">
                    <span class="test-stats">1 test</span>
                  </a> <!-- navigator-link  -->
                </li>
                <li>
                  <a href="#" panel-name="group-Surefire_suite" class="navigator-link ">
                    <span>1 group</span>
                  </a> <!-- navigator-link  -->
                </li>
                <li>
                  <a href="#" panel-name="times-Surefire_suite" class="navigator-link ">
                    <span>Times</span>
                  </a> <!-- navigator-link  -->
                </li>
                <li>
                  <a href="#" panel-name="reporter-Surefire_suite" class="navigator-link ">
                    <span>Reporter output</span>
                  </a> <!-- navigator-link  -->
                </li>
                <li>
                  <a href="#" panel-name="ignored-methods-Surefire_suite" class="navigator-link ">
                    <span>Ignored methods</span>
                  </a> <!-- navigator-link  -->
                </li>
                <li>
                  <a href="#" panel-name="chronological-Surefire_suite" class="navigator-link ">
                    <span>Chronological view</span>
                  </a> <!-- navigator-link  -->
                </li>
              </ul>
            </div> <!-- suite-section-content -->
            <div class="result-section">
              <div class="suite-section-title">
                <span>Results</span>
              </div> <!-- suite-section-title -->
              <div class="suite-section-content">
                <ul>
                  <li>
                    <span class="method-stats">50 methods, 40 failed,  5 skipped,  5 passed</span>
                  </li>
                  <li>
                    <span class="method-list-title failed">Failed methods</span>
                    <span class="show-or-hide-methods failed">
                      <a href="#" panel-name="suite-Surefire_suite" class="hide-methods failed suite-Surefire_suite"> (hide)</a> <!-- hide-methods failed suite-Surefire_suite -->
                      <a href="#" panel-name="suite-Surefire_suite" class="show-methods failed suite-Surefire_suite"> (show)</a> <!-- show-methods failed suite-Surefire_suite -->
                    </span>
                    <div class="method-list-content failed suite-Surefire_suite">
                      <span>
                        <img src="failed.png" width="3%"/>
                        <a href="#" panel-name="suite-Surefire_suite" title="tests.TrailerTest" class="method navigator-link" hash-for-method="AVerifyUserIsAbleToGoDasboard">AVerifyUserIsAbleToGoDasboard</a> <!-- method navigator-link -->
                      </span>
                      <br/>
                      <span>
                        <img src="failed.png" width="3%"/>
                        <a href="#" panel-name="suite-Surefire_suite" title="tests.TruckTest" class="method navigator-link" hash-for-method="AVerifyUserIsAbleToGoDasboard">AVerifyUserIsAbleToGoDasboard</a> <!-- method navigator-link -->
                      </span>
                      <br/>
                      <span>
                        <img src="failed.png" width="3%"/>
                        <a href="#" panel-name="suite-Surefire_suite" title="tests.LoginSignUpTest" class="method navigator-link" hash-for-method="AVerifyUserIsAbleToLogin">AVerifyUserIsAbleToLogin</a> <!-- method navigator-link -->
                      </span>
                      <br/>
                      <span>
                        <img src="failed.png" width="3%"/>
                        <a href="#" panel-name="suite-Surefire_suite" title="tests.UserTest" class="method navigator-link" hash-for-method="AVerifyUserIsAbleToLogin">AVerifyUserIsAbleToLogin</a> <!-- method navigator-link -->
                      </span>
                      <br/>
                      <span>
                        <img src="failed.png" width="3%"/>
                        <a href="#" panel-name="suite-Surefire_suite" title="tests.UserTest" class="method navigator-link" hash-for-method="BVerifyUserIsAbleToAddManager">BVerifyUserIsAbleToAddManager</a> <!-- method navigator-link -->
                      </span>
                      <br/>
                      <span>
                        <img src="failed.png" width="3%"/>
                        <a href="#" panel-name="suite-Surefire_suite" title="tests.UserTest" class="method navigator-link" hash-for-method="CVerifyUserIsAbleToUploadDocument">CVerifyUserIsAbleToUploadDocument</a> <!-- method navigator-link -->
                      </span>
                      <br/>
                      <span>
                        <img src="failed.png" width="3%"/>
                        <a href="#" panel-name="suite-Surefire_suite" title="tests.CreateLoadTest" class="method navigator-link" hash-for-method="CreateLoadOfExistingCustomer">CreateLoadOfExistingCustomer</a> <!-- method navigator-link -->
                      </span>
                      <br/>
                      <span>
                        <img src="failed.png" width="3%"/>
                        <a href="#" panel-name="suite-Surefire_suite" title="tests.UserTest" class="method navigator-link" hash-for-method="DVerifyUserIsAbleToAddMasterSetting">DVerifyUserIsAbleToAddMasterSetting</a> <!-- method navigator-link -->
                      </span>
                      <br/>
                      <span>
                        <img src="failed.png" width="3%"/>
                        <a href="#" panel-name="suite-Surefire_suite" title="tests.CustomerTest" class="method navigator-link" hash-for-method="Dashboard">Dashboard</a> <!-- method navigator-link -->
                      </span>
                      <br/>
                      <span>
                        <img src="failed.png" width="3%"/>
                        <a href="#" panel-name="suite-Surefire_suite" title="tests.UserTest" class="method navigator-link" hash-for-method="EVerifyUserIsAbleToTaxClass">EVerifyUserIsAbleToTaxClass</a> <!-- method navigator-link -->
                      </span>
                      <br/>
                      <span>
                        <img src="failed.png" width="3%"/>
                        <a href="#" panel-name="suite-Surefire_suite" title="tests.UserTest" class="method navigator-link" hash-for-method="FVerifyAdminLogin">FVerifyAdminLogin</a> <!-- method navigator-link -->
                      </span>
                      <br/>
                      <span>
                        <img src="failed.png" width="3%"/>
                        <a href="#" panel-name="suite-Surefire_suite" title="tests.UserTest" class="method navigator-link" hash-for-method="GVerifyIfAdminIsAbleToApproveClient">GVerifyIfAdminIsAbleToApproveClient</a> <!-- method navigator-link -->
                      </span>
                      <br/>
                      <span>
                        <img src="failed.png" width="3%"/>
                        <a href="#" panel-name="suite-Surefire_suite" title="tests.CreateLoadTest" class="method navigator-link" hash-for-method="VerifyClientIsAbleToCreateLoadOfNewCustomer">VerifyClientIsAbleToCreateLoadOfNewCustomer</a> <!-- method navigator-link -->
                      </span>
                      <br/>
                      <span>
                        <img src="failed.png" width="3%"/>
                        <a href="#" panel-name="suite-Surefire_suite" title="tests.CustomerTest" class="method navigator-link" hash-for-method="VerifyUserIsAbleToAddCustomer">VerifyUserIsAbleToAddCustomer</a> <!-- method navigator-link -->
                      </span>
                      <br/>
                      <span>
                        <img src="failed.png" width="3%"/>
                        <a href="#" panel-name="suite-Surefire_suite" title="tests.DriverTest" class="method navigator-link" hash-for-method="VerifyUserIsAbleToAddDriver">VerifyUserIsAbleToAddDriver</a> <!-- method navigator-link -->
                      </span>
                      <br/>
                      <span>
                        <img src="failed.png" width="3%"/>
                        <a href="#" panel-name="suite-Surefire_suite" title="tests.DriverTest" class="method navigator-link" hash-for-method="VerifyUserIsAbleToAddDriverUpdate">VerifyUserIsAbleToAddDriverUpdate</a> <!-- method navigator-link -->
                      </span>
                      <br/>
                      <span>
                        <img src="failed.png" width="3%"/>
                        <a href="#" panel-name="suite-Surefire_suite" title="tests.TrailerTest" class="method navigator-link" hash-for-method="VerifyUserIsAbleToAddTrailer">VerifyUserIsAbleToAddTrailer</a> <!-- method navigator-link -->
                      </span>
                      <br/>
                      <span>
                        <img src="failed.png" width="3%"/>
                        <a href="#" panel-name="suite-Surefire_suite" title="tests.TruckTest" class="method navigator-link" hash-for-method="VerifyUserIsAbleToAddTruck">VerifyUserIsAbleToAddTruck</a> <!-- method navigator-link -->
                      </span>
                      <br/>
                      <span>
                        <img src="failed.png" width="3%"/>
                        <a href="#" panel-name="suite-Surefire_suite" title="tests.VendorTest" class="method navigator-link" hash-for-method="VerifyUserIsAbleToAddVendor">VerifyUserIsAbleToAddVendor</a> <!-- method navigator-link -->
                      </span>
                      <br/>
                      <span>
                        <img src="failed.png" width="3%"/>
                        <a href="#" panel-name="suite-Surefire_suite" title="tests.TruckTest" class="method navigator-link" hash-for-method="VerifyUserIsAbleToLogin">VerifyUserIsAbleToLogin</a> <!-- method navigator-link -->
                      </span>
                      <br/>
                      <span>
                        <img src="failed.png" width="3%"/>
                        <a href="#" panel-name="suite-Surefire_suite" title="tests.CustomerTest" class="method navigator-link" hash-for-method="VerifyUserIsAbleToLogin">VerifyUserIsAbleToLogin</a> <!-- method navigator-link -->
                      </span>
                      <br/>
                      <span>
                        <img src="failed.png" width="3%"/>
                        <a href="#" panel-name="suite-Surefire_suite" title="tests.CustomerTest" class="method navigator-link" hash-for-method="VerifyUserIsAbleToUpdateCustomer">VerifyUserIsAbleToUpdateCustomer</a> <!-- method navigator-link -->
                      </span>
                      <br/>
                      <span>
                        <img src="failed.png" width="3%"/>
                        <a href="#" panel-name="suite-Surefire_suite" title="tests.CreateLoadTest" class="method navigator-link" hash-for-method="VerifyiClientIsAbleToAssignCustomerLoadToBoth">VerifyiClientIsAbleToAssignCustomerLoadToBoth</a> <!-- method navigator-link -->
                      </span>
                      <br/>
                      <span>
                        <img src="failed.png" width="3%"/>
                        <a href="#" panel-name="suite-Surefire_suite" title="tests.CreateLoadTest" class="method navigator-link" hash-for-method="VerifyiClientIsAbleToAssignCustomerLoadToDriver">VerifyiClientIsAbleToAssignCustomerLoadToDriver</a> <!-- method navigator-link -->
                      </span>
                      <br/>
                      <span>
                        <img src="failed.png" width="3%"/>
                        <a href="#" panel-name="suite-Surefire_suite" title="tests.CreateLoadTest" class="method navigator-link" hash-for-method="VerifyiClientIsAbleToAssignCustomerLoadToVendor">VerifyiClientIsAbleToAssignCustomerLoadToVendor</a> <!-- method navigator-link -->
                      </span>
                      <br/>
                      <span>
                        <img src="failed.png" width="3%"/>
                        <a href="#" panel-name="suite-Surefire_suite" title="tests.CreateLoadTest" class="method navigator-link" hash-for-method="VerifyiClientIsAbleToAssignMyLoadBothCases">VerifyiClientIsAbleToAssignMyLoadBothCases</a> <!-- method navigator-link -->
                      </span>
                      <br/>
                      <span>
                        <img src="failed.png" width="3%"/>
                        <a href="#" panel-name="suite-Surefire_suite" title="tests.MyLoadToDriverTest" class="method navigator-link" hash-for-method="VerifyiClientIsAbleToAssignMyLoadToBoth">VerifyiClientIsAbleToAssignMyLoadToBoth</a> <!-- method navigator-link -->
                      </span>
                      <br/>
                      <span>
                        <img src="failed.png" width="3%"/>
                        <a href="#" panel-name="suite-Surefire_suite" title="tests.MyLoadToDriverTest" class="method navigator-link" hash-for-method="VerifyiClientIsAbleToAssignMyLoadToBothclose">VerifyiClientIsAbleToAssignMyLoadToBothclose</a> <!-- method navigator-link -->
                      </span>
                      <br/>
                      <span>
                        <img src="failed.png" width="3%"/>
                        <a href="#" panel-name="suite-Surefire_suite" title="tests.CreateLoadTest" class="method navigator-link" hash-for-method="VerifyiClientIsAbleToAssignMyLoadToDriver">VerifyiClientIsAbleToAssignMyLoadToDriver</a> <!-- method navigator-link -->
                      </span>
                      <br/>
                      <span>
                        <img src="failed.png" width="3%"/>
                        <a href="#" panel-name="suite-Surefire_suite" title="tests.MyLoadToDriverTest" class="method navigator-link" hash-for-method="VerifyiClientIsAbleToAssignMyLoadToDriver">VerifyiClientIsAbleToAssignMyLoadToDriver</a> <!-- method navigator-link -->
                      </span>
                      <br/>
                      <span>
                        <img src="failed.png" width="3%"/>
                        <a href="#" panel-name="suite-Surefire_suite" title="tests.CreateLoadTest" class="method navigator-link" hash-for-method="VerifyiClientIsAbleToAssignMyLoadToVendor">VerifyiClientIsAbleToAssignMyLoadToVendor</a> <!-- method navigator-link -->
                      </span>
                      <br/>
                      <span>
                        <img src="failed.png" width="3%"/>
                        <a href="#" panel-name="suite-Surefire_suite" title="tests.MyLoadToDriverTest" class="method navigator-link" hash-for-method="VerifyiClientIsAbleToAssignMyLoadToVendor">VerifyiClientIsAbleToAssignMyLoadToVendor</a> <!-- method navigator-link -->
                      </span>
                      <br/>
                      <span>
                        <img src="failed.png" width="3%"/>
                        <a href="#" panel-name="suite-Surefire_suite" title="tests.CloseLoadScenariosTest" class="method navigator-link" hash-for-method="VerifyiClientIsAbleToCloseCustomerLoadToBoth">VerifyiClientIsAbleToCloseCustomerLoadToBoth</a> <!-- method navigator-link -->
                      </span>
                      <br/>
                      <span>
                        <img src="failed.png" width="3%"/>
                        <a href="#" panel-name="suite-Surefire_suite" title="tests.CloseLoadScenariosTest" class="method navigator-link" hash-for-method="VerifyiClientIsAbleToCloseCustomerLoadToDriver">VerifyiClientIsAbleToCloseCustomerLoadToDriver</a> <!-- method navigator-link -->
                      </span>
                      <br/>
                      <span>
                        <img src="failed.png" width="3%"/>
                        <a href="#" panel-name="suite-Surefire_suite" title="tests.CloseLoadScenariosTest" class="method navigator-link" hash-for-method="VerifyiClientIsAbleToCloseCustomerLoadToVendor">VerifyiClientIsAbleToCloseCustomerLoadToVendor</a> <!-- method navigator-link -->
                      </span>
                      <br/>
                      <span>
                        <img src="failed.png" width="3%"/>
                        <a href="#" panel-name="suite-Surefire_suite" title="tests.CloseLoadScenariosTest" class="method navigator-link" hash-for-method="VerifyiClientIsAbleToCloseMyLoadOfVendor">VerifyiClientIsAbleToCloseMyLoadOfVendor</a> <!-- method navigator-link -->
                      </span>
                      <br/>
                      <span>
                        <img src="failed.png" width="3%"/>
                        <a href="#" panel-name="suite-Surefire_suite" title="tests.CloseLoadScenariosTest" class="method navigator-link" hash-for-method="VerifyiClientIsAbleToCloseMyLoadToBoth">VerifyiClientIsAbleToCloseMyLoadToBoth</a> <!-- method navigator-link -->
                      </span>
                      <br/>
                      <span>
                        <img src="failed.png" width="3%"/>
                        <a href="#" panel-name="suite-Surefire_suite" title="tests.CloseLoadScenariosTest" class="method navigator-link" hash-for-method="VerifyiClientIsAbleToCloseMyLoadToDriver">VerifyiClientIsAbleToCloseMyLoadToDriver</a> <!-- method navigator-link -->
                      </span>
                      <br/>
                      <span>
                        <img src="failed.png" width="3%"/>
                        <a href="#" panel-name="suite-Surefire_suite" title="tests.CreateLoadTest" class="method navigator-link" hash-for-method="VerifyiClientIsAbleToCreateMyLoad">VerifyiClientIsAbleToCreateMyLoad</a> <!-- method navigator-link -->
                      </span>
                      <br/>
                      <span>
                        <img src="failed.png" width="3%"/>
                        <a href="#" panel-name="suite-Surefire_suite" title="tests.CustomerLoadTest" class="method navigator-link" hash-for-method="loadByDropdown">loadByDropdown</a> <!-- method navigator-link -->
                      </span>
                      <br/>
                    </div> <!-- method-list-content failed suite-Surefire_suite -->
                  </li>
                  <li>
                    <span class="method-list-title skipped">Skipped methods</span>
                    <span class="show-or-hide-methods skipped">
                      <a href="#" panel-name="suite-Surefire_suite" class="hide-methods skipped suite-Surefire_suite"> (hide)</a> <!-- hide-methods skipped suite-Surefire_suite -->
                      <a href="#" panel-name="suite-Surefire_suite" class="show-methods skipped suite-Surefire_suite"> (show)</a> <!-- show-methods skipped suite-Surefire_suite -->
                    </span>
                    <div class="method-list-content skipped suite-Surefire_suite">
                      <span>
                        <img src="skipped.png" width="3%"/>
                        <a href="#" panel-name="suite-Surefire_suite" title="tests.ImportAllMastersTest" class="method navigator-link" hash-for-method="VerifyUserIsAbleToImportDriver">VerifyUserIsAbleToImportDriver</a> <!-- method navigator-link -->
                      </span>
                      <br/>
                      <span>
                        <img src="skipped.png" width="3%"/>
                        <a href="#" panel-name="suite-Surefire_suite" title="tests.MyLoadTest" class="method navigator-link" hash-for-method="VerifyiClientIsAbleToAssignMyLoadToBoth">VerifyiClientIsAbleToAssignMyLoadToBoth</a> <!-- method navigator-link -->
                      </span>
                      <br/>
                      <span>
                        <img src="skipped.png" width="3%"/>
                        <a href="#" panel-name="suite-Surefire_suite" title="tests.MyLoadTest" class="method navigator-link" hash-for-method="VerifyiClientIsAbleToAssignMyLoadToBothclose">VerifyiClientIsAbleToAssignMyLoadToBothclose</a> <!-- method navigator-link -->
                      </span>
                      <br/>
                      <span>
                        <img src="skipped.png" width="3%"/>
                        <a href="#" panel-name="suite-Surefire_suite" title="tests.MyLoadTest" class="method navigator-link" hash-for-method="VerifyiClientIsAbleToAssignMyLoadToDriver">VerifyiClientIsAbleToAssignMyLoadToDriver</a> <!-- method navigator-link -->
                      </span>
                      <br/>
                      <span>
                        <img src="skipped.png" width="3%"/>
                        <a href="#" panel-name="suite-Surefire_suite" title="tests.MyLoadTest" class="method navigator-link" hash-for-method="VerifyiClientIsAbleToAssignMyLoadToVendor">VerifyiClientIsAbleToAssignMyLoadToVendor</a> <!-- method navigator-link -->
                      </span>
                      <br/>
                    </div> <!-- method-list-content skipped suite-Surefire_suite -->
                  </li>
                  <li>
                    <span class="method-list-title passed">Passed methods</span>
                    <span class="show-or-hide-methods passed">
                      <a href="#" panel-name="suite-Surefire_suite" class="hide-methods passed suite-Surefire_suite"> (hide)</a> <!-- hide-methods passed suite-Surefire_suite -->
                      <a href="#" panel-name="suite-Surefire_suite" class="show-methods passed suite-Surefire_suite"> (show)</a> <!-- show-methods passed suite-Surefire_suite -->
                    </span>
                    <div class="method-list-content passed suite-Surefire_suite">
                      <span>
                        <img src="passed.png" width="3%"/>
                        <a href="#" panel-name="suite-Surefire_suite" title="tests.VendorTest" class="method navigator-link" hash-for-method="DashboardVendorList">DashboardVendorList</a> <!-- method navigator-link -->
                      </span>
                      <br/>
                      <span>
                        <img src="passed.png" width="3%"/>
                        <a href="#" panel-name="suite-Surefire_suite" title="tests.DriverTest" class="method navigator-link" hash-for-method="DriverList">DriverList</a> <!-- method navigator-link -->
                      </span>
                      <br/>
                      <span>
                        <img src="passed.png" width="3%"/>
                        <a href="#" panel-name="suite-Surefire_suite" title="tests.CustomerLoadTest" class="method navigator-link" hash-for-method="VerifyUserIsAbleToLogin">VerifyUserIsAbleToLogin</a> <!-- method navigator-link -->
                      </span>
                      <br/>
                      <span>
                        <img src="passed.png" width="3%"/>
                        <a href="#" panel-name="suite-Surefire_suite" title="tests.TrailerTest" class="method navigator-link" hash-for-method="VerifyUserIsAbleToLogin">VerifyUserIsAbleToLogin</a> <!-- method navigator-link -->
                      </span>
                      <br/>
                      <span>
                        <img src="passed.png" width="3%"/>
                        <a href="#" panel-name="suite-Surefire_suite" title="tests.VendorTest" class="method navigator-link" hash-for-method="VerifyUserIsAbleToLogin">VerifyUserIsAbleToLogin</a> <!-- method navigator-link -->
                      </span>
                      <br/>
                    </div> <!-- method-list-content passed suite-Surefire_suite -->
                  </li>
                </ul>
              </div> <!-- suite-section-content -->
            </div> <!-- result-section -->
          </div> <!-- navigator-suite-content -->
        </div> <!-- rounded-window -->
      </div> <!-- suite -->
    </div> <!-- navigator-root -->
    <div class="wrapper">
      <div class="main-panel-root">
        <div panel-name="suite-Surefire_suite" class="panel Surefire_suite">
          <div class="suite-Surefire_suite-class-failed">
            <div class="main-panel-header rounded-window-top">
              <img src="failed.png"/>
              <span class="class-name">tests.MyLoadToDriverTest</span>
            </div> <!-- main-panel-header rounded-window-top -->
            <div class="main-panel-content rounded-window-bottom">
              <div class="method">
                <div class="method-content">
                  <a name="VerifyiClientIsAbleToAssignMyLoadToBoth">
                  </a> <!-- VerifyiClientIsAbleToAssignMyLoadToBoth -->
                  <span class="method-name">VerifyiClientIsAbleToAssignMyLoadToBoth</span>
                  <div class="stack-trace">java.lang.AssertionError: Expected condition failed: waiting for visibility of element located by By.xpath: //span[normalize-space()=&apos;Create Load&apos;] (tried for 20 second(s) with 500 milliseconds interval)
	at web.pages.BaseMethods.waitForElementVisibility(BaseMethods.java:152)
	at web.pages.BaseMethods.clickElement(BaseMethods.java:299)
	at web.pages.CreateLoadPage.MyLoad(CreateLoadPage.java:207)
	at tests.MyLoadToDriverTest.VerifyiClientIsAbleToAssignMyLoadToBoth(MyLoadToDriverTest.java:54)
	at java.base/java.util.ArrayList.forEach(ArrayList.java:1596)
... Removed 31 stack frames
</div> <!-- stack-trace -->
                </div> <!-- method-content -->
              </div> <!-- method -->
              <div class="method">
                <div class="method-content">
                  <a name="VerifyiClientIsAbleToAssignMyLoadToBothclose">
                  </a> <!-- VerifyiClientIsAbleToAssignMyLoadToBothclose -->
                  <span class="method-name">VerifyiClientIsAbleToAssignMyLoadToBothclose</span>
                  <div class="stack-trace">java.lang.AssertionError: Expected condition failed: waiting for visibility of element located by By.xpath: //span[normalize-space()=&apos;Create Load&apos;] (tried for 20 second(s) with 500 milliseconds interval)
	at web.pages.BaseMethods.waitForElementVisibility(BaseMethods.java:152)
	at web.pages.BaseMethods.clickElement(BaseMethods.java:299)
	at web.pages.CreateLoadPage.MyLoad(CreateLoadPage.java:207)
	at tests.MyLoadToDriverTest.VerifyiClientIsAbleToAssignMyLoadToBothclose(MyLoadToDriverTest.java:64)
	at java.base/java.util.ArrayList.forEach(ArrayList.java:1596)
... Removed 31 stack frames
</div> <!-- stack-trace -->
                </div> <!-- method-content -->
              </div> <!-- method -->
              <div class="method">
                <div class="method-content">
                  <a name="VerifyiClientIsAbleToAssignMyLoadToDriver">
                  </a> <!-- VerifyiClientIsAbleToAssignMyLoadToDriver -->
                  <span class="method-name">VerifyiClientIsAbleToAssignMyLoadToDriver</span>
                  <div class="stack-trace">java.lang.AssertionError: Expected condition failed: waiting for visibility of element located by By.xpath: //span[normalize-space()=&apos;Create Load&apos;] (tried for 20 second(s) with 500 milliseconds interval)
	at web.pages.BaseMethods.waitForElementVisibility(BaseMethods.java:152)
	at web.pages.BaseMethods.clickElement(BaseMethods.java:299)
	at web.pages.CreateLoadPage.MyLoad(CreateLoadPage.java:207)
	at tests.MyLoadToDriverTest.VerifyiClientIsAbleToAssignMyLoadToDriver(MyLoadToDriverTest.java:33)
	at java.base/java.util.ArrayList.forEach(ArrayList.java:1596)
... Removed 31 stack frames
</div> <!-- stack-trace -->
                </div> <!-- method-content -->
              </div> <!-- method -->
              <div class="method">
                <div class="method-content">
                  <a name="VerifyiClientIsAbleToAssignMyLoadToVendor">
                  </a> <!-- VerifyiClientIsAbleToAssignMyLoadToVendor -->
                  <span class="method-name">VerifyiClientIsAbleToAssignMyLoadToVendor</span>
                  <div class="stack-trace">java.lang.AssertionError: Expected condition failed: waiting for visibility of element located by By.xpath: //span[normalize-space()=&apos;Create Load&apos;] (tried for 20 second(s) with 500 milliseconds interval)
	at web.pages.BaseMethods.waitForElementVisibility(BaseMethods.java:152)
	at web.pages.BaseMethods.clickElement(BaseMethods.java:299)
	at web.pages.CreateLoadPage.MyLoad(CreateLoadPage.java:207)
	at tests.MyLoadToDriverTest.VerifyiClientIsAbleToAssignMyLoadToVendor(MyLoadToDriverTest.java:44)
	at java.base/java.util.ArrayList.forEach(ArrayList.java:1596)
... Removed 31 stack frames
</div> <!-- stack-trace -->
                </div> <!-- method-content -->
              </div> <!-- method -->
            </div> <!-- main-panel-content rounded-window-bottom -->
          </div> <!-- suite-Surefire_suite-class-failed -->
          <div class="suite-Surefire_suite-class-failed">
            <div class="main-panel-header rounded-window-top">
              <img src="failed.png"/>
              <span class="class-name">tests.CreateLoadTest</span>
            </div> <!-- main-panel-header rounded-window-top -->
            <div class="main-panel-content rounded-window-bottom">
              <div class="method">
                <div class="method-content">
                  <a name="CreateLoadOfExistingCustomer">
                  </a> <!-- CreateLoadOfExistingCustomer -->
                  <span class="method-name">CreateLoadOfExistingCustomer</span>
                  <div class="stack-trace">java.lang.AssertionError: Expected condition failed: waiting for visibility of element located by By.xpath: //span[normalize-space()=&apos;Create Load&apos;] (tried for 20 second(s) with 500 milliseconds interval)
	at web.pages.BaseMethods.waitForElementVisibility(BaseMethods.java:152)
	at web.pages.BaseMethods.clickElement(BaseMethods.java:299)
	at web.pages.CreateLoadPage.createLoadByDropdown(CreateLoadPage.java:173)
	at tests.CreateLoadTest.CreateLoadOfExistingCustomer(CreateLoadTest.java:68)
	at java.base/java.util.ArrayList.forEach(ArrayList.java:1596)
... Removed 31 stack frames
</div> <!-- stack-trace -->
                </div> <!-- method-content -->
              </div> <!-- method -->
              <div class="method">
                <div class="method-content">
                  <a name="VerifyClientIsAbleToCreateLoadOfNewCustomer">
                  </a> <!-- VerifyClientIsAbleToCreateLoadOfNewCustomer -->
                  <span class="method-name">VerifyClientIsAbleToCreateLoadOfNewCustomer</span>
                  <div class="stack-trace">java.lang.AssertionError: Expected condition failed: waiting for visibility of element located by By.xpath: //span[normalize-space()=&apos;Create Load&apos;] (tried for 20 second(s) with 500 milliseconds interval)
	at web.pages.BaseMethods.waitForElementVisibility(BaseMethods.java:152)
	at web.pages.BaseMethods.clickElement(BaseMethods.java:299)
	at web.pages.CreateLoadPage.CustomerInfo(CreateLoadPage.java:99)
	at tests.CreateLoadTest.VerifyClientIsAbleToCreateLoadOfNewCustomer(CreateLoadTest.java:51)
	at java.base/java.util.ArrayList.forEach(ArrayList.java:1596)
... Removed 31 stack frames
</div> <!-- stack-trace -->
                </div> <!-- method-content -->
              </div> <!-- method -->
              <div class="method">
                <div class="method-content">
                  <a name="VerifyiClientIsAbleToAssignCustomerLoadToBoth">
                  </a> <!-- VerifyiClientIsAbleToAssignCustomerLoadToBoth -->
                  <span class="method-name">VerifyiClientIsAbleToAssignCustomerLoadToBoth</span>
                  <div class="stack-trace">java.lang.AssertionError: Expected condition failed: waiting for visibility of element located by By.xpath: //span[normalize-space()=&apos;Create Load&apos;] (tried for 20 second(s) with 500 milliseconds interval)
	at web.pages.BaseMethods.waitForElementVisibility(BaseMethods.java:152)
	at web.pages.BaseMethods.clickElement(BaseMethods.java:299)
	at web.pages.CreateLoadPage.createLoadByDropdown(CreateLoadPage.java:173)
	at tests.CreateLoadTest.VerifyiClientIsAbleToAssignCustomerLoadToBoth(CreateLoadTest.java:112)
	at java.base/java.util.ArrayList.forEach(ArrayList.java:1596)
... Removed 31 stack frames
</div> <!-- stack-trace -->
                </div> <!-- method-content -->
              </div> <!-- method -->
              <div class="method">
                <div class="method-content">
                  <a name="VerifyiClientIsAbleToAssignCustomerLoadToDriver">
                  </a> <!-- VerifyiClientIsAbleToAssignCustomerLoadToDriver -->
                  <span class="method-name">VerifyiClientIsAbleToAssignCustomerLoadToDriver</span>
                  <div class="stack-trace">java.lang.AssertionError: Expected condition failed: waiting for visibility of element located by By.xpath: //span[normalize-space()=&apos;Create Load&apos;] (tried for 20 second(s) with 500 milliseconds interval)
	at web.pages.BaseMethods.waitForElementVisibility(BaseMethods.java:152)
	at web.pages.BaseMethods.clickElement(BaseMethods.java:299)
	at web.pages.CreateLoadPage.createLoadByDropdown(CreateLoadPage.java:173)
	at tests.CreateLoadTest.VerifyiClientIsAbleToAssignCustomerLoadToDriver(CreateLoadTest.java:82)
	at java.base/java.util.ArrayList.forEach(ArrayList.java:1596)
... Removed 31 stack frames
</div> <!-- stack-trace -->
                </div> <!-- method-content -->
              </div> <!-- method -->
              <div class="method">
                <div class="method-content">
                  <a name="VerifyiClientIsAbleToAssignCustomerLoadToVendor">
                  </a> <!-- VerifyiClientIsAbleToAssignCustomerLoadToVendor -->
                  <span class="method-name">VerifyiClientIsAbleToAssignCustomerLoadToVendor</span>
                  <div class="stack-trace">java.lang.AssertionError: Expected condition failed: waiting for visibility of element located by By.xpath: //span[normalize-space()=&apos;Create Load&apos;] (tried for 20 second(s) with 500 milliseconds interval)
	at web.pages.BaseMethods.waitForElementVisibility(BaseMethods.java:152)
	at web.pages.BaseMethods.clickElement(BaseMethods.java:299)
	at web.pages.CreateLoadPage.createLoadByDropdown(CreateLoadPage.java:173)
	at tests.CreateLoadTest.VerifyiClientIsAbleToAssignCustomerLoadToVendor(CreateLoadTest.java:96)
	at java.base/java.util.ArrayList.forEach(ArrayList.java:1596)
... Removed 31 stack frames
</div> <!-- stack-trace -->
                </div> <!-- method-content -->
              </div> <!-- method -->
              <div class="method">
                <div class="method-content">
                  <a name="VerifyiClientIsAbleToAssignMyLoadBothCases">
                  </a> <!-- VerifyiClientIsAbleToAssignMyLoadBothCases -->
                  <span class="method-name">VerifyiClientIsAbleToAssignMyLoadBothCases</span>
                  <div class="stack-trace">java.lang.AssertionError: Expected condition failed: waiting for visibility of element located by By.xpath: //span[normalize-space()=&apos;Create Load&apos;] (tried for 20 second(s) with 500 milliseconds interval)
	at web.pages.BaseMethods.waitForElementVisibility(BaseMethods.java:152)
	at web.pages.BaseMethods.clickElement(BaseMethods.java:299)
	at web.pages.CreateLoadPage.MyLoad(CreateLoadPage.java:207)
	at tests.CreateLoadTest.VerifyiClientIsAbleToAssignMyLoadBothCases(CreateLoadTest.java:147)
	at java.base/java.util.ArrayList.forEach(ArrayList.java:1596)
... Removed 31 stack frames
</div> <!-- stack-trace -->
                </div> <!-- method-content -->
              </div> <!-- method -->
              <div class="method">
                <div class="method-content">
                  <a name="VerifyiClientIsAbleToAssignMyLoadToDriver">
                  </a> <!-- VerifyiClientIsAbleToAssignMyLoadToDriver -->
                  <span class="method-name">VerifyiClientIsAbleToAssignMyLoadToDriver</span>
                  <div class="stack-trace">java.lang.AssertionError: Expected condition failed: waiting for visibility of element located by By.xpath: //span[normalize-space()=&apos;Create Load&apos;] (tried for 20 second(s) with 500 milliseconds interval)
	at web.pages.BaseMethods.waitForElementVisibility(BaseMethods.java:152)
	at web.pages.BaseMethods.clickElement(BaseMethods.java:299)
	at web.pages.CreateLoadPage.MyLoad(CreateLoadPage.java:207)
	at tests.CreateLoadTest.VerifyiClientIsAbleToAssignMyLoadToDriver(CreateLoadTest.java:126)
	at java.base/java.util.ArrayList.forEach(ArrayList.java:1596)
... Removed 31 stack frames
</div> <!-- stack-trace -->
                </div> <!-- method-content -->
              </div> <!-- method -->
              <div class="method">
                <div class="method-content">
                  <a name="VerifyiClientIsAbleToAssignMyLoadToVendor">
                  </a> <!-- VerifyiClientIsAbleToAssignMyLoadToVendor -->
                  <span class="method-name">VerifyiClientIsAbleToAssignMyLoadToVendor</span>
                  <div class="stack-trace">java.lang.AssertionError: Expected condition failed: waiting for visibility of element located by By.xpath: //span[normalize-space()=&apos;Create Load&apos;] (tried for 20 second(s) with 500 milliseconds interval)
	at web.pages.BaseMethods.waitForElementVisibility(BaseMethods.java:152)
	at web.pages.BaseMethods.clickElement(BaseMethods.java:299)
	at web.pages.CreateLoadPage.MyLoad(CreateLoadPage.java:207)
	at tests.CreateLoadTest.VerifyiClientIsAbleToAssignMyLoadToVendor(CreateLoadTest.java:137)
	at java.base/java.util.ArrayList.forEach(ArrayList.java:1596)
... Removed 31 stack frames
</div> <!-- stack-trace -->
                </div> <!-- method-content -->
              </div> <!-- method -->
              <div class="method">
                <div class="method-content">
                  <a name="VerifyiClientIsAbleToCreateMyLoad">
                  </a> <!-- VerifyiClientIsAbleToCreateMyLoad -->
                  <span class="method-name">VerifyiClientIsAbleToCreateMyLoad</span>
                  <div class="stack-trace">java.lang.AssertionError: Expected condition failed: waiting for visibility of element located by By.xpath: //span[normalize-space()=&apos;Create Load&apos;] (tried for 20 second(s) with 500 milliseconds interval)
	at web.pages.BaseMethods.waitForElementVisibility(BaseMethods.java:152)
	at web.pages.BaseMethods.clickElement(BaseMethods.java:299)
	at web.pages.CreateLoadPage.MyLoad(CreateLoadPage.java:207)
	at tests.CreateLoadTest.VerifyiClientIsAbleToCreateMyLoad(CreateLoadTest.java:39)
	at java.base/java.util.ArrayList.forEach(ArrayList.java:1596)
... Removed 31 stack frames
</div> <!-- stack-trace -->
                </div> <!-- method-content -->
              </div> <!-- method -->
            </div> <!-- main-panel-content rounded-window-bottom -->
          </div> <!-- suite-Surefire_suite-class-failed -->
          <div class="suite-Surefire_suite-class-failed">
            <div class="main-panel-header rounded-window-top">
              <img src="failed.png"/>
              <span class="class-name">tests.CustomerLoadTest</span>
            </div> <!-- main-panel-header rounded-window-top -->
            <div class="main-panel-content rounded-window-bottom">
              <div class="method">
                <div class="method-content">
                  <a name="loadByDropdown">
                  </a> <!-- loadByDropdown -->
                  <span class="method-name">loadByDropdown</span>
                  <div class="stack-trace">java.lang.AssertionError: Expected condition failed: waiting for visibility of element located by By.xpath: //span[normalize-space()=&apos;Create Load&apos;] (tried for 20 second(s) with 500 milliseconds interval)
	at web.pages.BaseMethods.waitForElementVisibility(BaseMethods.java:152)
	at web.pages.BaseMethods.clickElement(BaseMethods.java:299)
	at web.pages.CreateLoadPage.createLoadByDropdown(CreateLoadPage.java:173)
	at tests.CustomerLoadTest.loadByDropdown(CustomerLoadTest.java:33)
	at java.base/java.util.ArrayList.forEach(ArrayList.java:1596)
... Removed 31 stack frames
</div> <!-- stack-trace -->
                </div> <!-- method-content -->
              </div> <!-- method -->
            </div> <!-- main-panel-content rounded-window-bottom -->
          </div> <!-- suite-Surefire_suite-class-failed -->
          <div class="suite-Surefire_suite-class-failed">
            <div class="main-panel-header rounded-window-top">
              <img src="failed.png"/>
              <span class="class-name">tests.UserTest</span>
            </div> <!-- main-panel-header rounded-window-top -->
            <div class="main-panel-content rounded-window-bottom">
              <div class="method">
                <div class="method-content">
                  <a name="AVerifyUserIsAbleToLogin">
                  </a> <!-- AVerifyUserIsAbleToLogin -->
                  <span class="method-name">AVerifyUserIsAbleToLogin</span>
                  <div class="stack-trace">java.lang.AssertionError: Expected condition failed: waiting for visibility of element located by By.xpath: //button[normalize-space()=&apos;Login to Dashboard&apos;] (tried for 20 second(s) with 500 milliseconds interval)
	at web.pages.BaseMethods.waitForElementVisibility(BaseMethods.java:152)
	at web.pages.BaseMethods.clickElement(BaseMethods.java:299)
	at web.pages.LoginSignUPPage.registerTab(LoginSignUPPage.java:74)
	at tests.UserTest.AVerifyUserIsAbleToLogin(UserTest.java:27)
	at java.base/java.util.ArrayList.forEach(ArrayList.java:1596)
... Removed 31 stack frames
</div> <!-- stack-trace -->
                </div> <!-- method-content -->
              </div> <!-- method -->
              <div class="method">
                <div class="method-content">
                  <a name="BVerifyUserIsAbleToAddManager">
                  </a> <!-- BVerifyUserIsAbleToAddManager -->
                  <span class="method-name">BVerifyUserIsAbleToAddManager</span>
                  <div class="stack-trace">org.openqa.selenium.NoSuchWindowException: no such window: target window already closed
from unknown error: web view not found
  (Session info: chrome=132.0.6834.111)
Build info: version: &apos;4.21.0&apos;, revision: &apos;79ed462ef4&apos;
System info: os.name: &apos;Windows 10&apos;, os.arch: &apos;amd64&apos;, os.version: &apos;10.0&apos;, java.version: &apos;21&apos;
Driver info: org.openqa.selenium.chrome.ChromeDriver
Command: [17ffc0453291f4386f35d3480ea8ef1e, findElement {using=xpath, value=(//input[@type=&apos;file&apos;])[1]}]
Capabilities {acceptInsecureCerts: true, browserName: chrome, browserVersion: 132.0.6834.111, chrome: {chromedriverVersion: 132.0.6834.159 (2d77d3fc445..., userDataDir: C:\Users\dell\AppData\Local...}, fedcm:accounts: true, goog:chromeOptions: {debuggerAddress: localhost:54097}, networkConnectionEnabled: false, pageLoadStrategy: normal, platformName: windows, proxy: Proxy(), se:cdp: ws://localhost:54097/devtoo..., se:cdpVersion: 132.0.6834.111, setWindowRect: true, strictFileInteractability: false, timeouts: {implicit: 0, pageLoad: 300000, script: 30000}, unhandledPromptBehavior: dismiss and notify, webauthn:extension:credBlob: true, webauthn:extension:largeBlob: true, webauthn:extension:minPinLength: true, webauthn:extension:prf: true, webauthn:virtualAuthenticators: true}
Session ID: 17ffc0453291f4386f35d3480ea8ef1e
	at org.openqa.selenium.remote.ErrorCodec.decode(ErrorCodec.java:167)
	at org.openqa.selenium.remote.codec.w3c.W3CHttpResponseCodec.decode(W3CHttpResponseCodec.java:138)
	at org.openqa.selenium.remote.codec.w3c.W3CHttpResponseCodec.decode(W3CHttpResponseCodec.java:50)
	at org.openqa.selenium.remote.HttpCommandExecutor.execute(HttpCommandExecutor.java:190)
	at org.openqa.selenium.remote.service.DriverCommandExecutor.invokeExecute(DriverCommandExecutor.java:216)
	at org.openqa.selenium.remote.service.DriverCommandExecutor.execute(DriverCommandExecutor.java:174)
	at org.openqa.selenium.remote.RemoteWebDriver.execute(RemoteWebDriver.java:518)
	at org.openqa.selenium.remote.ElementLocation$ElementFinder$2.findElement(ElementLocation.java:165)
	at org.openqa.selenium.remote.ElementLocation.findElement(ElementLocation.java:59)
	at org.openqa.selenium.remote.RemoteWebDriver.findElement(RemoteWebDriver.java:355)
	at org.openqa.selenium.remote.RemoteWebDriver.findElement(RemoteWebDriver.java:349)
	at web.pages.BaseMethods.uploadFile(BaseMethods.java:261)
	at web.pages.UserPage.Company_Info(UserPage.java:72)
	at tests.UserTest.BVerifyUserIsAbleToAddManager(UserTest.java:41)
	at java.base/java.util.ArrayList.forEach(ArrayList.java:1596)
... Removed 33 stack frames
</div> <!-- stack-trace -->
                </div> <!-- method-content -->
              </div> <!-- method -->
              <div class="method">
                <div class="method-content">
                  <a name="CVerifyUserIsAbleToUploadDocument">
                  </a> <!-- CVerifyUserIsAbleToUploadDocument -->
                  <span class="method-name">CVerifyUserIsAbleToUploadDocument</span>
                  <div class="stack-trace">org.openqa.selenium.NoSuchWindowException: no such window: target window already closed
from unknown error: web view not found
  (Session info: chrome=132.0.6834.111)
Build info: version: &apos;4.21.0&apos;, revision: &apos;79ed462ef4&apos;
System info: os.name: &apos;Windows 10&apos;, os.arch: &apos;amd64&apos;, os.version: &apos;10.0&apos;, java.version: &apos;21&apos;
Driver info: org.openqa.selenium.chrome.ChromeDriver
Command: [17ffc0453291f4386f35d3480ea8ef1e, findElement {using=xpath, value=(//input[@type=&apos;file&apos;])[2]}]
Capabilities {acceptInsecureCerts: true, browserName: chrome, browserVersion: 132.0.6834.111, chrome: {chromedriverVersion: 132.0.6834.159 (2d77d3fc445..., userDataDir: C:\Users\dell\AppData\Local...}, fedcm:accounts: true, goog:chromeOptions: {debuggerAddress: localhost:54097}, networkConnectionEnabled: false, pageLoadStrategy: normal, platformName: windows, proxy: Proxy(), se:cdp: ws://localhost:54097/devtoo..., se:cdpVersion: 132.0.6834.111, setWindowRect: true, strictFileInteractability: false, timeouts: {implicit: 0, pageLoad: 300000, script: 30000}, unhandledPromptBehavior: dismiss and notify, webauthn:extension:credBlob: true, webauthn:extension:largeBlob: true, webauthn:extension:minPinLength: true, webauthn:extension:prf: true, webauthn:virtualAuthenticators: true}
Session ID: 17ffc0453291f4386f35d3480ea8ef1e
	at org.openqa.selenium.remote.ErrorCodec.decode(ErrorCodec.java:167)
	at org.openqa.selenium.remote.codec.w3c.W3CHttpResponseCodec.decode(W3CHttpResponseCodec.java:138)
	at org.openqa.selenium.remote.codec.w3c.W3CHttpResponseCodec.decode(W3CHttpResponseCodec.java:50)
	at org.openqa.selenium.remote.HttpCommandExecutor.execute(HttpCommandExecutor.java:190)
	at org.openqa.selenium.remote.service.DriverCommandExecutor.invokeExecute(DriverCommandExecutor.java:216)
	at org.openqa.selenium.remote.service.DriverCommandExecutor.execute(DriverCommandExecutor.java:174)
	at org.openqa.selenium.remote.RemoteWebDriver.execute(RemoteWebDriver.java:518)
	at org.openqa.selenium.remote.ElementLocation$ElementFinder$2.findElement(ElementLocation.java:165)
	at org.openqa.selenium.remote.ElementLocation.findElement(ElementLocation.java:59)
	at org.openqa.selenium.remote.RemoteWebDriver.findElement(RemoteWebDriver.java:355)
	at org.openqa.selenium.remote.RemoteWebDriver.findElement(RemoteWebDriver.java:349)
	at web.pages.BaseMethods.uploadFile(BaseMethods.java:261)
	at web.pages.UserPage.Upload_Document(UserPage.java:93)
	at tests.UserTest.CVerifyUserIsAbleToUploadDocument(UserTest.java:49)
	at java.base/java.util.ArrayList.forEach(ArrayList.java:1596)
... Removed 33 stack frames
</div> <!-- stack-trace -->
                </div> <!-- method-content -->
              </div> <!-- method -->
              <div class="method">
                <div class="method-content">
                  <a name="DVerifyUserIsAbleToAddMasterSetting">
                  </a> <!-- DVerifyUserIsAbleToAddMasterSetting -->
                  <span class="method-name">DVerifyUserIsAbleToAddMasterSetting</span>
                  <div class="stack-trace">java.lang.AssertionError: Expected condition failed: waiting for visibility of element located by By.xpath: //input[@id=&apos;Order_Series_Number&apos;] (tried for 30 second(s) with 500 milliseconds interval)
	at web.pages.BaseMethods.waitForElementVisibility(BaseMethods.java:152)
	at web.pages.BaseMethods.enterData(BaseMethods.java:248)
	at web.pages.UserPage.Master_Settings(UserPage.java:108)
	at tests.UserTest.DVerifyUserIsAbleToAddMasterSetting(UserTest.java:55)
	at java.base/java.util.ArrayList.forEach(ArrayList.java:1596)
... Removed 31 stack frames
</div> <!-- stack-trace -->
                </div> <!-- method-content -->
              </div> <!-- method -->
              <div class="method">
                <div class="method-content">
                  <a name="EVerifyUserIsAbleToTaxClass">
                  </a> <!-- EVerifyUserIsAbleToTaxClass -->
                  <span class="method-name">EVerifyUserIsAbleToTaxClass</span>
                  <div class="stack-trace">java.lang.AssertionError: Expected condition failed: waiting for visibility of element located by By.xpath: //button[normalize-space()=&apos;+ Add Class&apos;] (tried for 20 second(s) with 500 milliseconds interval)
	at web.pages.BaseMethods.waitForElementVisibility(BaseMethods.java:152)
	at web.pages.BaseMethods.clickElement(BaseMethods.java:299)
	at web.pages.UserPage.Tax_Class(UserPage.java:122)
	at tests.UserTest.EVerifyUserIsAbleToTaxClass(UserTest.java:61)
	at java.base/java.util.ArrayList.forEach(ArrayList.java:1596)
... Removed 31 stack frames
</div> <!-- stack-trace -->
                </div> <!-- method-content -->
              </div> <!-- method -->
              <div class="method">
                <div class="method-content">
                  <a name="FVerifyAdminLogin">
                  </a> <!-- FVerifyAdminLogin -->
                  <span class="method-name">FVerifyAdminLogin</span>
                  <div class="stack-trace">java.lang.AssertionError: Expected condition failed: waiting for element to be clickable: By.cssSelector: .header-right--user.w-100.d-flex.align-items-center.justify-content-between.gap-2 (tried for 30 second(s) with 500 milliseconds interval)
	at web.pages.BaseMethods.waitForElementClickable(BaseMethods.java:196)
	at web.pages.BaseMethods.moveToElementClick(BaseMethods.java:316)
	at web.pages.LoginSignUPPage.After_Logout_Admin_Login(LoginSignUPPage.java:107)
	at tests.UserTest.FVerifyAdminLogin(UserTest.java:67)
	at java.base/java.util.ArrayList.forEach(ArrayList.java:1596)
... Removed 31 stack frames
</div> <!-- stack-trace -->
                </div> <!-- method-content -->
              </div> <!-- method -->
              <div class="method">
                <div class="method-content">
                  <a name="GVerifyIfAdminIsAbleToApproveClient">
                  </a> <!-- GVerifyIfAdminIsAbleToApproveClient -->
                  <span class="method-name">GVerifyIfAdminIsAbleToApproveClient</span>
                  <div class="stack-trace">java.lang.AssertionError: Expected condition failed: waiting for visibility of element located by By.xpath: //p[normalize-space()=&apos;Pending Approval(s)&apos;] (tried for 20 second(s) with 500 milliseconds interval)
	at web.pages.BaseMethods.waitForElementVisibility(BaseMethods.java:152)
	at web.pages.BaseMethods.clickElement(BaseMethods.java:299)
	at web.pages.UserPage.Approve_From_Admin(UserPage.java:136)
	at tests.UserTest.GVerifyIfAdminIsAbleToApproveClient(UserTest.java:73)
	at java.base/java.util.ArrayList.forEach(ArrayList.java:1596)
... Removed 31 stack frames
</div> <!-- stack-trace -->
                </div> <!-- method-content -->
              </div> <!-- method -->
            </div> <!-- main-panel-content rounded-window-bottom -->
          </div> <!-- suite-Surefire_suite-class-failed -->
          <div class="suite-Surefire_suite-class-failed">
            <div class="main-panel-header rounded-window-top">
              <img src="failed.png"/>
              <span class="class-name">tests.LoginSignUpTest</span>
            </div> <!-- main-panel-header rounded-window-top -->
            <div class="main-panel-content rounded-window-bottom">
              <div class="method">
                <div class="method-content">
                  <a name="AVerifyUserIsAbleToLogin">
                  </a> <!-- AVerifyUserIsAbleToLogin -->
                  <span class="method-name">AVerifyUserIsAbleToLogin</span>
                  <div class="stack-trace">java.lang.AssertionError: The following asserts failed:
	url is Mis-Matched expected [https://4tn5p340-4200.inc1.devtunnels.ms/auth/client-signup] but found [https://web.tonnij.com/auth/client-login]
	at tests.LoginSignUpTest.AVerifyUserIsAbleToLogin(LoginSignUpTest.java:30)
	at java.base/java.util.ArrayList.forEach(ArrayList.java:1596)
... Removed 32 stack frames
</div> <!-- stack-trace -->
                </div> <!-- method-content -->
              </div> <!-- method -->
            </div> <!-- main-panel-content rounded-window-bottom -->
          </div> <!-- suite-Surefire_suite-class-failed -->
          <div class="suite-Surefire_suite-class-failed">
            <div class="main-panel-header rounded-window-top">
              <img src="failed.png"/>
              <span class="class-name">tests.TruckTest</span>
            </div> <!-- main-panel-header rounded-window-top -->
            <div class="main-panel-content rounded-window-bottom">
              <div class="method">
                <div class="method-content">
                  <a name="AVerifyUserIsAbleToGoDasboard">
                  </a> <!-- AVerifyUserIsAbleToGoDasboard -->
                  <span class="method-name">AVerifyUserIsAbleToGoDasboard</span>
                  <div class="stack-trace">java.lang.AssertionError: Expected condition failed: waiting for visibility of element located by By.xpath: //img[@class=&apos;pointer&apos;] (tried for 20 second(s) with 500 milliseconds interval)
	at web.pages.BaseMethods.waitForElementVisibility(BaseMethods.java:152)
	at web.pages.BaseMethods.clickElement(BaseMethods.java:299)
	at web.pages.TruckPage.dashboardTruck(TruckPage.java:59)
	at tests.TruckTest.AVerifyUserIsAbleToGoDasboard(TruckTest.java:52)
	at java.base/java.util.ArrayList.forEach(ArrayList.java:1596)
... Removed 31 stack frames
</div> <!-- stack-trace -->
                </div> <!-- method-content -->
              </div> <!-- method -->
              <div class="method">
                <div class="method-content">
                  <a name="VerifyUserIsAbleToAddTruck">
                  </a> <!-- VerifyUserIsAbleToAddTruck -->
                  <span class="method-name">VerifyUserIsAbleToAddTruck</span>
                  <div class="stack-trace">java.lang.AssertionError: Expected condition failed: waiting for visibility of element located by By.xpath: //p[normalize-space()=&apos;Truck(s)&apos;] (tried for 20 second(s) with 500 milliseconds interval)
	at web.pages.BaseMethods.waitForElementVisibility(BaseMethods.java:152)
	at web.pages.BaseMethods.clickElement(BaseMethods.java:299)
	at web.pages.TruckPage.addTruck(TruckPage.java:31)
	at tests.TruckTest.VerifyUserIsAbleToAddTruck(TruckTest.java:43)
	at java.base/java.util.ArrayList.forEach(ArrayList.java:1596)
... Removed 31 stack frames
</div> <!-- stack-trace -->
                </div> <!-- method-content -->
              </div> <!-- method -->
              <div class="method">
                <div class="method-content">
                  <a name="VerifyUserIsAbleToLogin">
                  </a> <!-- VerifyUserIsAbleToLogin -->
                  <span class="method-name">VerifyUserIsAbleToLogin</span>
                  <div class="stack-trace">java.lang.AssertionError: Expected condition failed: waiting for visibility of element located by By.xpath: //input[@formcontrolname=&apos;email&apos;] (tried for 30 second(s) with 500 milliseconds interval)
	at web.pages.BaseMethods.waitForElementVisibility(BaseMethods.java:152)
	at web.pages.BaseMethods.enterData(BaseMethods.java:248)
	at web.pages.LoginSignUPPage.userLoginn(LoginSignUPPage.java:84)
	at tests.TruckTest.VerifyUserIsAbleToLogin(TruckTest.java:38)
	at java.base/java.util.ArrayList.forEach(ArrayList.java:1596)
... Removed 31 stack frames
</div> <!-- stack-trace -->
                </div> <!-- method-content -->
              </div> <!-- method -->
            </div> <!-- main-panel-content rounded-window-bottom -->
          </div> <!-- suite-Surefire_suite-class-failed -->
          <div class="suite-Surefire_suite-class-failed">
            <div class="main-panel-header rounded-window-top">
              <img src="failed.png"/>
              <span class="class-name">tests.CustomerTest</span>
            </div> <!-- main-panel-header rounded-window-top -->
            <div class="main-panel-content rounded-window-bottom">
              <div class="method">
                <div class="method-content">
                  <a name="Dashboard">
                  </a> <!-- Dashboard -->
                  <span class="method-name">Dashboard</span>
                  <div class="stack-trace">java.lang.AssertionError: Expected condition failed: waiting for visibility of element located by By.xpath: //img[@class=&apos;pointer&apos;] (tried for 20 second(s) with 500 milliseconds interval)
	at web.pages.BaseMethods.waitForElementVisibility(BaseMethods.java:152)
	at web.pages.BaseMethods.clickElement(BaseMethods.java:299)
	at web.pages.CustomerPage.dashboardCustomer(CustomerPage.java:64)
	at tests.CustomerTest.Dashboard(CustomerTest.java:53)
	at java.base/java.util.ArrayList.forEach(ArrayList.java:1596)
... Removed 31 stack frames
</div> <!-- stack-trace -->
                </div> <!-- method-content -->
              </div> <!-- method -->
              <div class="method">
                <div class="method-content">
                  <a name="VerifyUserIsAbleToAddCustomer">
                  </a> <!-- VerifyUserIsAbleToAddCustomer -->
                  <span class="method-name">VerifyUserIsAbleToAddCustomer</span>
                  <div class="stack-trace">java.lang.AssertionError: Expected condition failed: waiting for visibility of element located by By.xpath: //p[normalize-space()=&apos;Customer(s)&apos;] (tried for 20 second(s) with 500 milliseconds interval)
	at web.pages.BaseMethods.waitForElementVisibility(BaseMethods.java:152)
	at web.pages.BaseMethods.clickElement(BaseMethods.java:299)
	at web.pages.CustomerPage.addCustomer(CustomerPage.java:40)
	at tests.CustomerTest.VerifyUserIsAbleToAddCustomer(CustomerTest.java:42)
	at java.base/java.util.ArrayList.forEach(ArrayList.java:1596)
... Removed 31 stack frames
</div> <!-- stack-trace -->
                </div> <!-- method-content -->
              </div> <!-- method -->
              <div class="method">
                <div class="method-content">
                  <a name="VerifyUserIsAbleToLogin">
                  </a> <!-- VerifyUserIsAbleToLogin -->
                  <span class="method-name">VerifyUserIsAbleToLogin</span>
                  <div class="stack-trace">java.lang.AssertionError: Expected condition failed: waiting for visibility of element located by By.xpath: //input[@formcontrolname=&apos;email&apos;] (tried for 30 second(s) with 500 milliseconds interval)
	at web.pages.BaseMethods.waitForElementVisibility(BaseMethods.java:152)
	at web.pages.BaseMethods.enterData(BaseMethods.java:248)
	at web.pages.LoginSignUPPage.userLoginn(LoginSignUPPage.java:84)
	at tests.CustomerTest.VerifyUserIsAbleToLogin(CustomerTest.java:36)
	at java.base/java.util.ArrayList.forEach(ArrayList.java:1596)
... Removed 31 stack frames
</div> <!-- stack-trace -->
                </div> <!-- method-content -->
              </div> <!-- method -->
              <div class="method">
                <div class="method-content">
                  <a name="VerifyUserIsAbleToUpdateCustomer">
                  </a> <!-- VerifyUserIsAbleToUpdateCustomer -->
                  <span class="method-name">VerifyUserIsAbleToUpdateCustomer</span>
                  <div class="stack-trace">java.lang.AssertionError: Expected condition failed: waiting for visibility of element located by By.xpath: //span[normalize-space()=&apos;Masters&apos;] (tried for 20 second(s) with 500 milliseconds interval)
	at web.pages.BaseMethods.waitForElementVisibility(BaseMethods.java:152)
	at web.pages.BaseMethods.clickElement(BaseMethods.java:299)
	at web.pages.CustomerPage.updateCustomer(CustomerPage.java:73)
	at tests.CustomerTest.VerifyUserIsAbleToUpdateCustomer(CustomerTest.java:58)
	at java.base/java.util.ArrayList.forEach(ArrayList.java:1596)
... Removed 31 stack frames
</div> <!-- stack-trace -->
                </div> <!-- method-content -->
              </div> <!-- method -->
            </div> <!-- main-panel-content rounded-window-bottom -->
          </div> <!-- suite-Surefire_suite-class-failed -->
          <div class="suite-Surefire_suite-class-failed">
            <div class="main-panel-header rounded-window-top">
              <img src="failed.png"/>
              <span class="class-name">tests.VendorTest</span>
            </div> <!-- main-panel-header rounded-window-top -->
            <div class="main-panel-content rounded-window-bottom">
              <div class="method">
                <div class="method-content">
                  <a name="VerifyUserIsAbleToAddVendor">
                  </a> <!-- VerifyUserIsAbleToAddVendor -->
                  <span class="method-name">VerifyUserIsAbleToAddVendor</span>
                  <div class="stack-trace">java.lang.AssertionError: Expected condition failed: waiting for visibility of element located by By.xpath: //p[normalize-space()=&apos;Vendor(s)&apos;] (tried for 20 second(s) with 500 milliseconds interval)
Build info: version: &apos;4.21.0&apos;, revision: &apos;79ed462ef4&apos;
System info: os.name: &apos;Windows 10&apos;, os.arch: &apos;amd64&apos;, os.version: &apos;10.0&apos;, java.version: &apos;21&apos;
Driver info: org.openqa.selenium.chrome.ChromeDriver
Capabilities {acceptInsecureCerts: true, browserName: chrome, browserVersion: 132.0.6834.111, chrome: {chromedriverVersion: 132.0.6834.159 (2d77d3fc445..., userDataDir: C:\Users\dell\AppData\Local...}, fedcm:accounts: true, goog:chromeOptions: {debuggerAddress: localhost:54271}, networkConnectionEnabled: false, pageLoadStrategy: normal, platformName: windows, proxy: Proxy(), se:cdp: ws://localhost:54271/devtoo..., se:cdpVersion: 132.0.6834.111, setWindowRect: true, strictFileInteractability: false, timeouts: {implicit: 0, pageLoad: 300000, script: 30000}, unhandledPromptBehavior: dismiss and notify, webauthn:extension:credBlob: true, webauthn:extension:largeBlob: true, webauthn:extension:minPinLength: true, webauthn:extension:prf: true, webauthn:virtualAuthenticators: true}
Session ID: 497b982ff6e6731dd70f8d00197059a7
	at web.pages.BaseMethods.waitForElementVisibility(BaseMethods.java:152)
	at web.pages.BaseMethods.clickElement(BaseMethods.java:299)
	at web.pages.VendorPage.addVendor(VendorPage.java:40)
	at tests.VendorTest.VerifyUserIsAbleToAddVendor(VendorTest.java:42)
	at java.base/java.util.ArrayList.forEach(ArrayList.java:1596)
... Removed 31 stack frames
</div> <!-- stack-trace -->
                </div> <!-- method-content -->
              </div> <!-- method -->
            </div> <!-- main-panel-content rounded-window-bottom -->
          </div> <!-- suite-Surefire_suite-class-failed -->
          <div class="suite-Surefire_suite-class-failed">
            <div class="main-panel-header rounded-window-top">
              <img src="failed.png"/>
              <span class="class-name">tests.TrailerTest</span>
            </div> <!-- main-panel-header rounded-window-top -->
            <div class="main-panel-content rounded-window-bottom">
              <div class="method">
                <div class="method-content">
                  <a name="AVerifyUserIsAbleToGoDasboard">
                  </a> <!-- AVerifyUserIsAbleToGoDasboard -->
                  <span class="method-name">AVerifyUserIsAbleToGoDasboard</span>
                  <div class="stack-trace">java.lang.AssertionError: Expected condition failed: waiting for visibility of element located by By.xpath: //img[@class=&apos;pointer&apos;] (tried for 20 second(s) with 500 milliseconds interval)
	at web.pages.BaseMethods.waitForElementVisibility(BaseMethods.java:152)
	at web.pages.BaseMethods.clickElement(BaseMethods.java:299)
	at web.pages.TrailerPage.dashboardTrailer(TrailerPage.java:56)
	at tests.TrailerTest.AVerifyUserIsAbleToGoDasboard(TrailerTest.java:53)
	at java.base/java.util.ArrayList.forEach(ArrayList.java:1596)
... Removed 31 stack frames
</div> <!-- stack-trace -->
                </div> <!-- method-content -->
              </div> <!-- method -->
              <div class="method">
                <div class="method-content">
                  <a name="VerifyUserIsAbleToAddTrailer">
                  </a> <!-- VerifyUserIsAbleToAddTrailer -->
                  <span class="method-name">VerifyUserIsAbleToAddTrailer</span>
                  <div class="stack-trace">java.lang.AssertionError: Expected condition failed: waiting for visibility of element located by By.xpath: //p[normalize-space()=&apos;Trailer(s)&apos;] (tried for 20 second(s) with 500 milliseconds interval)
	at web.pages.BaseMethods.waitForElementVisibility(BaseMethods.java:152)
	at web.pages.BaseMethods.clickElement(BaseMethods.java:299)
	at web.pages.TrailerPage.AddTrailer(TrailerPage.java:28)
	at tests.TrailerTest.VerifyUserIsAbleToAddTrailer(TrailerTest.java:43)
	at java.base/java.util.ArrayList.forEach(ArrayList.java:1596)
... Removed 31 stack frames
</div> <!-- stack-trace -->
                </div> <!-- method-content -->
              </div> <!-- method -->
            </div> <!-- main-panel-content rounded-window-bottom -->
          </div> <!-- suite-Surefire_suite-class-failed -->
          <div class="suite-Surefire_suite-class-failed">
            <div class="main-panel-header rounded-window-top">
              <img src="failed.png"/>
              <span class="class-name">tests.DriverTest</span>
            </div> <!-- main-panel-header rounded-window-top -->
            <div class="main-panel-content rounded-window-bottom">
              <div class="method">
                <div class="method-content">
                  <a name="VerifyUserIsAbleToAddDriver">
                  </a> <!-- VerifyUserIsAbleToAddDriver -->
                  <span class="method-name">VerifyUserIsAbleToAddDriver</span>
                  <div class="stack-trace">java.lang.AssertionError: Expected condition failed: waiting for visibility of element located by By.xpath: //button[normalize-space()=&apos;+ Add Driver&apos;] (tried for 20 second(s) with 500 milliseconds interval)
Build info: version: &apos;4.21.0&apos;, revision: &apos;79ed462ef4&apos;
System info: os.name: &apos;Windows 10&apos;, os.arch: &apos;amd64&apos;, os.version: &apos;10.0&apos;, java.version: &apos;21&apos;
Driver info: org.openqa.selenium.chrome.ChromeDriver
Capabilities {acceptInsecureCerts: true, browserName: chrome, browserVersion: 132.0.6834.111, chrome: {chromedriverVersion: 132.0.6834.159 (2d77d3fc445..., userDataDir: C:\Users\dell\AppData\Local...}, fedcm:accounts: true, goog:chromeOptions: {debuggerAddress: localhost:53343}, networkConnectionEnabled: false, pageLoadStrategy: normal, platformName: windows, proxy: Proxy(), se:cdp: ws://localhost:53343/devtoo..., se:cdpVersion: 132.0.6834.111, setWindowRect: true, strictFileInteractability: false, timeouts: {implicit: 0, pageLoad: 300000, script: 30000}, unhandledPromptBehavior: dismiss and notify, webauthn:extension:credBlob: true, webauthn:extension:largeBlob: true, webauthn:extension:minPinLength: true, webauthn:extension:prf: true, webauthn:virtualAuthenticators: true}
Session ID: 843a16949d56fa254651b0d2739b822b
	at web.pages.BaseMethods.waitForElementVisibility(BaseMethods.java:152)
	at web.pages.BaseMethods.clickElement(BaseMethods.java:299)
	at web.pages.DriverPage.AddDriver(DriverPage.java:50)
	at tests.DriverTest.VerifyUserIsAbleToAddDriver(DriverTest.java:43)
	at java.base/java.util.ArrayList.forEach(ArrayList.java:1596)
... Removed 31 stack frames
</div> <!-- stack-trace -->
                </div> <!-- method-content -->
              </div> <!-- method -->
              <div class="method">
                <div class="method-content">
                  <a name="VerifyUserIsAbleToAddDriverUpdate">
                  </a> <!-- VerifyUserIsAbleToAddDriverUpdate -->
                  <span class="method-name">VerifyUserIsAbleToAddDriverUpdate</span>
                  <div class="stack-trace">java.lang.AssertionError: Expected condition failed: waiting for element to be clickable: By.xpath: //span[normalize-space()=&apos;Masters&apos;] (tried for 30 second(s) with 500 milliseconds interval)
	at web.pages.BaseMethods.waitForElementClickable(BaseMethods.java:196)
	at web.pages.BaseMethods.moveToElementClick(BaseMethods.java:316)
	at web.pages.DriverPage.updateDriver(DriverPage.java:112)
	at tests.DriverTest.VerifyUserIsAbleToAddDriverUpdate(DriverTest.java:59)
	at java.base/java.util.ArrayList.forEach(ArrayList.java:1596)
... Removed 31 stack frames
</div> <!-- stack-trace -->
                </div> <!-- method-content -->
              </div> <!-- method -->
            </div> <!-- main-panel-content rounded-window-bottom -->
          </div> <!-- suite-Surefire_suite-class-failed -->
          <div class="suite-Surefire_suite-class-failed">
            <div class="main-panel-header rounded-window-top">
              <img src="failed.png"/>
              <span class="class-name">tests.CloseLoadScenariosTest</span>
            </div> <!-- main-panel-header rounded-window-top -->
            <div class="main-panel-content rounded-window-bottom">
              <div class="method">
                <div class="method-content">
                  <a name="VerifyiClientIsAbleToCloseCustomerLoadToBoth">
                  </a> <!-- VerifyiClientIsAbleToCloseCustomerLoadToBoth -->
                  <span class="method-name">VerifyiClientIsAbleToCloseCustomerLoadToBoth</span>
                  <div class="stack-trace">java.lang.AssertionError: Expected condition failed: waiting for visibility of element located by By.xpath: //span[normalize-space()=&apos;Create Load&apos;] (tried for 20 second(s) with 500 milliseconds interval)
Build info: version: &apos;4.21.0&apos;, revision: &apos;79ed462ef4&apos;
System info: os.name: &apos;Windows 10&apos;, os.arch: &apos;amd64&apos;, os.version: &apos;10.0&apos;, java.version: &apos;21&apos;
Driver info: org.openqa.selenium.chrome.ChromeDriver
Capabilities {acceptInsecureCerts: true, browserName: chrome, browserVersion: 132.0.6834.111, chrome: {chromedriverVersion: 132.0.6834.159 (2d77d3fc445..., userDataDir: C:\Users\dell\AppData\Local...}, fedcm:accounts: true, goog:chromeOptions: {debuggerAddress: localhost:52216}, networkConnectionEnabled: false, pageLoadStrategy: normal, platformName: windows, proxy: Proxy(), se:cdp: ws://localhost:52216/devtoo..., se:cdpVersion: 132.0.6834.111, setWindowRect: true, strictFileInteractability: false, timeouts: {implicit: 0, pageLoad: 300000, script: 30000}, unhandledPromptBehavior: dismiss and notify, webauthn:extension:credBlob: true, webauthn:extension:largeBlob: true, webauthn:extension:minPinLength: true, webauthn:extension:prf: true, webauthn:virtualAuthenticators: true}
Session ID: 6be948eeb886a87e6063fa8cb7e39971
	at web.pages.BaseMethods.waitForElementVisibility(BaseMethods.java:152)
	at web.pages.BaseMethods.clickElement(BaseMethods.java:299)
	at web.pages.CreateLoadPage.createLoadByDropdown(CreateLoadPage.java:173)
	at tests.CloseLoadScenariosTest.VerifyiClientIsAbleToCloseCustomerLoadToBoth(CloseLoadScenariosTest.java:91)
	at java.base/java.util.ArrayList.forEach(ArrayList.java:1596)
... Removed 31 stack frames
</div> <!-- stack-trace -->
                </div> <!-- method-content -->
              </div> <!-- method -->
              <div class="method">
                <div class="method-content">
                  <a name="VerifyiClientIsAbleToCloseCustomerLoadToDriver">
                  </a> <!-- VerifyiClientIsAbleToCloseCustomerLoadToDriver -->
                  <span class="method-name">VerifyiClientIsAbleToCloseCustomerLoadToDriver</span>
                  <div class="stack-trace">java.lang.AssertionError: Expected condition failed: waiting for visibility of element located by By.xpath: //span[normalize-space()=&apos;Create Load&apos;] (tried for 20 second(s) with 500 milliseconds interval)
Build info: version: &apos;4.21.0&apos;, revision: &apos;79ed462ef4&apos;
System info: os.name: &apos;Windows 10&apos;, os.arch: &apos;amd64&apos;, os.version: &apos;10.0&apos;, java.version: &apos;21&apos;
Driver info: org.openqa.selenium.chrome.ChromeDriver
Capabilities {acceptInsecureCerts: true, browserName: chrome, browserVersion: 132.0.6834.111, chrome: {chromedriverVersion: 132.0.6834.159 (2d77d3fc445..., userDataDir: C:\Users\dell\AppData\Local...}, fedcm:accounts: true, goog:chromeOptions: {debuggerAddress: localhost:52216}, networkConnectionEnabled: false, pageLoadStrategy: normal, platformName: windows, proxy: Proxy(), se:cdp: ws://localhost:52216/devtoo..., se:cdpVersion: 132.0.6834.111, setWindowRect: true, strictFileInteractability: false, timeouts: {implicit: 0, pageLoad: 300000, script: 30000}, unhandledPromptBehavior: dismiss and notify, webauthn:extension:credBlob: true, webauthn:extension:largeBlob: true, webauthn:extension:minPinLength: true, webauthn:extension:prf: true, webauthn:virtualAuthenticators: true}
Session ID: 6be948eeb886a87e6063fa8cb7e39971
	at web.pages.BaseMethods.waitForElementVisibility(BaseMethods.java:152)
	at web.pages.BaseMethods.clickElement(BaseMethods.java:299)
	at web.pages.CreateLoadPage.createLoadByDropdown(CreateLoadPage.java:173)
	at tests.CloseLoadScenariosTest.VerifyiClientIsAbleToCloseCustomerLoadToDriver(CloseLoadScenariosTest.java:51)
	at java.base/java.util.ArrayList.forEach(ArrayList.java:1596)
... Removed 31 stack frames
</div> <!-- stack-trace -->
                </div> <!-- method-content -->
              </div> <!-- method -->
              <div class="method">
                <div class="method-content">
                  <a name="VerifyiClientIsAbleToCloseCustomerLoadToVendor">
                  </a> <!-- VerifyiClientIsAbleToCloseCustomerLoadToVendor -->
                  <span class="method-name">VerifyiClientIsAbleToCloseCustomerLoadToVendor</span>
                  <div class="stack-trace">java.lang.AssertionError: Expected condition failed: waiting for visibility of element located by By.xpath: //span[normalize-space()=&apos;Create Load&apos;] (tried for 20 second(s) with 500 milliseconds interval)
Build info: version: &apos;4.21.0&apos;, revision: &apos;79ed462ef4&apos;
System info: os.name: &apos;Windows 10&apos;, os.arch: &apos;amd64&apos;, os.version: &apos;10.0&apos;, java.version: &apos;21&apos;
Driver info: org.openqa.selenium.chrome.ChromeDriver
Capabilities {acceptInsecureCerts: true, browserName: chrome, browserVersion: 132.0.6834.111, chrome: {chromedriverVersion: 132.0.6834.159 (2d77d3fc445..., userDataDir: C:\Users\dell\AppData\Local...}, fedcm:accounts: true, goog:chromeOptions: {debuggerAddress: localhost:52216}, networkConnectionEnabled: false, pageLoadStrategy: normal, platformName: windows, proxy: Proxy(), se:cdp: ws://localhost:52216/devtoo..., se:cdpVersion: 132.0.6834.111, setWindowRect: true, strictFileInteractability: false, timeouts: {implicit: 0, pageLoad: 300000, script: 30000}, unhandledPromptBehavior: dismiss and notify, webauthn:extension:credBlob: true, webauthn:extension:largeBlob: true, webauthn:extension:minPinLength: true, webauthn:extension:prf: true, webauthn:virtualAuthenticators: true}
Session ID: 6be948eeb886a87e6063fa8cb7e39971
	at web.pages.BaseMethods.waitForElementVisibility(BaseMethods.java:152)
	at web.pages.BaseMethods.clickElement(BaseMethods.java:299)
	at web.pages.CreateLoadPage.createLoadByDropdown(CreateLoadPage.java:173)
	at tests.CloseLoadScenariosTest.VerifyiClientIsAbleToCloseCustomerLoadToVendor(CloseLoadScenariosTest.java:71)
	at java.base/java.util.ArrayList.forEach(ArrayList.java:1596)
... Removed 31 stack frames
</div> <!-- stack-trace -->
                </div> <!-- method-content -->
              </div> <!-- method -->
              <div class="method">
                <div class="method-content">
                  <a name="VerifyiClientIsAbleToCloseMyLoadOfVendor">
                  </a> <!-- VerifyiClientIsAbleToCloseMyLoadOfVendor -->
                  <span class="method-name">VerifyiClientIsAbleToCloseMyLoadOfVendor</span>
                  <div class="stack-trace">java.lang.AssertionError: Expected condition failed: waiting for visibility of element located by By.xpath: //span[normalize-space()=&apos;Create Load&apos;] (tried for 20 second(s) with 500 milliseconds interval)
Build info: version: &apos;4.21.0&apos;, revision: &apos;79ed462ef4&apos;
System info: os.name: &apos;Windows 10&apos;, os.arch: &apos;amd64&apos;, os.version: &apos;10.0&apos;, java.version: &apos;21&apos;
Driver info: org.openqa.selenium.chrome.ChromeDriver
Capabilities {acceptInsecureCerts: true, browserName: chrome, browserVersion: 132.0.6834.111, chrome: {chromedriverVersion: 132.0.6834.159 (2d77d3fc445..., userDataDir: C:\Users\dell\AppData\Local...}, fedcm:accounts: true, goog:chromeOptions: {debuggerAddress: localhost:52216}, networkConnectionEnabled: false, pageLoadStrategy: normal, platformName: windows, proxy: Proxy(), se:cdp: ws://localhost:52216/devtoo..., se:cdpVersion: 132.0.6834.111, setWindowRect: true, strictFileInteractability: false, timeouts: {implicit: 0, pageLoad: 300000, script: 30000}, unhandledPromptBehavior: dismiss and notify, webauthn:extension:credBlob: true, webauthn:extension:largeBlob: true, webauthn:extension:minPinLength: true, webauthn:extension:prf: true, webauthn:virtualAuthenticators: true}
Session ID: 6be948eeb886a87e6063fa8cb7e39971
	at web.pages.BaseMethods.waitForElementVisibility(BaseMethods.java:152)
	at web.pages.BaseMethods.clickElement(BaseMethods.java:299)
	at web.pages.CreateLoadPage.MyLoad(CreateLoadPage.java:207)
	at tests.CloseLoadScenariosTest.VerifyiClientIsAbleToCloseMyLoadOfVendor(CloseLoadScenariosTest.java:36)
	at java.base/java.util.ArrayList.forEach(ArrayList.java:1596)
... Removed 31 stack frames
</div> <!-- stack-trace -->
                </div> <!-- method-content -->
              </div> <!-- method -->
              <div class="method">
                <div class="method-content">
                  <a name="VerifyiClientIsAbleToCloseMyLoadToBoth">
                  </a> <!-- VerifyiClientIsAbleToCloseMyLoadToBoth -->
                  <span class="method-name">VerifyiClientIsAbleToCloseMyLoadToBoth</span>
                  <div class="stack-trace">java.lang.AssertionError: Expected condition failed: waiting for visibility of element located by By.xpath: //span[normalize-space()=&apos;Create Load&apos;] (tried for 20 second(s) with 500 milliseconds interval)
Build info: version: &apos;4.21.0&apos;, revision: &apos;79ed462ef4&apos;
System info: os.name: &apos;Windows 10&apos;, os.arch: &apos;amd64&apos;, os.version: &apos;10.0&apos;, java.version: &apos;21&apos;
Driver info: org.openqa.selenium.chrome.ChromeDriver
Capabilities {acceptInsecureCerts: true, browserName: chrome, browserVersion: 132.0.6834.111, chrome: {chromedriverVersion: 132.0.6834.159 (2d77d3fc445..., userDataDir: C:\Users\dell\AppData\Local...}, fedcm:accounts: true, goog:chromeOptions: {debuggerAddress: localhost:52216}, networkConnectionEnabled: false, pageLoadStrategy: normal, platformName: windows, proxy: Proxy(), se:cdp: ws://localhost:52216/devtoo..., se:cdpVersion: 132.0.6834.111, setWindowRect: true, strictFileInteractability: false, timeouts: {implicit: 0, pageLoad: 300000, script: 30000}, unhandledPromptBehavior: dismiss and notify, webauthn:extension:credBlob: true, webauthn:extension:largeBlob: true, webauthn:extension:minPinLength: true, webauthn:extension:prf: true, webauthn:virtualAuthenticators: true}
Session ID: 6be948eeb886a87e6063fa8cb7e39971
	at web.pages.BaseMethods.waitForElementVisibility(BaseMethods.java:152)
	at web.pages.BaseMethods.clickElement(BaseMethods.java:299)
	at web.pages.CreateLoadPage.MyLoad(CreateLoadPage.java:207)
	at tests.CloseLoadScenariosTest.VerifyiClientIsAbleToCloseMyLoadToBoth(CloseLoadScenariosTest.java:124)
	at java.base/java.util.ArrayList.forEach(ArrayList.java:1596)
... Removed 31 stack frames
</div> <!-- stack-trace -->
                </div> <!-- method-content -->
              </div> <!-- method -->
              <div class="method">
                <div class="method-content">
                  <a name="VerifyiClientIsAbleToCloseMyLoadToDriver">
                  </a> <!-- VerifyiClientIsAbleToCloseMyLoadToDriver -->
                  <span class="method-name">VerifyiClientIsAbleToCloseMyLoadToDriver</span>
                  <div class="stack-trace">java.lang.AssertionError: Expected condition failed: waiting for visibility of element located by By.xpath: //span[normalize-space()=&apos;Create Load&apos;] (tried for 20 second(s) with 500 milliseconds interval)
Build info: version: &apos;4.21.0&apos;, revision: &apos;79ed462ef4&apos;
System info: os.name: &apos;Windows 10&apos;, os.arch: &apos;amd64&apos;, os.version: &apos;10.0&apos;, java.version: &apos;21&apos;
Driver info: org.openqa.selenium.chrome.ChromeDriver
Capabilities {acceptInsecureCerts: true, browserName: chrome, browserVersion: 132.0.6834.111, chrome: {chromedriverVersion: 132.0.6834.159 (2d77d3fc445..., userDataDir: C:\Users\dell\AppData\Local...}, fedcm:accounts: true, goog:chromeOptions: {debuggerAddress: localhost:52216}, networkConnectionEnabled: false, pageLoadStrategy: normal, platformName: windows, proxy: Proxy(), se:cdp: ws://localhost:52216/devtoo..., se:cdpVersion: 132.0.6834.111, setWindowRect: true, strictFileInteractability: false, timeouts: {implicit: 0, pageLoad: 300000, script: 30000}, unhandledPromptBehavior: dismiss and notify, webauthn:extension:credBlob: true, webauthn:extension:largeBlob: true, webauthn:extension:minPinLength: true, webauthn:extension:prf: true, webauthn:virtualAuthenticators: true}
Session ID: 6be948eeb886a87e6063fa8cb7e39971
	at web.pages.BaseMethods.waitForElementVisibility(BaseMethods.java:152)
	at web.pages.BaseMethods.clickElement(BaseMethods.java:299)
	at web.pages.CreateLoadPage.MyLoad(CreateLoadPage.java:207)
	at tests.CloseLoadScenariosTest.VerifyiClientIsAbleToCloseMyLoadToDriver(CloseLoadScenariosTest.java:109)
	at java.base/java.util.ArrayList.forEach(ArrayList.java:1596)
... Removed 31 stack frames
</div> <!-- stack-trace -->
                </div> <!-- method-content -->
              </div> <!-- method -->
            </div> <!-- main-panel-content rounded-window-bottom -->
          </div> <!-- suite-Surefire_suite-class-failed -->
          <div class="suite-Surefire_suite-class-skipped">
            <div class="main-panel-header rounded-window-top">
              <img src="skipped.png"/>
              <span class="class-name">tests.ImportAllMastersTest</span>
            </div> <!-- main-panel-header rounded-window-top -->
            <div class="main-panel-content rounded-window-bottom">
              <div class="method">
                <div class="method-content">
                  <a name="VerifyUserIsAbleToImportDriver">
                  </a> <!-- VerifyUserIsAbleToImportDriver -->
                  <span class="method-name">VerifyUserIsAbleToImportDriver</span>
                  <div class="stack-trace">java.lang.AssertionError: Expected condition failed: waiting for visibility of element located by By.xpath: //input[@formcontrolname=&apos;email&apos;] (tried for 30 second(s) with 500 milliseconds interval)
	at web.pages.BaseMethods.waitForElementVisibility(BaseMethods.java:152)
	at web.pages.BaseMethods.enterData(BaseMethods.java:248)
	at web.pages.LoginSignUPPage.userLoginn(LoginSignUPPage.java:84)
	at tests.ImportAllMastersTest.setup(ImportAllMastersTest.java:28)
	at java.base/java.util.ArrayList.forEach(ArrayList.java:1596)
... Removed 29 stack frames
</div> <!-- stack-trace -->
                </div> <!-- method-content -->
              </div> <!-- method -->
            </div> <!-- main-panel-content rounded-window-bottom -->
          </div> <!-- suite-Surefire_suite-class-skipped -->
          <div class="suite-Surefire_suite-class-skipped">
            <div class="main-panel-header rounded-window-top">
              <img src="skipped.png"/>
              <span class="class-name">tests.MyLoadTest</span>
            </div> <!-- main-panel-header rounded-window-top -->
            <div class="main-panel-content rounded-window-bottom">
              <div class="method">
                <div class="method-content">
                  <a name="VerifyiClientIsAbleToAssignMyLoadToBoth">
                  </a> <!-- VerifyiClientIsAbleToAssignMyLoadToBoth -->
                  <span class="method-name">VerifyiClientIsAbleToAssignMyLoadToBoth</span>
                  <div class="stack-trace">java.lang.AssertionError: Expected condition failed: waiting for visibility of element located by By.xpath: //input[@formcontrolname=&apos;email&apos;] (tried for 30 second(s) with 500 milliseconds interval)
	at web.pages.BaseMethods.waitForElementVisibility(BaseMethods.java:152)
	at web.pages.BaseMethods.enterData(BaseMethods.java:248)
	at web.pages.LoginSignUPPage.userLoginn(LoginSignUPPage.java:84)
	at tests.MyLoadTest.setup(MyLoadTest.java:23)
	at java.base/java.util.ArrayList.forEach(ArrayList.java:1596)
... Removed 29 stack frames
</div> <!-- stack-trace -->
                </div> <!-- method-content -->
              </div> <!-- method -->
              <div class="method">
                <div class="method-content">
                  <a name="VerifyiClientIsAbleToAssignMyLoadToBothclose">
                  </a> <!-- VerifyiClientIsAbleToAssignMyLoadToBothclose -->
                  <span class="method-name">VerifyiClientIsAbleToAssignMyLoadToBothclose</span>
                  <div class="stack-trace">java.lang.AssertionError: Expected condition failed: waiting for visibility of element located by By.xpath: //input[@formcontrolname=&apos;email&apos;] (tried for 30 second(s) with 500 milliseconds interval)
	at web.pages.BaseMethods.waitForElementVisibility(BaseMethods.java:152)
	at web.pages.BaseMethods.enterData(BaseMethods.java:248)
	at web.pages.LoginSignUPPage.userLoginn(LoginSignUPPage.java:84)
	at tests.MyLoadTest.setup(MyLoadTest.java:23)
	at java.base/java.util.ArrayList.forEach(ArrayList.java:1596)
... Removed 29 stack frames
</div> <!-- stack-trace -->
                </div> <!-- method-content -->
              </div> <!-- method -->
              <div class="method">
                <div class="method-content">
                  <a name="VerifyiClientIsAbleToAssignMyLoadToDriver">
                  </a> <!-- VerifyiClientIsAbleToAssignMyLoadToDriver -->
                  <span class="method-name">VerifyiClientIsAbleToAssignMyLoadToDriver</span>
                  <div class="stack-trace">java.lang.AssertionError: Expected condition failed: waiting for visibility of element located by By.xpath: //input[@formcontrolname=&apos;email&apos;] (tried for 30 second(s) with 500 milliseconds interval)
	at web.pages.BaseMethods.waitForElementVisibility(BaseMethods.java:152)
	at web.pages.BaseMethods.enterData(BaseMethods.java:248)
	at web.pages.LoginSignUPPage.userLoginn(LoginSignUPPage.java:84)
	at tests.MyLoadTest.setup(MyLoadTest.java:23)
	at java.base/java.util.ArrayList.forEach(ArrayList.java:1596)
... Removed 29 stack frames
</div> <!-- stack-trace -->
                </div> <!-- method-content -->
              </div> <!-- method -->
              <div class="method">
                <div class="method-content">
                  <a name="VerifyiClientIsAbleToAssignMyLoadToVendor">
                  </a> <!-- VerifyiClientIsAbleToAssignMyLoadToVendor -->
                  <span class="method-name">VerifyiClientIsAbleToAssignMyLoadToVendor</span>
                  <div class="stack-trace">java.lang.AssertionError: Expected condition failed: waiting for visibility of element located by By.xpath: //input[@formcontrolname=&apos;email&apos;] (tried for 30 second(s) with 500 milliseconds interval)
	at web.pages.BaseMethods.waitForElementVisibility(BaseMethods.java:152)
	at web.pages.BaseMethods.enterData(BaseMethods.java:248)
	at web.pages.LoginSignUPPage.userLoginn(LoginSignUPPage.java:84)
	at tests.MyLoadTest.setup(MyLoadTest.java:23)
	at java.base/java.util.ArrayList.forEach(ArrayList.java:1596)
... Removed 29 stack frames
</div> <!-- stack-trace -->
                </div> <!-- method-content -->
              </div> <!-- method -->
            </div> <!-- main-panel-content rounded-window-bottom -->
          </div> <!-- suite-Surefire_suite-class-skipped -->
          <div class="suite-Surefire_suite-class-passed">
            <div class="main-panel-header rounded-window-top">
              <img src="passed.png"/>
              <span class="class-name">tests.CustomerLoadTest</span>
            </div> <!-- main-panel-header rounded-window-top -->
            <div class="main-panel-content rounded-window-bottom">
              <div class="method">
                <div class="method-content">
                  <a name="VerifyUserIsAbleToLogin">
                  </a> <!-- VerifyUserIsAbleToLogin -->
                  <span class="method-name">VerifyUserIsAbleToLogin</span>
                </div> <!-- method-content -->
              </div> <!-- method -->
            </div> <!-- main-panel-content rounded-window-bottom -->
          </div> <!-- suite-Surefire_suite-class-passed -->
          <div class="suite-Surefire_suite-class-passed">
            <div class="main-panel-header rounded-window-top">
              <img src="passed.png"/>
              <span class="class-name">tests.VendorTest</span>
            </div> <!-- main-panel-header rounded-window-top -->
            <div class="main-panel-content rounded-window-bottom">
              <div class="method">
                <div class="method-content">
                  <a name="DashboardVendorList">
                  </a> <!-- DashboardVendorList -->
                  <span class="method-name">DashboardVendorList</span>
                </div> <!-- method-content -->
              </div> <!-- method -->
              <div class="method">
                <div class="method-content">
                  <a name="VerifyUserIsAbleToLogin">
                  </a> <!-- VerifyUserIsAbleToLogin -->
                  <span class="method-name">VerifyUserIsAbleToLogin</span>
                </div> <!-- method-content -->
              </div> <!-- method -->
            </div> <!-- main-panel-content rounded-window-bottom -->
          </div> <!-- suite-Surefire_suite-class-passed -->
          <div class="suite-Surefire_suite-class-passed">
            <div class="main-panel-header rounded-window-top">
              <img src="passed.png"/>
              <span class="class-name">tests.TrailerTest</span>
            </div> <!-- main-panel-header rounded-window-top -->
            <div class="main-panel-content rounded-window-bottom">
              <div class="method">
                <div class="method-content">
                  <a name="VerifyUserIsAbleToLogin">
                  </a> <!-- VerifyUserIsAbleToLogin -->
                  <span class="method-name">VerifyUserIsAbleToLogin</span>
                </div> <!-- method-content -->
              </div> <!-- method -->
            </div> <!-- main-panel-content rounded-window-bottom -->
          </div> <!-- suite-Surefire_suite-class-passed -->
          <div class="suite-Surefire_suite-class-passed">
            <div class="main-panel-header rounded-window-top">
              <img src="passed.png"/>
              <span class="class-name">tests.DriverTest</span>
            </div> <!-- main-panel-header rounded-window-top -->
            <div class="main-panel-content rounded-window-bottom">
              <div class="method">
                <div class="method-content">
                  <a name="DriverList">
                  </a> <!-- DriverList -->
                  <span class="method-name">DriverList</span>
                </div> <!-- method-content -->
              </div> <!-- method -->
            </div> <!-- main-panel-content rounded-window-bottom -->
          </div> <!-- suite-Surefire_suite-class-passed -->
        </div> <!-- panel Surefire_suite -->
        <div panel-name="test-xml-Surefire_suite" class="panel">
          <div class="main-panel-header rounded-window-top">
          </div> <!-- main-panel-header rounded-window-top -->
          <div class="main-panel-content rounded-window-bottom">
            <pre>
&lt;?xml version=&quot;1.0&quot; encoding=&quot;UTF-8&quot;?&gt;
&lt;!DOCTYPE suite SYSTEM &quot;https://testng.org/testng-1.0.dtd&quot;&gt;
&lt;suite thread-count=&quot;1&quot; name=&quot;Surefire suite&quot; verbose=&quot;0&quot;&gt;
  &lt;test thread-count=&quot;1&quot; name=&quot;Surefire test&quot; verbose=&quot;0&quot;&gt;
    &lt;classes&gt;
      &lt;class name=&quot;tests.BaseTest&quot;/&gt;
      &lt;class name=&quot;tests.CloseLoadScenariosTest&quot;/&gt;
      &lt;class name=&quot;tests.CreateLoadTest&quot;/&gt;
      &lt;class name=&quot;tests.CustomerLoadTest&quot;/&gt;
      &lt;class name=&quot;tests.CustomerTest&quot;/&gt;
      &lt;class name=&quot;tests.DriverTest&quot;/&gt;
      &lt;class name=&quot;tests.ImportAllMastersTest&quot;/&gt;
      &lt;class name=&quot;tests.LoginSignUpTest&quot;/&gt;
      &lt;class name=&quot;tests.MyLoadTest&quot;/&gt;
      &lt;class name=&quot;tests.MyLoadToDriverTest&quot;/&gt;
      &lt;class name=&quot;tests.TrailerTest&quot;/&gt;
      &lt;class name=&quot;tests.TruckTest&quot;/&gt;
      &lt;class name=&quot;tests.UserTest&quot;/&gt;
      &lt;class name=&quot;tests.VendorTest&quot;/&gt;
    &lt;/classes&gt;
  &lt;/test&gt; &lt;!-- Surefire test --&gt;
&lt;/suite&gt; &lt;!-- Surefire suite --&gt;
            </pre>
          </div> <!-- main-panel-content rounded-window-bottom -->
        </div> <!-- panel -->
        <div panel-name="testlist-Surefire_suite" class="panel">
          <div class="main-panel-header rounded-window-top">
            <span class="header-content">Tests for Surefire suite</span>
          </div> <!-- main-panel-header rounded-window-top -->
          <div class="main-panel-content rounded-window-bottom">
            <ul>
              <li>
                <span class="test-name">Surefire test (14 classes)</span>
              </li>
            </ul>
          </div> <!-- main-panel-content rounded-window-bottom -->
        </div> <!-- panel -->
        <div panel-name="group-Surefire_suite" class="panel">
          <div class="main-panel-header rounded-window-top">
            <span class="header-content">Groups for Surefire suite</span>
          </div> <!-- main-panel-header rounded-window-top -->
          <div class="main-panel-content rounded-window-bottom">
            <div class="test-group">
              <span class="test-group-name">sanity</span>
              <br/>
              <div class="method-in-group">
                <span class="method-in-group-name">VerifyiClientIsAbleToCloseMyLoadOfVendor</span>
                <br/>
              </div> <!-- method-in-group -->
            </div> <!-- test-group -->
          </div> <!-- main-panel-content rounded-window-bottom -->
        </div> <!-- panel -->
        <div panel-name="times-Surefire_suite" class="panel">
          <div class="main-panel-header rounded-window-top">
            <span class="header-content">Times for Surefire suite</span>
          </div> <!-- main-panel-header rounded-window-top -->
          <div class="main-panel-content rounded-window-bottom">
            <div class="times-div">
              <script type="text/javascript">
suiteTableInitFunctions.push('tableData_Surefire_suite');
function tableData_Surefire_suite() {
var data = new google.visualization.DataTable();
data.addColumn('number', 'Number');
data.addColumn('string', 'Method');
data.addColumn('string', 'Class');
data.addColumn('number', 'Time (ms)');
data.addRows(50);
data.setCell(0, 0, 0)
data.setCell(0, 1, 'AVerifyUserIsAbleToLogin')
data.setCell(0, 2, 'tests.UserTest')
data.setCell(0, 3, 38535);
data.setCell(1, 0, 1)
data.setCell(1, 1, 'VerifyUserIsAbleToLogin')
data.setCell(1, 2, 'tests.CustomerTest')
data.setCell(1, 3, 36236);
data.setCell(2, 0, 2)
data.setCell(2, 1, 'VerifyUserIsAbleToLogin')
data.setCell(2, 2, 'tests.TruckTest')
data.setCell(2, 3, 36228);
data.setCell(3, 0, 3)
data.setCell(3, 1, 'VerifyUserIsAbleToAddDriverUpdate')
data.setCell(3, 2, 'tests.DriverTest')
data.setCell(3, 3, 32452);
data.setCell(4, 0, 4)
data.setCell(4, 1, 'FVerifyAdminLogin')
data.setCell(4, 2, 'tests.UserTest')
data.setCell(4, 3, 32233);
data.setCell(5, 0, 5)
data.setCell(5, 1, 'DVerifyUserIsAbleToAddMasterSetting')
data.setCell(5, 2, 'tests.UserTest')
data.setCell(5, 3, 30202);
data.setCell(6, 0, 6)
data.setCell(6, 1, 'VerifyUserIsAbleToAddDriver')
data.setCell(6, 2, 'tests.DriverTest')
data.setCell(6, 3, 24027);
data.setCell(7, 0, 7)
data.setCell(7, 1, 'VerifyiClientIsAbleToAssignCustomerLoadToBoth')
data.setCell(7, 2, 'tests.CreateLoadTest')
data.setCell(7, 3, 22519);
data.setCell(8, 0, 8)
data.setCell(8, 1, 'EVerifyUserIsAbleToTaxClass')
data.setCell(8, 2, 'tests.UserTest')
data.setCell(8, 3, 22500);
data.setCell(9, 0, 9)
data.setCell(9, 1, 'CreateLoadOfExistingCustomer')
data.setCell(9, 2, 'tests.CreateLoadTest')
data.setCell(9, 3, 22499);
data.setCell(10, 0, 10)
data.setCell(10, 1, 'VerifyiClientIsAbleToCloseCustomerLoadToVendor')
data.setCell(10, 2, 'tests.CloseLoadScenariosTest')
data.setCell(10, 3, 22490);
data.setCell(11, 0, 11)
data.setCell(11, 1, 'VerifyiClientIsAbleToAssignMyLoadToVendor')
data.setCell(11, 2, 'tests.CreateLoadTest')
data.setCell(11, 3, 22490);
data.setCell(12, 0, 12)
data.setCell(12, 1, 'VerifyiClientIsAbleToAssignCustomerLoadToDriver')
data.setCell(12, 2, 'tests.CreateLoadTest')
data.setCell(12, 3, 22487);
data.setCell(13, 0, 13)
data.setCell(13, 1, 'VerifyiClientIsAbleToAssignMyLoadToBoth')
data.setCell(13, 2, 'tests.MyLoadToDriverTest')
data.setCell(13, 3, 22482);
data.setCell(14, 0, 14)
data.setCell(14, 1, 'VerifyiClientIsAbleToAssignMyLoadToVendor')
data.setCell(14, 2, 'tests.MyLoadToDriverTest')
data.setCell(14, 3, 22480);
data.setCell(15, 0, 15)
data.setCell(15, 1, 'VerifyiClientIsAbleToAssignMyLoadToBothclose')
data.setCell(15, 2, 'tests.MyLoadToDriverTest')
data.setCell(15, 3, 22463);
data.setCell(16, 0, 16)
data.setCell(16, 1, 'VerifyUserIsAbleToAddCustomer')
data.setCell(16, 2, 'tests.CustomerTest')
data.setCell(16, 3, 22458);
data.setCell(17, 0, 17)
data.setCell(17, 1, 'VerifyiClientIsAbleToAssignMyLoadToDriver')
data.setCell(17, 2, 'tests.CreateLoadTest')
data.setCell(17, 3, 22446);
data.setCell(18, 0, 18)
data.setCell(18, 1, 'VerifyiClientIsAbleToCloseMyLoadToDriver')
data.setCell(18, 2, 'tests.CloseLoadScenariosTest')
data.setCell(18, 3, 22442);
data.setCell(19, 0, 19)
data.setCell(19, 1, 'loadByDropdown')
data.setCell(19, 2, 'tests.CustomerLoadTest')
data.setCell(19, 3, 22427);
data.setCell(20, 0, 20)
data.setCell(20, 1, 'VerifyiClientIsAbleToCreateMyLoad')
data.setCell(20, 2, 'tests.CreateLoadTest')
data.setCell(20, 3, 22347);
data.setCell(21, 0, 21)
data.setCell(21, 1, 'VerifyiClientIsAbleToCloseMyLoadToBoth')
data.setCell(21, 2, 'tests.CloseLoadScenariosTest')
data.setCell(21, 3, 22211);
data.setCell(22, 0, 22)
data.setCell(22, 1, 'VerifyiClientIsAbleToCloseCustomerLoadToBoth')
data.setCell(22, 2, 'tests.CloseLoadScenariosTest')
data.setCell(22, 3, 22137);
data.setCell(23, 0, 23)
data.setCell(23, 1, 'VerifyiClientIsAbleToCloseCustomerLoadToDriver')
data.setCell(23, 2, 'tests.CloseLoadScenariosTest')
data.setCell(23, 3, 22078);
data.setCell(24, 0, 24)
data.setCell(24, 1, 'VerifyiClientIsAbleToAssignMyLoadToDriver')
data.setCell(24, 2, 'tests.MyLoadToDriverTest')
data.setCell(24, 3, 22054);
data.setCell(25, 0, 25)
data.setCell(25, 1, 'VerifyiClientIsAbleToAssignMyLoadBothCases')
data.setCell(25, 2, 'tests.CreateLoadTest')
data.setCell(25, 3, 22032);
data.setCell(26, 0, 26)
data.setCell(26, 1, 'VerifyiClientIsAbleToAssignCustomerLoadToVendor')
data.setCell(26, 2, 'tests.CreateLoadTest')
data.setCell(26, 3, 22024);
data.setCell(27, 0, 27)
data.setCell(27, 1, 'VerifyClientIsAbleToCreateLoadOfNewCustomer')
data.setCell(27, 2, 'tests.CreateLoadTest')
data.setCell(27, 3, 22022);
data.setCell(28, 0, 28)
data.setCell(28, 1, 'VerifyiClientIsAbleToCloseMyLoadOfVendor')
data.setCell(28, 2, 'tests.CloseLoadScenariosTest')
data.setCell(28, 3, 22010);
data.setCell(29, 0, 29)
data.setCell(29, 1, 'AVerifyUserIsAbleToGoDasboard')
data.setCell(29, 2, 'tests.TrailerTest')
data.setCell(29, 3, 20510);
data.setCell(30, 0, 30)
data.setCell(30, 1, 'Dashboard')
data.setCell(30, 2, 'tests.CustomerTest')
data.setCell(30, 3, 20480);
data.setCell(31, 0, 31)
data.setCell(31, 1, 'VerifyUserIsAbleToAddTruck')
data.setCell(31, 2, 'tests.TruckTest')
data.setCell(31, 3, 20476);
data.setCell(32, 0, 32)
data.setCell(32, 1, 'AVerifyUserIsAbleToGoDasboard')
data.setCell(32, 2, 'tests.TruckTest')
data.setCell(32, 3, 20465);
data.setCell(33, 0, 33)
data.setCell(33, 1, 'VerifyUserIsAbleToAddTrailer')
data.setCell(33, 2, 'tests.TrailerTest')
data.setCell(33, 3, 20263);
data.setCell(34, 0, 34)
data.setCell(34, 1, 'VerifyUserIsAbleToAddVendor')
data.setCell(34, 2, 'tests.VendorTest')
data.setCell(34, 3, 20087);
data.setCell(35, 0, 35)
data.setCell(35, 1, 'GVerifyIfAdminIsAbleToApproveClient')
data.setCell(35, 2, 'tests.UserTest')
data.setCell(35, 3, 20018);
data.setCell(36, 0, 36)
data.setCell(36, 1, 'VerifyUserIsAbleToUpdateCustomer')
data.setCell(36, 2, 'tests.CustomerTest')
data.setCell(36, 3, 20008);
data.setCell(37, 0, 37)
data.setCell(37, 1, 'BVerifyUserIsAbleToAddManager')
data.setCell(37, 2, 'tests.UserTest')
data.setCell(37, 3, 7015);
data.setCell(38, 0, 38)
data.setCell(38, 1, 'VerifyUserIsAbleToLogin')
data.setCell(38, 2, 'tests.TrailerTest')
data.setCell(38, 3, 6569);
data.setCell(39, 0, 39)
data.setCell(39, 1, 'VerifyUserIsAbleToLogin')
data.setCell(39, 2, 'tests.CustomerLoadTest')
data.setCell(39, 3, 6554);
data.setCell(40, 0, 40)
data.setCell(40, 1, 'VerifyUserIsAbleToLogin')
data.setCell(40, 2, 'tests.VendorTest')
data.setCell(40, 3, 6541);
data.setCell(41, 0, 41)
data.setCell(41, 1, 'AVerifyUserIsAbleToLogin')
data.setCell(41, 2, 'tests.LoginSignUpTest')
data.setCell(41, 3, 6261);
data.setCell(42, 0, 42)
data.setCell(42, 1, 'DashboardVendorList')
data.setCell(42, 2, 'tests.VendorTest')
data.setCell(42, 3, 2873);
data.setCell(43, 0, 43)
data.setCell(43, 1, 'DriverList')
data.setCell(43, 2, 'tests.DriverTest')
data.setCell(43, 3, 2428);
data.setCell(44, 0, 44)
data.setCell(44, 1, 'CVerifyUserIsAbleToUploadDocument')
data.setCell(44, 2, 'tests.UserTest')
data.setCell(44, 3, 2017);
data.setCell(45, 0, 45)
data.setCell(45, 1, 'VerifyiClientIsAbleToAssignMyLoadToBoth')
data.setCell(45, 2, 'tests.MyLoadTest')
data.setCell(45, 3, 0);
data.setCell(46, 0, 46)
data.setCell(46, 1, 'VerifyiClientIsAbleToAssignMyLoadToVendor')
data.setCell(46, 2, 'tests.MyLoadTest')
data.setCell(46, 3, 0);
data.setCell(47, 0, 47)
data.setCell(47, 1, 'VerifyiClientIsAbleToAssignMyLoadToDriver')
data.setCell(47, 2, 'tests.MyLoadTest')
data.setCell(47, 3, 0);
data.setCell(48, 0, 48)
data.setCell(48, 1, 'VerifyiClientIsAbleToAssignMyLoadToBothclose')
data.setCell(48, 2, 'tests.MyLoadTest')
data.setCell(48, 3, 0);
data.setCell(49, 0, 49)
data.setCell(49, 1, 'VerifyUserIsAbleToImportDriver')
data.setCell(49, 2, 'tests.ImportAllMastersTest')
data.setCell(49, 3, 0);
window.suiteTableData['Surefire_suite']= { tableData: data, tableDiv: 'times-div-Surefire_suite'}
return data;
}
              </script>
              <span class="suite-total-time">Total running time: 15 minutes</span>
              <div id="times-div-Surefire_suite">
              </div> <!-- times-div-Surefire_suite -->
            </div> <!-- times-div -->
          </div> <!-- main-panel-content rounded-window-bottom -->
        </div> <!-- panel -->
        <div panel-name="reporter-Surefire_suite" class="panel">
          <div class="main-panel-header rounded-window-top">
            <span class="header-content">Reporter output for Surefire suite</span>
          </div> <!-- main-panel-header rounded-window-top -->
          <div class="main-panel-content rounded-window-bottom">
          </div> <!-- main-panel-content rounded-window-bottom -->
        </div> <!-- panel -->
        <div panel-name="ignored-methods-Surefire_suite" class="panel">
          <div class="main-panel-header rounded-window-top">
            <span class="header-content">22 ignored methods</span>
          </div> <!-- main-panel-header rounded-window-top -->
          <div class="main-panel-content rounded-window-bottom">
            <div class="ignored-class-div">
              <span class="ignored-class-name">tests.ImportAllMastersTest</span>
              <div class="ignored-methods-div">
                <span class="ignored-method-name">beforeSuite</span>
                <br/>
              </div> <!-- ignored-methods-div -->
            </div> <!-- ignored-class-div -->
            <div class="ignored-class-div">
              <span class="ignored-class-name">tests.UserTest</span>
              <div class="ignored-methods-div">
                <span class="ignored-method-name">beforeSuite</span>
                <br/>
                <span class="ignored-method-name">AVerifyUserIsAbleToLoginn</span>
                <br/>
              </div> <!-- ignored-methods-div -->
            </div> <!-- ignored-class-div -->
            <div class="ignored-class-div">
              <span class="ignored-class-name">tests.VendorTest</span>
              <div class="ignored-methods-div">
                <span class="ignored-method-name">VerifyUserIsAbleToUpdateVendor</span>
                <br/>
                <span class="ignored-method-name">beforeSuite</span>
                <br/>
              </div> <!-- ignored-methods-div -->
            </div> <!-- ignored-class-div -->
            <div class="ignored-class-div">
              <span class="ignored-class-name">tests.CloseLoadScenariosTest</span>
              <div class="ignored-methods-div">
                <span class="ignored-method-name">beforeSuite</span>
                <br/>
              </div> <!-- ignored-methods-div -->
            </div> <!-- ignored-class-div -->
            <div class="ignored-class-div">
              <span class="ignored-class-name">tests.CreateLoadTest</span>
              <div class="ignored-methods-div">
                <span class="ignored-method-name">beforeSuite</span>
                <br/>
              </div> <!-- ignored-methods-div -->
            </div> <!-- ignored-class-div -->
            <div class="ignored-class-div">
              <span class="ignored-class-name">tests.MyLoadToDriverTest</span>
              <div class="ignored-methods-div">
                <span class="ignored-method-name">beforeSuite</span>
                <br/>
              </div> <!-- ignored-methods-div -->
            </div> <!-- ignored-class-div -->
            <div class="ignored-class-div">
              <span class="ignored-class-name">tests.CustomerLoadTest</span>
              <div class="ignored-methods-div">
                <span class="ignored-method-name">assignLoadToVendor</span>
                <br/>
                <span class="ignored-method-name">VerifyUserIsAbleToAddCustomerOrderInfo</span>
                <br/>
                <span class="ignored-method-name">dispatchLoadToDriver</span>
                <br/>
                <span class="ignored-method-name">VerifyUserIsAbleToAddCustomerInfo</span>
                <br/>
                <span class="ignored-method-name">beforeSuite</span>
                <br/>
                <span class="ignored-method-name">VerifyUserIsAbleToAddCustomerLoadInfo</span>
                <br/>
              </div> <!-- ignored-methods-div -->
            </div> <!-- ignored-class-div -->
            <div class="ignored-class-div">
              <span class="ignored-class-name">tests.LoginSignUpTest</span>
              <div class="ignored-methods-div">
                <span class="ignored-method-name">beforeSuite</span>
                <br/>
              </div> <!-- ignored-methods-div -->
            </div> <!-- ignored-class-div -->
            <div class="ignored-class-div">
              <span class="ignored-class-name">tests.TruckTest</span>
              <div class="ignored-methods-div">
                <span class="ignored-method-name">beforeSuite</span>
                <br/>
                <span class="ignored-method-name">AVerifyUserIsAbleToUpdateTruck</span>
                <br/>
              </div> <!-- ignored-methods-div -->
            </div> <!-- ignored-class-div -->
            <div class="ignored-class-div">
              <span class="ignored-class-name">tests.MyLoadTest</span>
              <div class="ignored-methods-div">
                <span class="ignored-method-name">beforeSuite</span>
                <br/>
              </div> <!-- ignored-methods-div -->
            </div> <!-- ignored-class-div -->
            <div class="ignored-class-div">
              <span class="ignored-class-name">tests.CustomerTest</span>
              <div class="ignored-methods-div">
                <span class="ignored-method-name">beforeSuite</span>
                <br/>
              </div> <!-- ignored-methods-div -->
            </div> <!-- ignored-class-div -->
            <div class="ignored-class-div">
              <span class="ignored-class-name">tests.TrailerTest</span>
              <div class="ignored-methods-div">
                <span class="ignored-method-name">beforeSuite</span>
                <br/>
                <span class="ignored-method-name">AVerifyUserIsAbleTUpdatedTrailer</span>
                <br/>
              </div> <!-- ignored-methods-div -->
            </div> <!-- ignored-class-div -->
            <div class="ignored-class-div">
              <span class="ignored-class-name">tests.DriverTest</span>
              <div class="ignored-methods-div">
                <span class="ignored-method-name">beforeSuite</span>
                <br/>
              </div> <!-- ignored-methods-div -->
            </div> <!-- ignored-class-div -->
          </div> <!-- main-panel-content rounded-window-bottom -->
        </div> <!-- panel -->
        <div panel-name="chronological-Surefire_suite" class="panel">
          <div class="main-panel-header rounded-window-top">
            <span class="header-content">Methods in chronological order</span>
          </div> <!-- main-panel-header rounded-window-top -->
          <div class="main-panel-content rounded-window-bottom">
            <div class="chronological-class">
              <div class="chronological-class-name">tests.BaseTest</div> <!-- chronological-class-name -->
              <div class="configuration-suite before">
                <span class="method-name">beforeSuite</span>
                <span class="method-start">0 ms</span>
              </div> <!-- configuration-suite before -->
            </div> <!-- chronological-class -->
            <div class="chronological-class">
              <div class="chronological-class-name">tests.CloseLoadScenariosTest</div> <!-- chronological-class-name -->
              <div class="configuration-class before">
                <span class="method-name">setup</span>
                <span class="method-start">22 ms</span>
              </div> <!-- configuration-class before -->
              <div class="test-method">
                <img src="failed.png">
                </img>
                <span class="method-name">VerifyiClientIsAbleToCloseCustomerLoadToVendor</span>
                <span class="method-start">11438 ms</span>
              </div> <!-- test-method -->
              <div class="test-method">
                <img src="failed.png">
                </img>
                <span class="method-name">VerifyiClientIsAbleToCloseCustomerLoadToDriver</span>
                <span class="method-start">33943 ms</span>
              </div> <!-- test-method -->
              <div class="test-method">
                <img src="failed.png">
                </img>
                <span class="method-name">VerifyiClientIsAbleToCloseCustomerLoadToBoth</span>
                <span class="method-start">56022 ms</span>
              </div> <!-- test-method -->
              <div class="test-method">
                <img src="failed.png">
                </img>
                <span class="method-name">VerifyiClientIsAbleToCloseMyLoadToDriver</span>
                <span class="method-start">78160 ms</span>
              </div> <!-- test-method -->
              <div class="test-method">
                <img src="failed.png">
                </img>
                <span class="method-name">VerifyiClientIsAbleToCloseMyLoadToBoth</span>
                <span class="method-start">100603 ms</span>
              </div> <!-- test-method -->
              <div class="test-method">
                <img src="failed.png">
                </img>
                <span class="method-name">VerifyiClientIsAbleToCloseMyLoadOfVendor</span>
                <span class="method-start">122816 ms</span>
              </div> <!-- test-method -->
              <div class="configuration-class after">
                <span class="method-name">tearDown</span>
                <span class="method-start">144827 ms</span>
              </div> <!-- configuration-class after -->
            </div> <!-- chronological-class -->
            <div class="chronological-class">
              <div class="chronological-class-name">tests.CreateLoadTest</div> <!-- chronological-class-name -->
              <div class="configuration-class before">
                <span class="method-name">setup</span>
                <span class="method-start">145161 ms</span>
              </div> <!-- configuration-class before -->
              <div class="test-method">
                <img src="failed.png">
                </img>
                <span class="method-name">VerifyiClientIsAbleToCreateMyLoad</span>
                <span class="method-start">154957 ms</span>
              </div> <!-- test-method -->
              <div class="test-method">
                <img src="failed.png">
                </img>
                <span class="method-name">VerifyClientIsAbleToCreateLoadOfNewCustomer</span>
                <span class="method-start">177305 ms</span>
              </div> <!-- test-method -->
              <div class="test-method">
                <img src="failed.png">
                </img>
                <span class="method-name">CreateLoadOfExistingCustomer</span>
                <span class="method-start">199328 ms</span>
              </div> <!-- test-method -->
              <div class="test-method">
                <img src="failed.png">
                </img>
                <span class="method-name">VerifyiClientIsAbleToAssignCustomerLoadToDriver</span>
                <span class="method-start">221828 ms</span>
              </div> <!-- test-method -->
              <div class="test-method">
                <img src="failed.png">
                </img>
                <span class="method-name">VerifyiClientIsAbleToAssignCustomerLoadToVendor</span>
                <span class="method-start">244315 ms</span>
              </div> <!-- test-method -->
              <div class="test-method">
                <img src="failed.png">
                </img>
                <span class="method-name">VerifyiClientIsAbleToAssignCustomerLoadToBoth</span>
                <span class="method-start">266339 ms</span>
              </div> <!-- test-method -->
              <div class="test-method">
                <img src="failed.png">
                </img>
                <span class="method-name">VerifyiClientIsAbleToAssignMyLoadToDriver</span>
                <span class="method-start">288859 ms</span>
              </div> <!-- test-method -->
              <div class="test-method">
                <img src="failed.png">
                </img>
                <span class="method-name">VerifyiClientIsAbleToAssignMyLoadBothCases</span>
                <span class="method-start">311305 ms</span>
              </div> <!-- test-method -->
              <div class="test-method">
                <img src="failed.png">
                </img>
                <span class="method-name">VerifyiClientIsAbleToAssignMyLoadToVendor</span>
                <span class="method-start">333338 ms</span>
              </div> <!-- test-method -->
              <div class="configuration-class after">
                <span class="method-name">tearDown</span>
                <span class="method-start">355828 ms</span>
              </div> <!-- configuration-class after -->
            </div> <!-- chronological-class -->
            <div class="chronological-class">
              <div class="chronological-class-name">tests.CustomerLoadTest</div> <!-- chronological-class-name -->
              <div class="configuration-class before">
                <span class="method-name">setup</span>
                <span class="method-start">356061 ms</span>
              </div> <!-- configuration-class before -->
              <div class="test-method">
                <span class="method-name">VerifyUserIsAbleToLogin</span>
                <span class="method-start">359057 ms</span>
              </div> <!-- test-method -->
              <div class="test-method">
                <img src="failed.png">
                </img>
                <span class="method-name">loadByDropdown</span>
                <span class="method-start">365612 ms</span>
              </div> <!-- test-method -->
              <div class="configuration-class after">
                <span class="method-name">tearDown</span>
                <span class="method-start">388039 ms</span>
              </div> <!-- configuration-class after -->
            </div> <!-- chronological-class -->
            <div class="chronological-class">
              <div class="chronological-class-name">tests.CustomerTest</div> <!-- chronological-class-name -->
              <div class="configuration-class before">
                <span class="method-name">setup</span>
                <span class="method-start">388291 ms</span>
              </div> <!-- configuration-class before -->
              <div class="test-method">
                <img src="failed.png">
                </img>
                <span class="method-name">VerifyUserIsAbleToLogin</span>
                <span class="method-start">391262 ms</span>
              </div> <!-- test-method -->
              <div class="test-method">
                <img src="failed.png">
                </img>
                <span class="method-name">VerifyUserIsAbleToAddCustomer</span>
                <span class="method-start">427499 ms</span>
              </div> <!-- test-method -->
              <div class="test-method">
                <img src="failed.png">
                </img>
                <span class="method-name">Dashboard</span>
                <span class="method-start">449959 ms</span>
              </div> <!-- test-method -->
              <div class="test-method">
                <img src="failed.png">
                </img>
                <span class="method-name">VerifyUserIsAbleToUpdateCustomer</span>
                <span class="method-start">470440 ms</span>
              </div> <!-- test-method -->
              <div class="configuration-class after">
                <span class="method-name">tearDown</span>
                <span class="method-start">490449 ms</span>
              </div> <!-- configuration-class after -->
            </div> <!-- chronological-class -->
            <div class="chronological-class">
              <div class="chronological-class-name">tests.DriverTest</div> <!-- chronological-class-name -->
              <div class="configuration-class before">
                <span class="method-name">setup</span>
                <span class="method-start">490619 ms</span>
              </div> <!-- configuration-class before -->
              <div class="test-method">
                <img src="failed.png">
                </img>
                <span class="method-name">VerifyUserIsAbleToAddDriver</span>
                <span class="method-start">500603 ms</span>
              </div> <!-- test-method -->
              <div class="test-method">
                <span class="method-name">DriverList</span>
                <span class="method-start">524632 ms</span>
              </div> <!-- test-method -->
              <div class="test-method">
                <img src="failed.png">
                </img>
                <span class="method-name">VerifyUserIsAbleToAddDriverUpdate</span>
                <span class="method-start">527060 ms</span>
              </div> <!-- test-method -->
              <div class="configuration-class after">
                <span class="method-name">tearDown</span>
                <span class="method-start">559512 ms</span>
              </div> <!-- configuration-class after -->
            </div> <!-- chronological-class -->
            <div class="chronological-class">
              <div class="chronological-class-name">tests.ImportAllMastersTest</div> <!-- chronological-class-name -->
              <div class="configuration-class before">
                <img src="failed.png">
                </img>
                <span class="method-name">setup</span>
                <span class="method-start">559741 ms</span>
              </div> <!-- configuration-class before -->
            </div> <!-- chronological-class -->
            <div class="chronological-class">
              <div class="chronological-class-name">tests.LoginSignUpTest</div> <!-- chronological-class-name -->
              <div class="configuration-class before">
                <span class="method-name">setup</span>
                <span class="method-start">600839 ms</span>
              </div> <!-- configuration-class before -->
            </div> <!-- chronological-class -->
            <div class="chronological-class">
              <div class="chronological-class-name">tests.ImportAllMastersTest</div> <!-- chronological-class-name -->
              <div class="configuration-class after">
                <span class="method-name">tearDown</span>
                <span class="method-start">600839 ms</span>
              </div> <!-- configuration-class after -->
              <div class="test-method">
                <span class="method-name">VerifyUserIsAbleToImportDriver</span>
                <span class="method-start">600839 ms</span>
              </div> <!-- test-method -->
            </div> <!-- chronological-class -->
            <div class="chronological-class">
              <div class="chronological-class-name">tests.LoginSignUpTest</div> <!-- chronological-class-name -->
              <div class="test-method">
                <img src="failed.png">
                </img>
                <span class="method-name">AVerifyUserIsAbleToLogin</span>
                <span class="method-start">603948 ms</span>
              </div> <!-- test-method -->
              <div class="configuration-class after">
                <span class="method-name">tearDown</span>
                <span class="method-start">610210 ms</span>
              </div> <!-- configuration-class after -->
            </div> <!-- chronological-class -->
            <div class="chronological-class">
              <div class="chronological-class-name">tests.MyLoadTest</div> <!-- chronological-class-name -->
              <div class="configuration-class before">
                <img src="failed.png">
                </img>
                <span class="method-name">setup</span>
                <span class="method-start">610643 ms</span>
              </div> <!-- configuration-class before -->
              <div class="test-method">
                <span class="method-name">VerifyiClientIsAbleToAssignMyLoadToDriver</span>
                <span class="method-start">649862 ms</span>
              </div> <!-- test-method -->
              <div class="test-method">
                <span class="method-name">VerifyiClientIsAbleToAssignMyLoadToBoth</span>
                <span class="method-start">649863 ms</span>
              </div> <!-- test-method -->
              <div class="configuration-class after">
                <span class="method-name">tearDown</span>
                <span class="method-start">649863 ms</span>
              </div> <!-- configuration-class after -->
              <div class="test-method">
                <span class="method-name">VerifyiClientIsAbleToAssignMyLoadToVendor</span>
                <span class="method-start">649863 ms</span>
              </div> <!-- test-method -->
              <div class="test-method">
                <span class="method-name">VerifyiClientIsAbleToAssignMyLoadToBothclose</span>
                <span class="method-start">649863 ms</span>
              </div> <!-- test-method -->
            </div> <!-- chronological-class -->
            <div class="chronological-class">
              <div class="chronological-class-name">tests.MyLoadToDriverTest</div> <!-- chronological-class-name -->
              <div class="configuration-class before">
                <span class="method-name">setup</span>
                <span class="method-start">649864 ms</span>
              </div> <!-- configuration-class before -->
              <div class="test-method">
                <img src="failed.png">
                </img>
                <span class="method-name">VerifyiClientIsAbleToAssignMyLoadToDriver</span>
                <span class="method-start">659353 ms</span>
              </div> <!-- test-method -->
              <div class="test-method">
                <img src="failed.png">
                </img>
                <span class="method-name">VerifyiClientIsAbleToAssignMyLoadToVendor</span>
                <span class="method-start">681409 ms</span>
              </div> <!-- test-method -->
              <div class="test-method">
                <img src="failed.png">
                </img>
                <span class="method-name">VerifyiClientIsAbleToAssignMyLoadToBoth</span>
                <span class="method-start">703890 ms</span>
              </div> <!-- test-method -->
              <div class="test-method">
                <img src="failed.png">
                </img>
                <span class="method-name">VerifyiClientIsAbleToAssignMyLoadToBothclose</span>
                <span class="method-start">726373 ms</span>
              </div> <!-- test-method -->
              <div class="configuration-class after">
                <span class="method-name">tearDown</span>
                <span class="method-start">748837 ms</span>
              </div> <!-- configuration-class after -->
            </div> <!-- chronological-class -->
            <div class="chronological-class">
              <div class="chronological-class-name">tests.TrailerTest</div> <!-- chronological-class-name -->
              <div class="configuration-class before">
                <span class="method-name">setup</span>
                <span class="method-start">749034 ms</span>
              </div> <!-- configuration-class before -->
              <div class="test-method">
                <span class="method-name">VerifyUserIsAbleToLogin</span>
                <span class="method-start">752186 ms</span>
              </div> <!-- test-method -->
              <div class="test-method">
                <img src="failed.png">
                </img>
                <span class="method-name">VerifyUserIsAbleToAddTrailer</span>
                <span class="method-start">758756 ms</span>
              </div> <!-- test-method -->
              <div class="test-method">
                <img src="failed.png">
                </img>
                <span class="method-name">AVerifyUserIsAbleToGoDasboard</span>
                <span class="method-start">779020 ms</span>
              </div> <!-- test-method -->
              <div class="configuration-class after">
                <span class="method-name">tearDown</span>
                <span class="method-start">799530 ms</span>
              </div> <!-- configuration-class after -->
            </div> <!-- chronological-class -->
            <div class="chronological-class">
              <div class="chronological-class-name">tests.TruckTest</div> <!-- chronological-class-name -->
              <div class="configuration-class before">
                <span class="method-name">setup</span>
                <span class="method-start">799776 ms</span>
              </div> <!-- configuration-class before -->
              <div class="test-method">
                <img src="failed.png">
                </img>
                <span class="method-name">VerifyUserIsAbleToLogin</span>
                <span class="method-start">802426 ms</span>
              </div> <!-- test-method -->
              <div class="test-method">
                <img src="failed.png">
                </img>
                <span class="method-name">VerifyUserIsAbleToAddTruck</span>
                <span class="method-start">838654 ms</span>
              </div> <!-- test-method -->
              <div class="test-method">
                <img src="failed.png">
                </img>
                <span class="method-name">AVerifyUserIsAbleToGoDasboard</span>
                <span class="method-start">859131 ms</span>
              </div> <!-- test-method -->
              <div class="configuration-class after">
                <span class="method-name">tearDown</span>
                <span class="method-start">879596 ms</span>
              </div> <!-- configuration-class after -->
            </div> <!-- chronological-class -->
            <div class="chronological-class">
              <div class="chronological-class-name">tests.UserTest</div> <!-- chronological-class-name -->
              <div class="configuration-class before">
                <span class="method-name">setup</span>
                <span class="method-start">879752 ms</span>
              </div> <!-- configuration-class before -->
              <div class="test-method">
                <img src="failed.png">
                </img>
                <span class="method-name">AVerifyUserIsAbleToLogin</span>
                <span class="method-start">882542 ms</span>
              </div> <!-- test-method -->
              <div class="test-method">
                <img src="failed.png">
                </img>
                <span class="method-name">BVerifyUserIsAbleToAddManager</span>
                <span class="method-start">921077 ms</span>
              </div> <!-- test-method -->
              <div class="test-method">
                <img src="failed.png">
                </img>
                <span class="method-name">CVerifyUserIsAbleToUploadDocument</span>
                <span class="method-start">928095 ms</span>
              </div> <!-- test-method -->
              <div class="test-method">
                <img src="failed.png">
                </img>
                <span class="method-name">DVerifyUserIsAbleToAddMasterSetting</span>
                <span class="method-start">930114 ms</span>
              </div> <!-- test-method -->
              <div class="test-method">
                <img src="failed.png">
                </img>
                <span class="method-name">EVerifyUserIsAbleToTaxClass</span>
                <span class="method-start">960317 ms</span>
              </div> <!-- test-method -->
              <div class="test-method">
                <img src="failed.png">
                </img>
                <span class="method-name">FVerifyAdminLogin</span>
                <span class="method-start">982819 ms</span>
              </div> <!-- test-method -->
              <div class="test-method">
                <img src="failed.png">
                </img>
                <span class="method-name">GVerifyIfAdminIsAbleToApproveClient</span>
                <span class="method-start">1015053 ms</span>
              </div> <!-- test-method -->
              <div class="configuration-class after">
                <span class="method-name">tearDown</span>
                <span class="method-start">1035071 ms</span>
              </div> <!-- configuration-class after -->
            </div> <!-- chronological-class -->
            <div class="chronological-class">
              <div class="chronological-class-name">tests.VendorTest</div> <!-- chronological-class-name -->
              <div class="configuration-class before">
                <span class="method-name">setup</span>
                <span class="method-start">1035290 ms</span>
              </div> <!-- configuration-class before -->
              <div class="test-method">
                <span class="method-name">VerifyUserIsAbleToLogin</span>
                <span class="method-start">1037962 ms</span>
              </div> <!-- test-method -->
              <div class="test-method">
                <img src="failed.png">
                </img>
                <span class="method-name">VerifyUserIsAbleToAddVendor</span>
                <span class="method-start">1044504 ms</span>
              </div> <!-- test-method -->
              <div class="test-method">
                <span class="method-name">DashboardVendorList</span>
                <span class="method-start">1064592 ms</span>
              </div> <!-- test-method -->
              <div class="configuration-class after">
                <span class="method-name">tearDown</span>
                <span class="method-start">1067465 ms</span>
              </div> <!-- configuration-class after -->
          </div> <!-- main-panel-content rounded-window-bottom -->
        </div> <!-- panel -->
      </div> <!-- main-panel-root -->
    </div> <!-- wrapper -->
  </body>
<script type="text/javascript" src="testng-reports2.js"></script>
</html>
